<?xml version="1.0" encoding="UTF-8"?>
<!-- Generated by org.testng.reporters.JUnitReportReporter -->
<testsuite hostname="Sparrow" failures="0" tests="1" name="login.DWS_WishList_09_Test" time="2.231" errors="1" timestamp="2023-11-04T11:52:02 IST" skipped="0">
  <testcase classname="login.DWS_WishList_09_Test" name="addproductToWishList" time="2.231">
    <error type="java.lang.StackOverflowError">
      <![CDATA[java.lang.StackOverflowError
at objectRepository.removeWishListPage.getSelectJewellery(removeWishListPage.java:33)
at objectRepository.removeWishListPage.getSelectJewellery(removeWishListPage.java:33)
at objectRepository.removeWishListPage.getSelectJewellery(removeWishListPage.java:33)
at objectRepository.removeWishListPage.getSelectJewellery(removeWishListPage.java:33)
at objectRepository.removeWishListPage.getSelectJewellery(removeWishListPage.java:33)
at objectRepository.removeWishListPage.getSelectJewellery(removeWishListPage.java:33)
at objectRepository.removeWishListPage.getSelectJewellery(removeWishListPage.java:33)
at objectRepository.removeWishListPage.getSelectJewellery(removeWishListPage.java:33)
at objectRepository.removeWishListPage.getSelectJewellery(removeWishListPage.java:33)
at objectRepository.removeWishListPage.getSelectJewellery(removeWishListPage.java:33)
at objectRepository.removeWishListPage.getSelectJewellery(removeWishListPage.java:33)
at objectRepository.removeWishListPage.getSelectJewellery(removeWishListPage.java:33)
at objectRepository.removeWishListPage.getSelectJewellery(removeWishListPage.java:33)
at objectRepository.removeWishListPage.getSelectJewellery(removeWishListPage.java:33)
at objectRepository.removeWishListPage.getSelectJewellery(removeWishListPage.java:33)
at objectRepository.removeWishListPage.getSelectJewellery(removeWishListPage.java:33)
at objectRepository.removeWishListPage.getSelectJewellery(removeWishListPage.java:33)
at objectRepository.removeWishListPage.getSelectJewellery(removeWishListPage.java:33)
at objectRepository.removeWishListPage.getSelectJewellery(removeWishListPage.java:33)
at objectRepository.removeWishListPage.getSelectJewellery(removeWishListPage.java:33)
at objectRepository.removeWishListPage.getSelectJewellery(removeWishListPage.java:33)
at objectRepository.removeWishListPage.getSelectJewellery(removeWishListPage.java:33)
at objectRepository.removeWishListPage.getSelectJewellery(removeWishListPage.java:33)
at objectRepository.removeWishListPage.getSelectJewellery(removeWishListPage.java:33)
at objectRepository.removeWishListPage.getSelectJewellery(removeWishListPage.java:33)
at objectRepository.removeWishListPage.getSelectJewellery(removeWishListPage.java:33)
at objectRepository.removeWishListPage.getSelectJewellery(removeWishListPage.java:33)
at objectRepository.removeWishListPage.getSelectJewellery(removeWishListPage.java:33)
at objectRepository.removeWishListPage.getSelectJewellery(removeWishListPage.java:33)
at objectRepository.removeWishListPage.getSelectJewellery(removeWishListPage.java:33)
at objectRepository.removeWishListPage.getSelectJewellery(removeWishListPage.java:33)
at objectRepository.removeWishListPage.getSelectJewellery(removeWishListPage.java:33)
at objectRepository.removeWishListPage.getSelectJewellery(removeWishListPage.java:33)
at objectRepository.removeWishListPage.getSelectJewellery(removeWishListPage.java:33)
at objectRepository.removeWishListPage.getSelectJewellery(removeWishListPage.java:33)
at objectRepository.removeWishListPage.getSelectJewellery(removeWishListPage.java:33)
at objectRepository.removeWishListPage.getSelectJewellery(removeWishListPage.java:33)
at objectRepository.removeWishListPage.getSelectJewellery(removeWishListPage.java:33)
at objectRepository.removeWishListPage.getSelectJewellery(removeWishListPage.java:33)
at objectRepository.removeWishListPage.getSelectJewellery(removeWishListPage.java:33)
at objectRepository.removeWishListPage.getSelectJewellery(removeWishListPage.java:33)
at objectRepository.removeWishListPage.getSelectJewellery(removeWishListPage.java:33)
at objectRepository.removeWishListPage.getSelectJewellery(removeWishListPage.java:33)
at objectRepository.removeWishListPage.getSelectJewellery(removeWishListPage.java:33)
at objectRepository.removeWishListPage.getSelectJewellery(removeWishListPage.java:33)
at objectRepository.removeWishListPage.getSelectJewellery(removeWishListPage.java:33)
at objectRepository.removeWishListPage.getSelectJewellery(removeWishListPage.java:33)
at objectRepository.removeWishListPage.getSelectJewellery(removeWishListPage.java:33)
at objectRepository.removeWishListPage.getSelectJewellery(removeWishListPage.java:33)
at objectRepository.removeWishListPage.getSelectJewellery(removeWishListPage.java:33)
at objectRepository.removeWishListPage.getSelectJewellery(removeWishListPage.java:33)
at objectRepository.removeWishListPage.getSelectJewellery(removeWishListPage.java:33)
at objectRepository.removeWishListPage.getSelectJewellery(removeWishListPage.java:33)
at objectRepository.removeWishListPage.getSelectJewellery(removeWishListPage.java:33)
at objectRepository.removeWishListPage.getSelectJewellery(removeWishListPage.java:33)
at objectRepository.removeWishListPage.getSelectJewellery(removeWishListPage.java:33)
at objectRepository.removeWishListPage.getSelectJewellery(removeWishListPage.java:33)
at objectRepository.removeWishListPage.getSelectJewellery(removeWishListPage.java:33)
at objectRepository.removeWishListPage.getSelectJewellery(removeWishListPage.java:33)
at objectRepository.removeWishListPage.getSelectJewellery(removeWishListPage.java:33)
at objectRepository.removeWishListPage.getSelectJewellery(removeWishListPage.java:33)
at objectRepository.removeWishListPage.getSelectJewellery(removeWishListPage.java:33)
at objectRepository.removeWishListPage.getSelectJewellery(removeWishListPage.java:33)
at objectRepository.removeWishListPage.getSelectJewellery(removeWishListPage.java:33)
at objectRepository.removeWishListPage.getSelectJewellery(removeWishListPage.java:33)
at objectRepository.removeWishListPage.getSelectJewellery(removeWishListPage.java:33)
at objectRepository.removeWishListPage.getSelectJewellery(removeWishListPage.java:33)
at objectRepository.removeWishListPage.getSelectJewellery(removeWishListPage.java:33)
at objectRepository.removeWishListPage.getSelectJewellery(removeWishListPage.java:33)
at objectRepository.removeWishListPage.getSelectJewellery(removeWishListPage.java:33)
at objectRepository.removeWishListPage.getSelectJewellery(removeWishListPage.java:33)
at objectRepository.removeWishListPage.getSelectJewellery(removeWishListPage.java:33)
at objectRepository.removeWishListPage.getSelectJewellery(removeWishListPage.java:33)
at objectRepository.removeWishListPage.getSelectJewellery(removeWishListPage.java:33)
at objectRepository.removeWishListPage.getSelectJewellery(removeWishListPage.java:33)
at objectRepository.removeWishListPage.getSelectJewellery(removeWishListPage.java:33)
at objectRepository.removeWishListPage.getSelectJewellery(removeWishListPage.java:33)
at objectRepository.removeWishListPage.getSelectJewellery(removeWishListPage.java:33)
at objectRepository.removeWishListPage.getSelectJewellery(removeWishListPage.java:33)
at objectRepository.removeWishListPage.getSelectJewellery(removeWishListPage.java:33)
at objectRepository.removeWishListPage.getSelectJewellery(removeWishListPage.java:33)
at objectRepository.removeWishListPage.getSelectJewellery(removeWishListPage.java:33)
at objectRepository.removeWishListPage.getSelectJewellery(removeWishListPage.java:33)
at objectRepository.removeWishListPage.getSelectJewellery(removeWishListPage.java:33)
at objectRepository.removeWishListPage.getSelectJewellery(removeWishListPage.java:33)
at objectRepository.removeWishListPage.getSelectJewellery(removeWishListPage.java:33)
at objectRepository.removeWishListPage.getSelectJewellery(removeWishListPage.java:33)
at objectRepository.removeWishListPage.getSelectJewellery(removeWishListPage.java:33)
at objectRepository.removeWishListPage.getSelectJewellery(removeWishListPage.java:33)
at objectRepository.removeWishListPage.getSelectJewellery(removeWishListPage.java:33)
at objectRepository.removeWishListPage.getSelectJewellery(removeWishListPage.java:33)
at objectRepository.removeWishListPage.getSelectJewellery(removeWishListPage.java:33)
at objectRepository.removeWishListPage.getSelectJewellery(removeWishListPage.java:33)
at objectRepository.removeWishListPage.getSelectJewellery(removeWishListPage.java:33)
at objectRepository.removeWishListPage.getSelectJewellery(removeWishListPage.java:33)
at objectRepository.removeWishListPage.getSelectJewellery(removeWishListPage.java:33)
at objectRepository.removeWishListPage.getSelectJewellery(removeWishListPage.java:33)
at objectRepository.removeWishListPage.getSelectJewellery(removeWishListPage.java:33)
at objectRepository.removeWishListPage.getSelectJewellery(removeWishListPage.java:33)
at objectRepository.removeWishListPage.getSelectJewellery(removeWishListPage.java:33)
at objectRepository.removeWishListPage.getSelectJewellery(removeWishListPage.java:33)
at objectRepository.removeWishListPage.getSelectJewellery(removeWishListPage.java:33)
at objectRepository.removeWishListPage.getSelectJewellery(removeWishListPage.java:33)
at objectRepository.removeWishListPage.getSelectJewellery(removeWishListPage.java:33)
at objectRepository.removeWishListPage.getSelectJewellery(removeWishListPage.java:33)
at objectRepository.removeWishListPage.getSelectJewellery(removeWishListPage.java:33)
at objectRepository.removeWishListPage.getSelectJewellery(removeWishListPage.java:33)
at objectRepository.removeWishListPage.getSelectJewellery(removeWishListPage.java:33)
at objectRepository.removeWishListPage.getSelectJewellery(removeWishListPage.java:33)
at objectRepository.removeWishListPage.getSelectJewellery(removeWishListPage.java:33)
at objectRepository.removeWishListPage.getSelectJewellery(removeWishListPage.java:33)
at objectRepository.removeWishListPage.getSelectJewellery(removeWishListPage.java:33)
at objectRepository.removeWishListPage.getSelectJewellery(removeWishListPage.java:33)
at objectRepository.removeWishListPage.getSelectJewellery(removeWishListPage.java:33)
at objectRepository.removeWishListPage.getSelectJewellery(removeWishListPage.java:33)
at objectRepository.removeWishListPage.getSelectJewellery(removeWishListPage.java:33)
at objectRepository.removeWishListPage.getSelectJewellery(removeWishListPage.java:33)
at objectRepository.removeWishListPage.getSelectJewellery(removeWishListPage.java:33)
at objectRepository.removeWishListPage.getSelectJewellery(removeWishListPage.java:33)
at objectRepository.removeWishListPage.getSelectJewellery(removeWishListPage.java:33)
at objectRepository.removeWishListPage.getSelectJewellery(removeWishListPage.java:33)
at objectRepository.removeWishListPage.getSelectJewellery(removeWishListPage.java:33)
at objectRepository.removeWishListPage.getSelectJewellery(removeWishListPage.java:33)
at objectRepository.removeWishListPage.getSelectJewellery(removeWishListPage.java:33)
at objectRepository.removeWishListPage.getSelectJewellery(removeWishListPage.java:33)
at objectRepository.removeWishListPage.getSelectJewellery(removeWishListPage.java:33)
at objectRepository.removeWishListPage.getSelectJewellery(removeWishListPage.java:33)
at objectRepository.removeWishListPage.getSelectJewellery(removeWishListPage.java:33)
at objectRepository.removeWishListPage.getSelectJewellery(removeWishListPage.java:33)
at objectRepository.removeWishListPage.getSelectJewellery(removeWishListPage.java:33)
at objectRepository.removeWishListPage.getSelectJewellery(removeWishListPage.java:33)
at objectRepository.removeWishListPage.getSelectJewellery(removeWishListPage.java:33)
at objectRepository.removeWishListPage.getSelectJewellery(removeWishListPage.java:33)
at objectRepository.removeWishListPage.getSelectJewellery(removeWishListPage.java:33)
at objectRepository.removeWishListPage.getSelectJewellery(removeWishListPage.java:33)
at objectRepository.removeWishListPage.getSelectJewellery(removeWishListPage.java:33)
at objectRepository.removeWishListPage.getSelectJewellery(removeWishListPage.java:33)
at objectRepository.removeWishListPage.getSelectJewellery(removeWishListPage.java:33)
at objectRepository.removeWishListPage.getSelectJewellery(removeWishListPage.java:33)
at objectRepository.removeWishListPage.getSelectJewellery(removeWishListPage.java:33)
at objectRepository.removeWishListPage.getSelectJewellery(removeWishListPage.java:33)
at objectRepository.removeWishListPage.getSelectJewellery(removeWishListPage.java:33)
at objectRepository.removeWishListPage.getSelectJewellery(removeWishListPage.java:33)
at objectRepository.removeWishListPage.getSelectJewellery(removeWishListPage.java:33)
at objectRepository.removeWishListPage.getSelectJewellery(removeWishListPage.java:33)
at objectRepository.removeWishListPage.getSelectJewellery(removeWishListPage.java:33)
at objectRepository.removeWishListPage.getSelectJewellery(removeWishListPage.java:33)
at objectRepository.removeWishListPage.getSelectJewellery(removeWishListPage.java:33)
at objectRepository.removeWishListPage.getSelectJewellery(removeWishListPage.java:33)
at objectRepository.removeWishListPage.getSelectJewellery(removeWishListPage.java:33)
at objectRepository.removeWishListPage.getSelectJewellery(removeWishListPage.java:33)
at objectRepository.removeWishListPage.getSelectJewellery(removeWishListPage.java:33)
at objectRepository.removeWishListPage.getSelectJewellery(removeWishListPage.java:33)
at objectRepository.removeWishListPage.getSelectJewellery(removeWishListPage.java:33)
at objectRepository.removeWishListPage.getSelectJewellery(removeWishListPage.java:33)
at objectRepository.removeWishListPage.getSelectJewellery(removeWishListPage.java:33)
at objectRepository.removeWishListPage.getSelectJewellery(removeWishListPage.java:33)
at objectRepository.removeWishListPage.getSelectJewellery(removeWishListPage.java:33)
at objectRepository.removeWishListPage.getSelectJewellery(removeWishListPage.java:33)
at objectRepository.removeWishListPage.getSelectJewellery(removeWishListPage.java:33)
at objectRepository.removeWishListPage.getSelectJewellery(removeWishListPage.java:33)
at objectRepository.removeWishListPage.getSelectJewellery(removeWishListPage.java:33)
at objectRepository.removeWishListPage.getSelectJewellery(removeWishListPage.java:33)
at objectRepository.removeWishListPage.getSelectJewellery(removeWishListPage.java:33)
at objectRepository.removeWishListPage.getSelectJewellery(removeWishListPage.java:33)
at objectRepository.removeWishListPage.getSelectJewellery(removeWishListPage.java:33)
at objectRepository.removeWishListPage.getSelectJewellery(removeWishListPage.java:33)
at objectRepository.removeWishListPage.getSelectJewellery(removeWishListPage.java:33)
at objectRepository.removeWishListPage.getSelectJewellery(removeWishListPage.java:33)
at objectRepository.removeWishListPage.getSelectJewellery(removeWishListPage.java:33)
at objectRepository.removeWishListPage.getSelectJewellery(removeWishListPage.java:33)
at objectRepository.removeWishListPage.getSelectJewellery(removeWishListPage.java:33)
at objectRepository.removeWishListPage.getSelectJewellery(removeWishListPage.java:33)
at objectRepository.removeWishListPage.getSelectJewellery(removeWishListPage.java:33)
at objectRepository.removeWishListPage.getSelectJewellery(removeWishListPage.java:33)
at objectRepository.removeWishListPage.getSelectJewellery(removeWishListPage.java:33)
at objectRepository.removeWishListPage.getSelectJewellery(removeWishListPage.java:33)
at objectRepository.removeWishListPage.getSelectJewellery(removeWishListPage.java:33)
at objectRepository.removeWishListPage.getSelectJewellery(removeWishListPage.java:33)
at objectRepository.removeWishListPage.getSelectJewellery(removeWishListPage.java:33)
at objectRepository.removeWishListPage.getSelectJewellery(removeWishListPage.java:33)
at objectRepository.removeWishListPage.getSelectJewellery(removeWishListPage.java:33)
at objectRepository.removeWishListPage.getSelectJewellery(removeWishListPage.java:33)
at objectRepository.removeWishListPage.getSelectJewellery(removeWishListPage.java:33)
at objectRepository.removeWishListPage.getSelectJewellery(removeWishListPage.java:33)
at objectRepository.removeWishListPage.getSelectJewellery(removeWishListPage.java:33)
at objectRepository.removeWishListPage.getSelectJewellery(removeWishListPage.java:33)
at objectRepository.removeWishListPage.getSelectJewellery(removeWishListPage.java:33)
at objectRepository.removeWishListPage.getSelectJewellery(removeWishListPage.java:33)
at objectRepository.removeWishListPage.getSelectJewellery(removeWishListPage.java:33)
at objectRepository.removeWishListPage.getSelectJewellery(removeWishListPage.java:33)
at objectRepository.removeWishListPage.getSelectJewellery(removeWishListPage.java:33)
at objectRepository.removeWishListPage.getSelectJewellery(removeWishListPage.java:33)
at objectRepository.removeWishListPage.getSelectJewellery(removeWishListPage.java:33)
at objectRepository.removeWishListPage.getSelectJewellery(removeWishListPage.java:33)
at objectRepository.removeWishListPage.getSelectJewellery(removeWishListPage.java:33)
at objectRepository.removeWishListPage.getSelectJewellery(removeWishListPage.java:33)
at objectRepository.removeWishListPage.getSelectJewellery(removeWishListPage.java:33)
at objectRepository.removeWishListPage.getSelectJewellery(removeWishListPage.java:33)
at objectRepository.removeWishListPage.getSelectJewellery(removeWishListPage.java:33)
at objectRepository.removeWishListPage.getSelectJewellery(removeWishListPage.java:33)
at objectRepository.removeWishListPage.getSelectJewellery(removeWishListPage.java:33)
at objectRepository.removeWishListPage.getSelectJewellery(removeWishListPage.java:33)
at objectRepository.removeWishListPage.getSelectJewellery(removeWishListPage.java:33)
at objectRepository.removeWishListPage.getSelectJewellery(removeWishListPage.java:33)
at objectRepository.removeWishListPage.getSelectJewellery(removeWishListPage.java:33)
at objectRepository.removeWishListPage.getSelectJewellery(removeWishListPage.java:33)
at objectRepository.removeWishListPage.getSelectJewellery(removeWishListPage.java:33)
at objectRepository.removeWishListPage.getSelectJewellery(removeWishListPage.java:33)
at objectRepository.removeWishListPage.getSelectJewellery(removeWishListPage.java:33)
at objectRepository.removeWishListPage.getSelectJewellery(removeWishListPage.java:33)
at objectRepository.removeWishListPage.getSelectJewellery(removeWishListPage.java:33)
at objectRepository.removeWishListPage.getSelectJewellery(removeWishListPage.java:33)
at objectRepository.removeWishListPage.getSelectJewellery(removeWishListPage.java:33)
at objectRepository.removeWishListPage.getSelectJewellery(removeWishListPage.java:33)
at objectRepository.removeWishListPage.getSelectJewellery(removeWishListPage.java:33)
at objectRepository.removeWishListPage.getSelectJewellery(removeWishListPage.java:33)
at objectRepository.removeWishListPage.getSelectJewellery(removeWishListPage.java:33)
at objectRepository.removeWishListPage.getSelectJewellery(removeWishListPage.java:33)
at objectRepository.removeWishListPage.getSelectJewellery(removeWishListPage.java:33)
at objectRepository.removeWishListPage.getSelectJewellery(removeWishListPage.java:33)
at objectRepository.removeWishListPage.getSelectJewellery(removeWishListPage.java:33)
at objectRepository.removeWishListPage.getSelectJewellery(removeWishListPage.java:33)
at objectRepository.removeWishListPage.getSelectJewellery(removeWishListPage.java:33)
at objectRepository.removeWishListPage.getSelectJewellery(removeWishListPage.java:33)
at objectRepository.removeWishListPage.getSelectJewellery(removeWishListPage.java:33)
at objectRepository.removeWishListPage.getSelectJewellery(removeWishListPage.java:33)
at objectRepository.removeWishListPage.getSelectJewellery(removeWishListPage.java:33)
at objectRepository.removeWishListPage.getSelectJewellery(removeWishListPage.java:33)
at objectRepository.removeWishListPage.getSelectJewellery(removeWishListPage.java:33)
at objectRepository.removeWishListPage.getSelectJewellery(removeWishListPage.java:33)
at objectRepository.removeWishListPage.getSelectJewellery(removeWishListPage.java:33)
at objectRepository.removeWishListPage.getSelectJewellery(removeWishListPage.java:33)
at objectRepository.removeWishListPage.getSelectJewellery(removeWishListPage.java:33)
at objectRepository.removeWishListPage.getSelectJewellery(removeWishListPage.java:33)
at objectRepository.removeWishListPage.getSelectJewellery(removeWishListPage.java:33)
at objectRepository.removeWishListPage.getSelectJewellery(removeWishListPage.java:33)
at objectRepository.removeWishListPage.getSelectJewellery(removeWishListPage.java:33)
at objectRepository.removeWishListPage.getSelectJewellery(removeWishListPage.java:33)
at objectRepository.removeWishListPage.getSelectJewellery(removeWishListPage.java:33)
at objectRepository.removeWishListPage.getSelectJewellery(removeWishListPage.java:33)
at objectRepository.removeWishListPage.getSelectJewellery(removeWishListPage.java:33)
at objectRepository.removeWishListPage.getSelectJewellery(removeWishListPage.java:33)
at objectRepository.removeWishListPage.getSelectJewellery(removeWishListPage.java:33)
at objectRepository.removeWishListPage.getSelectJewellery(removeWishListPage.java:33)
at objectRepository.removeWishListPage.getSelectJewellery(removeWishListPage.java:33)
at objectRepository.removeWishListPage.getSelectJewellery(removeWishListPage.java:33)
at objectRepository.removeWishListPage.getSelectJewellery(removeWishListPage.java:33)
at objectRepository.removeWishListPage.getSelectJewellery(removeWishListPage.java:33)
at objectRepository.removeWishListPage.getSelectJewellery(removeWishListPage.java:33)
at objectRepository.removeWishListPage.getSelectJewellery(removeWishListPage.java:33)
at objectRepository.removeWishListPage.getSelectJewellery(removeWishListPage.java:33)
at objectRepository.removeWishListPage.getSelectJewellery(removeWishListPage.java:33)
at objectRepository.removeWishListPage.getSelectJewellery(removeWishListPage.java:33)
at objectRepository.removeWishListPage.getSelectJewellery(removeWishListPage.java:33)
at objectRepository.removeWishListPage.getSelectJewellery(removeWishListPage.java:33)
at objectRepository.removeWishListPage.getSelectJewellery(removeWishListPage.java:33)
at objectRepository.removeWishListPage.getSelectJewellery(removeWishListPage.java:33)
at objectRepository.removeWishListPage.getSelectJewellery(removeWishListPage.java:33)
at objectRepository.removeWishListPage.getSelectJewellery(removeWishListPage.java:33)
at objectRepository.removeWishListPage.getSelectJewellery(removeWishListPage.java:33)
at objectRepository.removeWishListPage.getSelectJewellery(removeWishListPage.java:33)
at objectRepository.removeWishListPage.getSelectJewellery(removeWishListPage.java:33)
at objectRepository.removeWishListPage.getSelectJewellery(removeWishListPage.java:33)
at objectRepository.removeWishListPage.getSelectJewellery(removeWishListPage.java:33)
at objectRepository.removeWishListPage.getSelectJewellery(removeWishListPage.java:33)
at objectRepository.removeWishListPage.getSelectJewellery(removeWishListPage.java:33)
at objectRepository.removeWishListPage.getSelectJewellery(removeWishListPage.java:33)
at objectRepository.removeWishListPage.getSelectJewellery(removeWishListPage.java:33)
at objectRepository.removeWishListPage.getSelectJewellery(removeWishListPage.java:33)
at objectRepository.removeWishListPage.getSelectJewellery(removeWishListPage.java:33)
at objectRepository.removeWishListPage.getSelectJewellery(removeWishListPage.java:33)
at objectRepository.removeWishListPage.getSelectJewellery(removeWishListPage.java:33)
at objectRepository.removeWishListPage.getSelectJewellery(removeWishListPage.java:33)
at objectRepository.removeWishListPage.getSelectJewellery(removeWishListPage.java:33)
at objectRepository.removeWishListPage.getSelectJewellery(removeWishListPage.java:33)
at objectRepository.removeWishListPage.getSelectJewellery(removeWishListPage.java:33)
at objectRepository.removeWishListPage.getSelectJewellery(removeWishListPage.java:33)
at objectRepository.removeWishListPage.getSelectJewellery(removeWishListPage.java:33)
at objectRepository.removeWishListPage.getSelectJewellery(removeWishListPage.java:33)
at objectRepository.removeWishListPage.getSelectJewellery(removeWishListPage.java:33)
at objectRepository.removeWishListPage.getSelectJewellery(removeWishListPage.java:33)
at objectRepository.removeWishListPage.getSelectJewellery(removeWishListPage.java:33)
at objectRepository.removeWishListPage.getSelectJewellery(removeWishListPage.java:33)
at objectRepository.removeWishListPage.getSelectJewellery(removeWishListPage.java:33)
at objectRepository.removeWishListPage.getSelectJewellery(removeWishListPage.java:33)
at objectRepository.removeWishListPage.getSelectJewellery(removeWishListPage.java:33)
at objectRepository.removeWishListPage.getSelectJewellery(removeWishListPage.java:33)
at objectRepository.removeWishListPage.getSelectJewellery(removeWishListPage.java:33)
at objectRepository.removeWishListPage.getSelectJewellery(removeWishListPage.java:33)
at objectRepository.removeWishListPage.getSelectJewellery(removeWishListPage.java:33)
at objectRepository.removeWishListPage.getSelectJewellery(removeWishListPage.java:33)
at objectRepository.removeWishListPage.getSelectJewellery(removeWishListPage.java:33)
at objectRepository.removeWishListPage.getSelectJewellery(removeWishListPage.java:33)
at objectRepository.removeWishListPage.getSelectJewellery(removeWishListPage.java:33)
at objectRepository.removeWishListPage.getSelectJewellery(removeWishListPage.java:33)
at objectRepository.removeWishListPage.getSelectJewellery(removeWishListPage.java:33)
at objectRepository.removeWishListPage.getSelectJewellery(removeWishListPage.java:33)
at objectRepository.removeWishListPage.getSelectJewellery(removeWishListPage.java:33)
at objectRepository.removeWishListPage.getSelectJewellery(removeWishListPage.java:33)
at objectRepository.removeWishListPage.getSelectJewellery(removeWishListPage.java:33)
at objectRepository.removeWishListPage.getSelectJewellery(removeWishListPage.java:33)
at objectRepository.removeWishListPage.getSelectJewellery(removeWishListPage.java:33)
at objectRepository.removeWishListPage.getSelectJewellery(removeWishListPage.java:33)
at objectRepository.removeWishListPage.getSelectJewellery(removeWishListPage.java:33)
at objectRepository.removeWishListPage.getSelectJewellery(removeWishListPage.java:33)
at objectRepository.removeWishListPage.getSelectJewellery(removeWishListPage.java:33)
at objectRepository.removeWishListPage.getSelectJewellery(removeWishListPage.java:33)
at objectRepository.removeWishListPage.getSelectJewellery(removeWishListPage.java:33)
at objectRepository.removeWishListPage.getSelectJewellery(removeWishListPage.java:33)
at objectRepository.removeWishListPage.getSelectJewellery(removeWishListPage.java:33)
at objectRepository.removeWishListPage.getSelectJewellery(removeWishListPage.java:33)
at objectRepository.removeWishListPage.getSelectJewellery(removeWishListPage.java:33)
at objectRepository.removeWishListPage.getSelectJewellery(removeWishListPage.java:33)
at objectRepository.removeWishListPage.getSelectJewellery(removeWishListPage.java:33)
at objectRepository.removeWishListPage.getSelectJewellery(removeWishListPage.java:33)
at objectRepository.removeWishListPage.getSelectJewellery(removeWishListPage.java:33)
at objectRepository.removeWishListPage.getSelectJewellery(removeWishListPage.java:33)
at objectRepository.removeWishListPage.getSelectJewellery(removeWishListPage.java:33)
at objectRepository.removeWishListPage.getSelectJewellery(removeWishListPage.java:33)
at objectRepository.removeWishListPage.getSelectJewellery(removeWishListPage.java:33)
at objectRepository.removeWishListPage.getSelectJewellery(removeWishListPage.java:33)
at objectRepository.removeWishListPage.getSelectJewellery(removeWishListPage.java:33)
at objectRepository.removeWishListPage.getSelectJewellery(removeWishListPage.java:33)
at objectRepository.removeWishListPage.getSelectJewellery(removeWishListPage.java:33)
at objectRepository.removeWishListPage.getSelectJewellery(removeWishListPage.java:33)
at objectRepository.removeWishListPage.getSelectJewellery(removeWishListPage.java:33)
at objectRepository.removeWishListPage.getSelectJewellery(removeWishListPage.java:33)
at objectRepository.removeWishListPage.getSelectJewellery(removeWishListPage.java:33)
at objectRepository.removeWishListPage.getSelectJewellery(removeWishListPage.java:33)
at objectRepository.removeWishListPage.getSelectJewellery(removeWishListPage.java:33)
at objectRepository.removeWishListPage.getSelectJewellery(removeWishListPage.java:33)
at objectRepository.removeWishListPage.getSelectJewellery(removeWishListPage.java:33)
at objectRepository.removeWishListPage.getSelectJewellery(removeWishListPage.java:33)
at objectRepository.removeWishListPage.getSelectJewellery(removeWishListPage.java:33)
at objectRepository.removeWishListPage.getSelectJewellery(removeWishListPage.java:33)
at objectRepository.removeWishListPage.getSelectJewellery(removeWishListPage.java:33)
at objectRepository.removeWishListPage.getSelectJewellery(removeWishListPage.java:33)
at objectRepository.removeWishListPage.getSelectJewellery(removeWishListPage.java:33)
at objectRepository.removeWishListPage.getSelectJewellery(removeWishListPage.java:33)
at objectRepository.removeWishListPage.getSelectJewellery(removeWishListPage.java:33)
at objectRepository.removeWishListPage.getSelectJewellery(removeWishListPage.java:33)
at objectRepository.removeWishListPage.getSelectJewellery(removeWishListPage.java:33)
at objectRepository.removeWishListPage.getSelectJewellery(removeWishListPage.java:33)
at objectRepository.removeWishListPage.getSelectJewellery(removeWishListPage.java:33)
at objectRepository.removeWishListPage.getSelectJewellery(removeWishListPage.java:33)
at objectRepository.removeWishListPage.getSelectJewellery(removeWishListPage.java:33)
at objectRepository.removeWishListPage.getSelectJewellery(removeWishListPage.java:33)
at objectRepository.removeWishListPage.getSelectJewellery(removeWishListPage.java:33)
at objectRepository.removeWishListPage.getSelectJewellery(removeWishListPage.java:33)
at objectRepository.removeWishListPage.getSelectJewellery(removeWishListPage.java:33)
at objectRepository.removeWishListPage.getSelectJewellery(removeWishListPage.java:33)
at objectRepository.removeWishListPage.getSelectJewellery(removeWishListPage.java:33)
at objectRepository.removeWishListPage.getSelectJewellery(removeWishListPage.java:33)
at objectRepository.removeWishListPage.getSelectJewellery(removeWishListPage.java:33)
at objectRepository.removeWishListPage.getSelectJewellery(removeWishListPage.java:33)
at objectRepository.removeWishListPage.getSelectJewellery(removeWishListPage.java:33)
at objectRepository.removeWishListPage.getSelectJewellery(removeWishListPage.java:33)
at objectRepository.removeWishListPage.getSelectJewellery(removeWishListPage.java:33)
at objectRepository.removeWishListPage.getSelectJewellery(removeWishListPage.java:33)
at objectRepository.removeWishListPage.getSelectJewellery(removeWishListPage.java:33)
at objectRepository.removeWishListPage.getSelectJewellery(removeWishListPage.java:33)
at objectRepository.removeWishListPage.getSelectJewellery(removeWishListPage.java:33)
at objectRepository.removeWishListPage.getSelectJewellery(removeWishListPage.java:33)
at objectRepository.removeWishListPage.getSelectJewellery(removeWishListPage.java:33)
at objectRepository.removeWishListPage.getSelectJewellery(removeWishListPage.java:33)
at objectRepository.removeWishListPage.getSelectJewellery(removeWishListPage.java:33)
at objectRepository.removeWishListPage.getSelectJewellery(removeWishListPage.java:33)
at objectRepository.removeWishListPage.getSelectJewellery(removeWishListPage.java:33)
at objectRepository.removeWishListPage.getSelectJewellery(removeWishListPage.java:33)
at objectRepository.removeWishListPage.getSelectJewellery(removeWishListPage.java:33)
at objectRepository.removeWishListPage.getSelectJewellery(removeWishListPage.java:33)
at objectRepository.removeWishListPage.getSelectJewellery(removeWishListPage.java:33)
at objectRepository.removeWishListPage.getSelectJewellery(removeWishListPage.java:33)
at objectRepository.removeWishListPage.getSelectJewellery(removeWishListPage.java:33)
at objectRepository.removeWishListPage.getSelectJewellery(removeWishListPage.java:33)
at objectRepository.removeWishListPage.getSelectJewellery(removeWishListPage.java:33)
at objectRepository.removeWishListPage.getSelectJewellery(removeWishListPage.java:33)
at objectRepository.removeWishListPage.getSelectJewellery(removeWishListPage.java:33)
at objectRepository.removeWishListPage.getSelectJewellery(removeWishListPage.java:33)
at objectRepository.removeWishListPage.getSelectJewellery(removeWishListPage.java:33)
at objectRepository.removeWishListPage.getSelectJewellery(removeWishListPage.java:33)
at objectRepository.removeWishListPage.getSelectJewellery(removeWishListPage.java:33)
at objectRepository.removeWishListPage.getSelectJewellery(removeWishListPage.java:33)
at objectRepository.removeWishListPage.getSelectJewellery(removeWishListPage.java:33)
at objectRepository.removeWishListPage.getSelectJewellery(removeWishListPage.java:33)
at objectRepository.removeWishListPage.getSelectJewellery(removeWishListPage.java:33)
at objectRepository.removeWishListPage.getSelectJewellery(removeWishListPage.java:33)
at objectRepository.removeWishListPage.getSelectJewellery(removeWishListPage.java:33)
at objectRepository.removeWishListPage.getSelectJewellery(removeWishListPage.java:33)
at objectRepository.removeWishListPage.getSelectJewellery(removeWishListPage.java:33)
at objectRepository.removeWishListPage.getSelectJewellery(removeWishListPage.java:33)
at objectRepository.removeWishListPage.getSelectJewellery(removeWishListPage.java:33)
at objectRepository.removeWishListPage.getSelectJewellery(removeWishListPage.java:33)
at objectRepository.removeWishListPage.getSelectJewellery(removeWishListPage.java:33)
at objectRepository.removeWishListPage.getSelectJewellery(removeWishListPage.java:33)
at objectRepository.removeWishListPage.getSelectJewellery(removeWishListPage.java:33)
at objectRepository.removeWishListPage.getSelectJewellery(removeWishListPage.java:33)
at objectRepository.removeWishListPage.getSelectJewellery(removeWishListPage.java:33)
at objectRepository.removeWishListPage.getSelectJewellery(removeWishListPage.java:33)
at objectRepository.removeWishListPage.getSelectJewellery(removeWishListPage.java:33)
at objectRepository.removeWishListPage.getSelectJewellery(removeWishListPage.java:33)
at objectRepository.removeWishListPage.getSelectJewellery(removeWishListPage.java:33)
at objectRepository.removeWishListPage.getSelectJewellery(removeWishListPage.java:33)
at objectRepository.removeWishListPage.getSelectJewellery(removeWishListPage.java:33)
at objectRepository.removeWishListPage.getSelectJewellery(removeWishListPage.java:33)
at objectRepository.removeWishListPage.getSelectJewellery(removeWishListPage.java:33)
at objectRepository.removeWishListPage.getSelectJewellery(removeWishListPage.java:33)
at objectRepository.removeWishListPage.getSelectJewellery(removeWishListPage.java:33)
at objectRepository.removeWishListPage.getSelectJewellery(removeWishListPage.java:33)
at objectRepository.removeWishListPage.getSelectJewellery(removeWishListPage.java:33)
at objectRepository.removeWishListPage.getSelectJewellery(removeWishListPage.java:33)
at objectRepository.removeWishListPage.getSelectJewellery(removeWishListPage.java:33)
at objectRepository.removeWishListPage.getSelectJewellery(removeWishListPage.java:33)
at objectRepository.removeWishListPage.getSelectJewellery(removeWishListPage.java:33)
at objectRepository.removeWishListPage.getSelectJewellery(removeWishListPage.java:33)
at objectRepository.removeWishListPage.getSelectJewellery(removeWishListPage.java:33)
at objectRepository.removeWishListPage.getSelectJewellery(removeWishListPage.java:33)
at objectRepository.removeWishListPage.getSelectJewellery(removeWishListPage.java:33)
at objectRepository.removeWishListPage.getSelectJewellery(removeWishListPage.java:33)
at objectRepository.removeWishListPage.getSelectJewellery(removeWishListPage.java:33)
at objectRepository.removeWishListPage.getSelectJewellery(removeWishListPage.java:33)
at objectRepository.removeWishListPage.getSelectJewellery(removeWishListPage.java:33)
at objectRepository.removeWishListPage.getSelectJewellery(removeWishListPage.java:33)
at objectRepository.removeWishListPage.getSelectJewellery(removeWishListPage.java:33)
at objectRepository.removeWishListPage.getSelectJewellery(removeWishListPage.java:33)
at objectRepository.removeWishListPage.getSelectJewellery(removeWishListPage.java:33)
at objectRepository.removeWishListPage.getSelectJewellery(removeWishListPage.java:33)
at objectRepository.removeWishListPage.getSelectJewellery(removeWishListPage.java:33)
at objectRepository.removeWishListPage.getSelectJewellery(removeWishListPage.java:33)
at objectRepository.removeWishListPage.getSelectJewellery(removeWishListPage.java:33)
at objectRepository.removeWishListPage.getSelectJewellery(removeWishListPage.java:33)
at objectRepository.removeWishListPage.getSelectJewellery(removeWishListPage.java:33)
at objectRepository.removeWishListPage.getSelectJewellery(removeWishListPage.java:33)
at objectRepository.removeWishListPage.getSelectJewellery(removeWishListPage.java:33)
at objectRepository.removeWishListPage.getSelectJewellery(removeWishListPage.java:33)
at objectRepository.removeWishListPage.getSelectJewellery(removeWishListPage.java:33)
at objectRepository.removeWishListPage.getSelectJewellery(removeWishListPage.java:33)
at objectRepository.removeWishListPage.getSelectJewellery(removeWishListPage.java:33)
at objectRepository.removeWishListPage.getSelectJewellery(removeWishListPage.java:33)
at objectRepository.removeWishListPage.getSelectJewellery(removeWishListPage.java:33)
at objectRepository.removeWishListPage.getSelectJewellery(removeWishListPage.java:33)
at objectRepository.removeWishListPage.getSelectJewellery(removeWishListPage.java:33)
at objectRepository.removeWishListPage.getSelectJewellery(removeWishListPage.java:33)
at objectRepository.removeWishListPage.getSelectJewellery(removeWishListPage.java:33)
at objectRepository.removeWishListPage.getSelectJewellery(removeWishListPage.java:33)
at objectRepository.removeWishListPage.getSelectJewellery(removeWishListPage.java:33)
at objectRepository.removeWishListPage.getSelectJewellery(removeWishListPage.java:33)
at objectRepository.removeWishListPage.getSelectJewellery(removeWishListPage.java:33)
at objectRepository.removeWishListPage.getSelectJewellery(removeWishListPage.java:33)
at objectRepository.removeWishListPage.getSelectJewellery(removeWishListPage.java:33)
at objectRepository.removeWishListPage.getSelectJewellery(removeWishListPage.java:33)
at objectRepository.removeWishListPage.getSelectJewellery(removeWishListPage.java:33)
at objectRepository.removeWishListPage.getSelectJewellery(removeWishListPage.java:33)
at objectRepository.removeWishListPage.getSelectJewellery(removeWishListPage.java:33)
at objectRepository.removeWishListPage.getSelectJewellery(removeWishListPage.java:33)
at objectRepository.removeWishListPage.getSelectJewellery(removeWishListPage.java:33)
at objectRepository.removeWishListPage.getSelectJewellery(removeWishListPage.java:33)
at objectRepository.removeWishListPage.getSelectJewellery(removeWishListPage.java:33)
at objectRepository.removeWishListPage.getSelectJewellery(removeWishListPage.java:33)
at objectRepository.removeWishListPage.getSelectJewellery(removeWishListPage.java:33)
at objectRepository.removeWishListPage.getSelectJewellery(removeWishListPage.java:33)
at objectRepository.removeWishListPage.getSelectJewellery(removeWishListPage.java:33)
at objectRepository.removeWishListPage.getSelectJewellery(removeWishListPage.java:33)
at objectRepository.removeWishListPage.getSelectJewellery(removeWishListPage.java:33)
at objectRepository.removeWishListPage.getSelectJewellery(removeWishListPage.java:33)
at objectRepository.removeWishListPage.getSelectJewellery(removeWishListPage.java:33)
at objectRepository.removeWishListPage.getSelectJewellery(removeWishListPage.java:33)
at objectRepository.removeWishListPage.getSelectJewellery(removeWishListPage.java:33)
at objectRepository.removeWishListPage.getSelectJewellery(removeWishListPage.java:33)
at objectRepository.removeWishListPage.getSelectJewellery(removeWishListPage.java:33)
at objectRepository.removeWishListPage.getSelectJewellery(removeWishListPage.java:33)
at objectRepository.removeWishListPage.getSelectJewellery(removeWishListPage.java:33)
at objectRepository.removeWishListPage.getSelectJewellery(removeWishListPage.java:33)
at objectRepository.removeWishListPage.getSelectJewellery(removeWishListPage.java:33)
at objectRepository.removeWishListPage.getSelectJewellery(removeWishListPage.java:33)
at objectRepository.removeWishListPage.getSelectJewellery(removeWishListPage.java:33)
at objectRepository.removeWishListPage.getSelectJewellery(removeWishListPage.java:33)
at objectRepository.removeWishListPage.getSelectJewellery(removeWishListPage.java:33)
at objectRepository.removeWishListPage.getSelectJewellery(removeWishListPage.java:33)
at objectRepository.removeWishListPage.getSelectJewellery(removeWishListPage.java:33)
at objectRepository.removeWishListPage.getSelectJewellery(removeWishListPage.java:33)
at objectRepository.removeWishListPage.getSelectJewellery(removeWishListPage.java:33)
at objectRepository.removeWishListPage.getSelectJewellery(removeWishListPage.java:33)
at objectRepository.removeWishListPage.getSelectJewellery(removeWishListPage.java:33)
at objectRepository.removeWishListPage.getSelectJewellery(removeWishListPage.java:33)
at objectRepository.removeWishListPage.getSelectJewellery(removeWishListPage.java:33)
at objectRepository.removeWishListPage.getSelectJewellery(removeWishListPage.java:33)
at objectRepository.removeWishListPage.getSelectJewellery(removeWishListPage.java:33)
at objectRepository.removeWishListPage.getSelectJewellery(removeWishListPage.java:33)
at objectRepository.removeWishListPage.getSelectJewellery(removeWishListPage.java:33)
at objectRepository.removeWishListPage.getSelectJewellery(removeWishListPage.java:33)
at objectRepository.removeWishListPage.getSelectJewellery(removeWishListPage.java:33)
at objectRepository.removeWishListPage.getSelectJewellery(removeWishListPage.java:33)
at objectRepository.removeWishListPage.getSelectJewellery(removeWishListPage.java:33)
at objectRepository.removeWishListPage.getSelectJewellery(removeWishListPage.java:33)
at objectRepository.removeWishListPage.getSelectJewellery(removeWishListPage.java:33)
at objectRepository.removeWishListPage.getSelectJewellery(removeWishListPage.java:33)
at objectRepository.removeWishListPage.getSelectJewellery(removeWishListPage.java:33)
at objectRepository.removeWishListPage.getSelectJewellery(removeWishListPage.java:33)
at objectRepository.removeWishListPage.getSelectJewellery(removeWishListPage.java:33)
at objectRepository.removeWishListPage.getSelectJewellery(removeWishListPage.java:33)
at objectRepository.removeWishListPage.getSelectJewellery(removeWishListPage.java:33)
at objectRepository.removeWishListPage.getSelectJewellery(removeWishListPage.java:33)
at objectRepository.removeWishListPage.getSelectJewellery(removeWishListPage.java:33)
at objectRepository.removeWishListPage.getSelectJewellery(removeWishListPage.java:33)
at objectRepository.removeWishListPage.getSelectJewellery(removeWishListPage.java:33)
at objectRepository.removeWishListPage.getSelectJewellery(removeWishListPage.java:33)
at objectRepository.removeWishListPage.getSelectJewellery(removeWishListPage.java:33)
at objectRepository.removeWishListPage.getSelectJewellery(removeWishListPage.java:33)
at objectRepository.removeWishListPage.getSelectJewellery(removeWishListPage.java:33)
at objectRepository.removeWishListPage.getSelectJewellery(removeWishListPage.java:33)
at objectRepository.removeWishListPage.getSelectJewellery(removeWishListPage.java:33)
at objectRepository.removeWishListPage.getSelectJewellery(removeWishListPage.java:33)
at objectRepository.removeWishListPage.getSelectJewellery(removeWishListPage.java:33)
at objectRepository.removeWishListPage.getSelectJewellery(removeWishListPage.java:33)
at objectRepository.removeWishListPage.getSelectJewellery(removeWishListPage.java:33)
at objectRepository.removeWishListPage.getSelectJewellery(removeWishListPage.java:33)
at objectRepository.removeWishListPage.getSelectJewellery(removeWishListPage.java:33)
at objectRepository.removeWishListPage.getSelectJewellery(removeWishListPage.java:33)
at objectRepository.removeWishListPage.getSelectJewellery(removeWishListPage.java:33)
at objectRepository.removeWishListPage.getSelectJewellery(removeWishListPage.java:33)
at objectRepository.removeWishListPage.getSelectJewellery(removeWishListPage.java:33)
at objectRepository.removeWishListPage.getSelectJewellery(removeWishListPage.java:33)
at objectRepository.removeWishListPage.getSelectJewellery(removeWishListPage.java:33)
at objectRepository.removeWishListPage.getSelectJewellery(removeWishListPage.java:33)
at objectRepository.removeWishListPage.getSelectJewellery(removeWishListPage.java:33)
at objectRepository.removeWishListPage.getSelectJewellery(removeWishListPage.java:33)
at objectRepository.removeWishListPage.getSelectJewellery(removeWishListPage.java:33)
at objectRepository.removeWishListPage.getSelectJewellery(removeWishListPage.java:33)
at objectRepository.removeWishListPage.getSelectJewellery(removeWishListPage.java:33)
at objectRepository.removeWishListPage.getSelectJewellery(removeWishListPage.java:33)
at objectRepository.removeWishListPage.getSelectJewellery(removeWishListPage.java:33)
at objectRepository.removeWishListPage.getSelectJewellery(removeWishListPage.java:33)
at objectRepository.removeWishListPage.getSelectJewellery(removeWishListPage.java:33)
at objectRepository.removeWishListPage.getSelectJewellery(removeWishListPage.java:33)
at objectRepository.removeWishListPage.getSelectJewellery(removeWishListPage.java:33)
at objectRepository.removeWishListPage.getSelectJewellery(removeWishListPage.java:33)
at objectRepository.removeWishListPage.getSelectJewellery(removeWishListPage.java:33)
at objectRepository.removeWishListPage.getSelectJewellery(removeWishListPage.java:33)
at objectRepository.removeWishListPage.getSelectJewellery(removeWishListPage.java:33)
at objectRepository.removeWishListPage.getSelectJewellery(removeWishListPage.java:33)
at objectRepository.removeWishListPage.getSelectJewellery(removeWishListPage.java:33)
at objectRepository.removeWishListPage.getSelectJewellery(removeWishListPage.java:33)
at objectRepository.removeWishListPage.getSelectJewellery(removeWishListPage.java:33)
at objectRepository.removeWishListPage.getSelectJewellery(removeWishListPage.java:33)
at objectRepository.removeWishListPage.getSelectJewellery(removeWishListPage.java:33)
at objectRepository.removeWishListPage.getSelectJewellery(removeWishListPage.java:33)
at objectRepository.removeWishListPage.getSelectJewellery(removeWishListPage.java:33)
at objectRepository.removeWishListPage.getSelectJewellery(removeWishListPage.java:33)
at objectRepository.removeWishListPage.getSelectJewellery(removeWishListPage.java:33)
at objectRepository.removeWishListPage.getSelectJewellery(removeWishListPage.java:33)
at objectRepository.removeWishListPage.getSelectJewellery(removeWishListPage.java:33)
at objectRepository.removeWishListPage.getSelectJewellery(removeWishListPage.java:33)
at objectRepository.removeWishListPage.getSelectJewellery(removeWishListPage.java:33)
at objectRepository.removeWishListPage.getSelectJewellery(removeWishListPage.java:33)
at objectRepository.removeWishListPage.getSelectJewellery(removeWishListPage.java:33)
at objectRepository.removeWishListPage.getSelectJewellery(removeWishListPage.java:33)
at objectRepository.removeWishListPage.getSelectJewellery(removeWishListPage.java:33)
at objectRepository.removeWishListPage.getSelectJewellery(removeWishListPage.java:33)
at objectRepository.removeWishListPage.getSelectJewellery(removeWishListPage.java:33)
at objectRepository.removeWishListPage.getSelectJewellery(removeWishListPage.java:33)
at objectRepository.removeWishListPage.getSelectJewellery(removeWishListPage.java:33)
at objectRepository.removeWishListPage.getSelectJewellery(removeWishListPage.java:33)
at objectRepository.removeWishListPage.getSelectJewellery(removeWishListPage.java:33)
at objectRepository.removeWishListPage.getSelectJewellery(removeWishListPage.java:33)
at objectRepository.removeWishListPage.getSelectJewellery(removeWishListPage.java:33)
at objectRepository.removeWishListPage.getSelectJewellery(removeWishListPage.java:33)
at objectRepository.removeWishListPage.getSelectJewellery(removeWishListPage.java:33)
at objectRepository.removeWishListPage.getSelectJewellery(removeWishListPage.java:33)
at objectRepository.removeWishListPage.getSelectJewellery(removeWishListPage.java:33)
at objectRepository.removeWishListPage.getSelectJewellery(removeWishListPage.java:33)
at objectRepository.removeWishListPage.getSelectJewellery(removeWishListPage.java:33)
at objectRepository.removeWishListPage.getSelectJewellery(removeWishListPage.java:33)
at objectRepository.removeWishListPage.getSelectJewellery(removeWishListPage.java:33)
at objectRepository.removeWishListPage.getSelectJewellery(removeWishListPage.java:33)
at objectRepository.removeWishListPage.getSelectJewellery(removeWishListPage.java:33)
at objectRepository.removeWishListPage.getSelectJewellery(removeWishListPage.java:33)
at objectRepository.removeWishListPage.getSelectJewellery(removeWishListPage.java:33)
at objectRepository.removeWishListPage.getSelectJewellery(removeWishListPage.java:33)
at objectRepository.removeWishListPage.getSelectJewellery(removeWishListPage.java:33)
at objectRepository.removeWishListPage.getSelectJewellery(removeWishListPage.java:33)
at objectRepository.removeWishListPage.getSelectJewellery(removeWishListPage.java:33)
at objectRepository.removeWishListPage.getSelectJewellery(removeWishListPage.java:33)
at objectRepository.removeWishListPage.getSelectJewellery(removeWishListPage.java:33)
at objectRepository.removeWishListPage.getSelectJewellery(removeWishListPage.java:33)
at objectRepository.removeWishListPage.getSelectJewellery(removeWishListPage.java:33)
at objectRepository.removeWishListPage.getSelectJewellery(removeWishListPage.java:33)
at objectRepository.removeWishListPage.getSelectJewellery(removeWishListPage.java:33)
at objectRepository.removeWishListPage.getSelectJewellery(removeWishListPage.java:33)
at objectRepository.removeWishListPage.getSelectJewellery(removeWishListPage.java:33)
at objectRepository.removeWishListPage.getSelectJewellery(removeWishListPage.java:33)
at objectRepository.removeWishListPage.getSelectJewellery(removeWishListPage.java:33)
at objectRepository.removeWishListPage.getSelectJewellery(removeWishListPage.java:33)
at objectRepository.removeWishListPage.getSelectJewellery(removeWishListPage.java:33)
at objectRepository.removeWishListPage.getSelectJewellery(removeWishListPage.java:33)
at objectRepository.removeWishListPage.getSelectJewellery(removeWishListPage.java:33)
at objectRepository.removeWishListPage.getSelectJewellery(removeWishListPage.java:33)
at objectRepository.removeWishListPage.getSelectJewellery(removeWishListPage.java:33)
at objectRepository.removeWishListPage.getSelectJewellery(removeWishListPage.java:33)
at objectRepository.removeWishListPage.getSelectJewellery(removeWishListPage.java:33)
at objectRepository.removeWishListPage.getSelectJewellery(removeWishListPage.java:33)
at objectRepository.removeWishListPage.getSelectJewellery(removeWishListPage.java:33)
at objectRepository.removeWishListPage.getSelectJewellery(removeWishListPage.java:33)
at objectRepository.removeWishListPage.getSelectJewellery(removeWishListPage.java:33)
at objectRepository.removeWishListPage.getSelectJewellery(removeWishListPage.java:33)
at objectRepository.removeWishListPage.getSelectJewellery(removeWishListPage.java:33)
at objectRepository.removeWishListPage.getSelectJewellery(removeWishListPage.java:33)
at objectRepository.removeWishListPage.getSelectJewellery(removeWishListPage.java:33)
at objectRepository.removeWishListPage.getSelectJewellery(removeWishListPage.java:33)
at objectRepository.removeWishListPage.getSelectJewellery(removeWishListPage.java:33)
at objectRepository.removeWishListPage.getSelectJewellery(removeWishListPage.java:33)
at objectRepository.removeWishListPage.getSelectJewellery(removeWishListPage.java:33)
at objectRepository.removeWishListPage.getSelectJewellery(removeWishListPage.java:33)
at objectRepository.removeWishListPage.getSelectJewellery(removeWishListPage.java:33)
at objectRepository.removeWishListPage.getSelectJewellery(removeWishListPage.java:33)
at objectRepository.removeWishListPage.getSelectJewellery(removeWishListPage.java:33)
at objectRepository.removeWishListPage.getSelectJewellery(removeWishListPage.java:33)
at objectRepository.removeWishListPage.getSelectJewellery(removeWishListPage.java:33)
at objectRepository.removeWishListPage.getSelectJewellery(removeWishListPage.java:33)
at objectRepository.removeWishListPage.getSelectJewellery(removeWishListPage.java:33)
at objectRepository.removeWishListPage.getSelectJewellery(removeWishListPage.java:33)
at objectRepository.removeWishListPage.getSelectJewellery(removeWishListPage.java:33)
at objectRepository.removeWishListPage.getSelectJewellery(removeWishListPage.java:33)
at objectRepository.removeWishListPage.getSelectJewellery(removeWishListPage.java:33)
at objectRepository.removeWishListPage.getSelectJewellery(removeWishListPage.java:33)
at objectRepository.removeWishListPage.getSelectJewellery(removeWishListPage.java:33)
at objectRepository.removeWishListPage.getSelectJewellery(removeWishListPage.java:33)
at objectRepository.removeWishListPage.getSelectJewellery(removeWishListPage.java:33)
at objectRepository.removeWishListPage.getSelectJewellery(removeWishListPage.java:33)
at objectRepository.removeWishListPage.getSelectJewellery(removeWishListPage.java:33)
at objectRepository.removeWishListPage.getSelectJewellery(removeWishListPage.java:33)
at objectRepository.removeWishListPage.getSelectJewellery(removeWishListPage.java:33)
at objectRepository.removeWishListPage.getSelectJewellery(removeWishListPage.java:33)
at objectRepository.removeWishListPage.getSelectJewellery(removeWishListPage.java:33)
at objectRepository.removeWishListPage.getSelectJewellery(removeWishListPage.java:33)
at objectRepository.removeWishListPage.getSelectJewellery(removeWishListPage.java:33)
at objectRepository.removeWishListPage.getSelectJewellery(removeWishListPage.java:33)
at objectRepository.removeWishListPage.getSelectJewellery(removeWishListPage.java:33)
at objectRepository.removeWishListPage.getSelectJewellery(removeWishListPage.java:33)
at objectRepository.removeWishListPage.getSelectJewellery(removeWishListPage.java:33)
at objectRepository.removeWishListPage.getSelectJewellery(removeWishListPage.java:33)
at objectRepository.removeWishListPage.getSelectJewellery(removeWishListPage.java:33)
at objectRepository.removeWishListPage.getSelectJewellery(removeWishListPage.java:33)
at objectRepository.removeWishListPage.getSelectJewellery(removeWishListPage.java:33)
at objectRepository.removeWishListPage.getSelectJewellery(removeWishListPage.java:33)
at objectRepository.removeWishListPage.getSelectJewellery(removeWishListPage.java:33)
at objectRepository.removeWishListPage.getSelectJewellery(removeWishListPage.java:33)
at objectRepository.removeWishListPage.getSelectJewellery(removeWishListPage.java:33)
at objectRepository.removeWishListPage.getSelectJewellery(removeWishListPage.java:33)
at objectRepository.removeWishListPage.getSelectJewellery(removeWishListPage.java:33)
at objectRepository.removeWishListPage.getSelectJewellery(removeWishListPage.java:33)
at objectRepository.removeWishListPage.getSelectJewellery(removeWishListPage.java:33)
at objectRepository.removeWishListPage.getSelectJewellery(removeWishListPage.java:33)
at objectRepository.removeWishListPage.getSelectJewellery(removeWishListPage.java:33)
at objectRepository.removeWishListPage.getSelectJewellery(removeWishListPage.java:33)
at objectRepository.removeWishListPage.getSelectJewellery(removeWishListPage.java:33)
at objectRepository.removeWishListPage.getSelectJewellery(removeWishListPage.java:33)
at objectRepository.removeWishListPage.getSelectJewellery(removeWishListPage.java:33)
at objectRepository.removeWishListPage.getSelectJewellery(removeWishListPage.java:33)
at objectRepository.removeWishListPage.getSelectJewellery(removeWishListPage.java:33)
at objectRepository.removeWishListPage.getSelectJewellery(removeWishListPage.java:33)
at objectRepository.removeWishListPage.getSelectJewellery(removeWishListPage.java:33)
at objectRepository.removeWishListPage.getSelectJewellery(removeWishListPage.java:33)
at objectRepository.removeWishListPage.getSelectJewellery(removeWishListPage.java:33)
at objectRepository.removeWishListPage.getSelectJewellery(removeWishListPage.java:33)
at objectRepository.removeWishListPage.getSelectJewellery(removeWishListPage.java:33)
at objectRepository.removeWishListPage.getSelectJewellery(removeWishListPage.java:33)
at objectRepository.removeWishListPage.getSelectJewellery(removeWishListPage.java:33)
at objectRepository.removeWishListPage.getSelectJewellery(removeWishListPage.java:33)
at objectRepository.removeWishListPage.getSelectJewellery(removeWishListPage.java:33)
at objectRepository.removeWishListPage.getSelectJewellery(removeWishListPage.java:33)
at objectRepository.removeWishListPage.getSelectJewellery(removeWishListPage.java:33)
at objectRepository.removeWishListPage.getSelectJewellery(removeWishListPage.java:33)
at objectRepository.removeWishListPage.getSelectJewellery(removeWishListPage.java:33)
at objectRepository.removeWishListPage.getSelectJewellery(removeWishListPage.java:33)
at objectRepository.removeWishListPage.getSelectJewellery(removeWishListPage.java:33)
at objectRepository.removeWishListPage.getSelectJewellery(removeWishListPage.java:33)
at objectRepository.removeWishListPage.getSelectJewellery(removeWishListPage.java:33)
at objectRepository.removeWishListPage.getSelectJewellery(removeWishListPage.java:33)
at objectRepository.removeWishListPage.getSelectJewellery(removeWishListPage.java:33)
at objectRepository.removeWishListPage.getSelectJewellery(removeWishListPage.java:33)
at objectRepository.removeWishListPage.getSelectJewellery(removeWishListPage.java:33)
at objectRepository.removeWishListPage.getSelectJewellery(removeWishListPage.java:33)
at objectRepository.removeWishListPage.getSelectJewellery(removeWishListPage.java:33)
at objectRepository.removeWishListPage.getSelectJewellery(removeWishListPage.java:33)
at objectRepository.removeWishListPage.getSelectJewellery(removeWishListPage.java:33)
at objectRepository.removeWishListPage.getSelectJewellery(removeWishListPage.java:33)
at objectRepository.removeWishListPage.getSelectJewellery(removeWishListPage.java:33)
at objectRepository.removeWishListPage.getSelectJewellery(removeWishListPage.java:33)
at objectRepository.removeWishListPage.getSelectJewellery(removeWishListPage.java:33)
at objectRepository.removeWishListPage.getSelectJewellery(removeWishListPage.java:33)
at objectRepository.removeWishListPage.getSelectJewellery(removeWishListPage.java:33)
at objectRepository.removeWishListPage.getSelectJewellery(removeWishListPage.java:33)
at objectRepository.removeWishListPage.getSelectJewellery(removeWishListPage.java:33)
at objectRepository.removeWishListPage.getSelectJewellery(removeWishListPage.java:33)
at objectRepository.removeWishListPage.getSelectJewellery(removeWishListPage.java:33)
at objectRepository.removeWishListPage.getSelectJewellery(removeWishListPage.java:33)
at objectRepository.removeWishListPage.getSelectJewellery(removeWishListPage.java:33)
at objectRepository.removeWishListPage.getSelectJewellery(removeWishListPage.java:33)
at objectRepository.removeWishListPage.getSelectJewellery(removeWishListPage.java:33)
at objectRepository.removeWishListPage.getSelectJewellery(removeWishListPage.java:33)
at objectRepository.removeWishListPage.getSelectJewellery(removeWishListPage.java:33)
at objectRepository.removeWishListPage.getSelectJewellery(removeWishListPage.java:33)
at objectRepository.removeWishListPage.getSelectJewellery(removeWishListPage.java:33)
at objectRepository.removeWishListPage.getSelectJewellery(removeWishListPage.java:33)
at objectRepository.removeWishListPage.getSelectJewellery(removeWishListPage.java:33)
at objectRepository.removeWishListPage.getSelectJewellery(removeWishListPage.java:33)
at objectRepository.removeWishListPage.getSelectJewellery(removeWishListPage.java:33)
at objectRepository.removeWishListPage.getSelectJewellery(removeWishListPage.java:33)
at objectRepository.removeWishListPage.getSelectJewellery(removeWishListPage.java:33)
at objectRepository.removeWishListPage.getSelectJewellery(removeWishListPage.java:33)
at objectRepository.removeWishListPage.getSelectJewellery(removeWishListPage.java:33)
at objectRepository.removeWishListPage.getSelectJewellery(removeWishListPage.java:33)
at objectRepository.removeWishListPage.getSelectJewellery(removeWishListPage.java:33)
at objectRepository.removeWishListPage.getSelectJewellery(removeWishListPage.java:33)
at objectRepository.removeWishListPage.getSelectJewellery(removeWishListPage.java:33)
at objectRepository.removeWishListPage.getSelectJewellery(removeWishListPage.java:33)
at objectRepository.removeWishListPage.getSelectJewellery(removeWishListPage.java:33)
at objectRepository.removeWishListPage.getSelectJewellery(removeWishListPage.java:33)
at objectRepository.removeWishListPage.getSelectJewellery(removeWishListPage.java:33)
at objectRepository.removeWishListPage.getSelectJewellery(removeWishListPage.java:33)
at objectRepository.removeWishListPage.getSelectJewellery(removeWishListPage.java:33)
at objectRepository.removeWishListPage.getSelectJewellery(removeWishListPage.java:33)
at objectRepository.removeWishListPage.getSelectJewellery(removeWishListPage.java:33)
at objectRepository.removeWishListPage.getSelectJewellery(removeWishListPage.java:33)
at objectRepository.removeWishListPage.getSelectJewellery(removeWishListPage.java:33)
at objectRepository.removeWishListPage.getSelectJewellery(removeWishListPage.java:33)
at objectRepository.removeWishListPage.getSelectJewellery(removeWishListPage.java:33)
at objectRepository.removeWishListPage.getSelectJewellery(removeWishListPage.java:33)
at objectRepository.removeWishListPage.getSelectJewellery(removeWishListPage.java:33)
at objectRepository.removeWishListPage.getSelectJewellery(removeWishListPage.java:33)
at objectRepository.removeWishListPage.getSelectJewellery(removeWishListPage.java:33)
at objectRepository.removeWishListPage.getSelectJewellery(removeWishListPage.java:33)
at objectRepository.removeWishListPage.getSelectJewellery(removeWishListPage.java:33)
at objectRepository.removeWishListPage.getSelectJewellery(removeWishListPage.java:33)
at objectRepository.removeWishListPage.getSelectJewellery(removeWishListPage.java:33)
at objectRepository.removeWishListPage.getSelectJewellery(removeWishListPage.java:33)
at objectRepository.removeWishListPage.getSelectJewellery(removeWishListPage.java:33)
at objectRepository.removeWishListPage.getSelectJewellery(removeWishListPage.java:33)
at objectRepository.removeWishListPage.getSelectJewellery(removeWishListPage.java:33)
at objectRepository.removeWishListPage.getSelectJewellery(removeWishListPage.java:33)
at objectRepository.removeWishListPage.getSelectJewellery(removeWishListPage.java:33)
at objectRepository.removeWishListPage.getSelectJewellery(removeWishListPage.java:33)
at objectRepository.removeWishListPage.getSelectJewellery(removeWishListPage.java:33)
at objectRepository.removeWishListPage.getSelectJewellery(removeWishListPage.java:33)
at objectRepository.removeWishListPage.getSelectJewellery(removeWishListPage.java:33)
at objectRepository.removeWishListPage.getSelectJewellery(removeWishListPage.java:33)
at objectRepository.removeWishListPage.getSelectJewellery(removeWishListPage.java:33)
at objectRepository.removeWishListPage.getSelectJewellery(removeWishListPage.java:33)
at objectRepository.removeWishListPage.getSelectJewellery(removeWishListPage.java:33)
at objectRepository.removeWishListPage.getSelectJewellery(removeWishListPage.java:33)
at objectRepository.removeWishListPage.getSelectJewellery(removeWishListPage.java:33)
at objectRepository.removeWishListPage.getSelectJewellery(removeWishListPage.java:33)
at objectRepository.removeWishListPage.getSelectJewellery(removeWishListPage.java:33)
at objectRepository.removeWishListPage.getSelectJewellery(removeWishListPage.java:33)
at objectRepository.removeWishListPage.getSelectJewellery(removeWishListPage.java:33)
at objectRepository.removeWishListPage.getSelectJewellery(removeWishListPage.java:33)
at objectRepository.removeWishListPage.getSelectJewellery(removeWishListPage.java:33)
at objectRepository.removeWishListPage.getSelectJewellery(removeWishListPage.java:33)
at objectRepository.removeWishListPage.getSelectJewellery(removeWishListPage.java:33)
at objectRepository.removeWishListPage.getSelectJewellery(removeWishListPage.java:33)
at objectRepository.removeWishListPage.getSelectJewellery(removeWishListPage.java:33)
at objectRepository.removeWishListPage.getSelectJewellery(removeWishListPage.java:33)
at objectRepository.removeWishListPage.getSelectJewellery(removeWishListPage.java:33)
at objectRepository.removeWishListPage.getSelectJewellery(removeWishListPage.java:33)
at objectRepository.removeWishListPage.getSelectJewellery(removeWishListPage.java:33)
at objectRepository.removeWishListPage.getSelectJewellery(removeWishListPage.java:33)
at objectRepository.removeWishListPage.getSelectJewellery(removeWishListPage.java:33)
at objectRepository.removeWishListPage.getSelectJewellery(removeWishListPage.java:33)
at objectRepository.removeWishListPage.getSelectJewellery(removeWishListPage.java:33)
at objectRepository.removeWishListPage.getSelectJewellery(removeWishListPage.java:33)
at objectRepository.removeWishListPage.getSelectJewellery(removeWishListPage.java:33)
at objectRepository.removeWishListPage.getSelectJewellery(removeWishListPage.java:33)
at objectRepository.removeWishListPage.getSelectJewellery(removeWishListPage.java:33)
at objectRepository.removeWishListPage.getSelectJewellery(removeWishListPage.java:33)
at objectRepository.removeWishListPage.getSelectJewellery(removeWishListPage.java:33)
at objectRepository.removeWishListPage.getSelectJewellery(removeWishListPage.java:33)
at objectRepository.removeWishListPage.getSelectJewellery(removeWishListPage.java:33)
at objectRepository.removeWishListPage.getSelectJewellery(removeWishListPage.java:33)
at objectRepository.removeWishListPage.getSelectJewellery(removeWishListPage.java:33)
at objectRepository.removeWishListPage.getSelectJewellery(removeWishListPage.java:33)
at objectRepository.removeWishListPage.getSelectJewellery(removeWishListPage.java:33)
at objectRepository.removeWishListPage.getSelectJewellery(removeWishListPage.java:33)
at objectRepository.removeWishListPage.getSelectJewellery(removeWishListPage.java:33)
at objectRepository.removeWishListPage.getSelectJewellery(removeWishListPage.java:33)
at objectRepository.removeWishListPage.getSelectJewellery(removeWishListPage.java:33)
at objectRepository.removeWishListPage.getSelectJewellery(removeWishListPage.java:33)
at objectRepository.removeWishListPage.getSelectJewellery(removeWishListPage.java:33)
at objectRepository.removeWishListPage.getSelectJewellery(removeWishListPage.java:33)
at objectRepository.removeWishListPage.getSelectJewellery(removeWishListPage.java:33)
at objectRepository.removeWishListPage.getSelectJewellery(removeWishListPage.java:33)
at objectRepository.removeWishListPage.getSelectJewellery(removeWishListPage.java:33)
at objectRepository.removeWishListPage.getSelectJewellery(removeWishListPage.java:33)
at objectRepository.removeWishListPage.getSelectJewellery(removeWishListPage.java:33)
at objectRepository.removeWishListPage.getSelectJewellery(removeWishListPage.java:33)
at objectRepository.removeWishListPage.getSelectJewellery(removeWishListPage.java:33)
at objectRepository.removeWishListPage.getSelectJewellery(removeWishListPage.java:33)
at objectRepository.removeWishListPage.getSelectJewellery(removeWishListPage.java:33)
at objectRepository.removeWishListPage.getSelectJewellery(removeWishListPage.java:33)
at objectRepository.removeWishListPage.getSelectJewellery(removeWishListPage.java:33)
at objectRepository.removeWishListPage.getSelectJewellery(removeWishListPage.java:33)
at objectRepository.removeWishListPage.getSelectJewellery(removeWishListPage.java:33)
at objectRepository.removeWishListPage.getSelectJewellery(removeWishListPage.java:33)
at objectRepository.removeWishListPage.getSelectJewellery(removeWishListPage.java:33)
at objectRepository.removeWishListPage.getSelectJewellery(removeWishListPage.java:33)
at objectRepository.removeWishListPage.getSelectJewellery(removeWishListPage.java:33)
at objectRepository.removeWishListPage.getSelectJewellery(removeWishListPage.java:33)
at objectRepository.removeWishListPage.getSelectJewellery(removeWishListPage.java:33)
at objectRepository.removeWishListPage.getSelectJewellery(removeWishListPage.java:33)
at objectRepository.removeWishListPage.getSelectJewellery(removeWishListPage.java:33)
at objectRepository.removeWishListPage.getSelectJewellery(removeWishListPage.java:33)
at objectRepository.removeWishListPage.getSelectJewellery(removeWishListPage.java:33)
at objectRepository.removeWishListPage.getSelectJewellery(removeWishListPage.java:33)
at objectRepository.removeWishListPage.getSelectJewellery(removeWishListPage.java:33)
at objectRepository.removeWishListPage.getSelectJewellery(removeWishListPage.java:33)
at objectRepository.removeWishListPage.getSelectJewellery(removeWishListPage.java:33)
at objectRepository.removeWishListPage.getSelectJewellery(removeWishListPage.java:33)
at objectRepository.removeWishListPage.getSelectJewellery(removeWishListPage.java:33)
at objectRepository.removeWishListPage.getSelectJewellery(removeWishListPage.java:33)
at objectRepository.removeWishListPage.getSelectJewellery(removeWishListPage.java:33)
at objectRepository.removeWishListPage.getSelectJewellery(removeWishListPage.java:33)
at objectRepository.removeWishListPage.getSelectJewellery(removeWishListPage.java:33)
at objectRepository.removeWishListPage.getSelectJewellery(removeWishListPage.java:33)
at objectRepository.removeWishListPage.getSelectJewellery(removeWishListPage.java:33)
at objectRepository.removeWishListPage.getSelectJewellery(removeWishListPage.java:33)
at objectRepository.removeWishListPage.getSelectJewellery(removeWishListPage.java:33)
at objectRepository.removeWishListPage.getSelectJewellery(removeWishListPage.java:33)
at objectRepository.removeWishListPage.getSelectJewellery(removeWishListPage.java:33)
at objectRepository.removeWishListPage.getSelectJewellery(removeWishListPage.java:33)
at objectRepository.removeWishListPage.getSelectJewellery(removeWishListPage.java:33)
at objectRepository.removeWishListPage.getSelectJewellery(removeWishListPage.java:33)
at objectRepository.removeWishListPage.getSelectJewellery(removeWishListPage.java:33)
at objectRepository.removeWishListPage.getSelectJewellery(removeWishListPage.java:33)
at objectRepository.removeWishListPage.getSelectJewellery(removeWishListPage.java:33)
at objectRepository.removeWishListPage.getSelectJewellery(removeWishListPage.java:33)
at objectRepository.removeWishListPage.getSelectJewellery(removeWishListPage.java:33)
at objectRepository.removeWishListPage.getSelectJewellery(removeWishListPage.java:33)
at objectRepository.removeWishListPage.getSelectJewellery(removeWishListPage.java:33)
at objectRepository.removeWishListPage.getSelectJewellery(removeWishListPage.java:33)
at objectRepository.removeWishListPage.getSelectJewellery(removeWishListPage.java:33)
at objectRepository.removeWishListPage.getSelectJewellery(removeWishListPage.java:33)
at objectRepository.removeWishListPage.getSelectJewellery(removeWishListPage.java:33)
at objectRepository.removeWishListPage.getSelectJewellery(removeWishListPage.java:33)
at objectRepository.removeWishListPage.getSelectJewellery(removeWishListPage.java:33)
at objectRepository.removeWishListPage.getSelectJewellery(removeWishListPage.java:33)
at objectRepository.removeWishListPage.getSelectJewellery(removeWishListPage.java:33)
at objectRepository.removeWishListPage.getSelectJewellery(removeWishListPage.java:33)
at objectRepository.removeWishListPage.getSelectJewellery(removeWishListPage.java:33)
at objectRepository.removeWishListPage.getSelectJewellery(removeWishListPage.java:33)
at objectRepository.removeWishListPage.getSelectJewellery(removeWishListPage.java:33)
at objectRepository.removeWishListPage.getSelectJewellery(removeWishListPage.java:33)
at objectRepository.removeWishListPage.getSelectJewellery(removeWishListPage.java:33)
at objectRepository.removeWishListPage.getSelectJewellery(removeWishListPage.java:33)
at objectRepository.removeWishListPage.getSelectJewellery(removeWishListPage.java:33)
at objectRepository.removeWishListPage.getSelectJewellery(removeWishListPage.java:33)
at objectRepository.removeWishListPage.getSelectJewellery(removeWishListPage.java:33)
at objectRepository.removeWishListPage.getSelectJewellery(removeWishListPage.java:33)
at objectRepository.removeWishListPage.getSelectJewellery(removeWishListPage.java:33)
at objectRepository.removeWishListPage.getSelectJewellery(removeWishListPage.java:33)
at objectRepository.removeWishListPage.getSelectJewellery(removeWishListPage.java:33)
at objectRepository.removeWishListPage.getSelectJewellery(removeWishListPage.java:33)
at objectRepository.removeWishListPage.getSelectJewellery(removeWishListPage.java:33)
at objectRepository.removeWishListPage.getSelectJewellery(removeWishListPage.java:33)
at objectRepository.removeWishListPage.getSelectJewellery(removeWishListPage.java:33)
at objectRepository.removeWishListPage.getSelectJewellery(removeWishListPage.java:33)
at objectRepository.removeWishListPage.getSelectJewellery(removeWishListPage.java:33)
at objectRepository.removeWishListPage.getSelectJewellery(removeWishListPage.java:33)
at objectRepository.removeWishListPage.getSelectJewellery(removeWishListPage.java:33)
at objectRepository.removeWishListPage.getSelectJewellery(removeWishListPage.java:33)
at objectRepository.removeWishListPage.getSelectJewellery(removeWishListPage.java:33)
at objectRepository.removeWishListPage.getSelectJewellery(removeWishListPage.java:33)
at objectRepository.removeWishListPage.getSelectJewellery(removeWishListPage.java:33)
at objectRepository.removeWishListPage.getSelectJewellery(removeWishListPage.java:33)
at objectRepository.removeWishListPage.getSelectJewellery(removeWishListPage.java:33)
at objectRepository.removeWishListPage.getSelectJewellery(removeWishListPage.java:33)
at objectRepository.removeWishListPage.getSelectJewellery(removeWishListPage.java:33)
at objectRepository.removeWishListPage.getSelectJewellery(removeWishListPage.java:33)
at objectRepository.removeWishListPage.getSelectJewellery(removeWishListPage.java:33)
at objectRepository.removeWishListPage.getSelectJewellery(removeWishListPage.java:33)
at objectRepository.removeWishListPage.getSelectJewellery(removeWishListPage.java:33)
at objectRepository.removeWishListPage.getSelectJewellery(removeWishListPage.java:33)
at objectRepository.removeWishListPage.getSelectJewellery(removeWishListPage.java:33)
at objectRepository.removeWishListPage.getSelectJewellery(removeWishListPage.java:33)
at objectRepository.removeWishListPage.getSelectJewellery(removeWishListPage.java:33)
at objectRepository.removeWishListPage.getSelectJewellery(removeWishListPage.java:33)
at objectRepository.removeWishListPage.getSelectJewellery(removeWishListPage.java:33)
at objectRepository.removeWishListPage.getSelectJewellery(removeWishListPage.java:33)
at objectRepository.removeWishListPage.getSelectJewellery(removeWishListPage.java:33)
at objectRepository.removeWishListPage.getSelectJewellery(removeWishListPage.java:33)
at objectRepository.removeWishListPage.getSelectJewellery(removeWishListPage.java:33)
at objectRepository.removeWishListPage.getSelectJewellery(removeWishListPage.java:33)
at objectRepository.removeWishListPage.getSelectJewellery(removeWishListPage.java:33)
at objectRepository.removeWishListPage.getSelectJewellery(removeWishListPage.java:33)
at objectRepository.removeWishListPage.getSelectJewellery(removeWishListPage.java:33)
at objectRepository.removeWishListPage.getSelectJewellery(removeWishListPage.java:33)
at objectRepository.removeWishListPage.getSelectJewellery(removeWishListPage.java:33)
at objectRepository.removeWishListPage.getSelectJewellery(removeWishListPage.java:33)
at objectRepository.removeWishListPage.getSelectJewellery(removeWishListPage.java:33)
at objectRepository.removeWishListPage.getSelectJewellery(removeWishListPage.java:33)
at objectRepository.removeWishListPage.getSelectJewellery(removeWishListPage.java:33)
at objectRepository.removeWishListPage.getSelectJewellery(removeWishListPage.java:33)
at objectRepository.removeWishListPage.getSelectJewellery(removeWishListPage.java:33)
at objectRepository.removeWishListPage.getSelectJewellery(removeWishListPage.java:33)
at objectRepository.removeWishListPage.getSelectJewellery(removeWishListPage.java:33)
at objectRepository.removeWishListPage.getSelectJewellery(removeWishListPage.java:33)
at objectRepository.removeWishListPage.getSelectJewellery(removeWishListPage.java:33)
at objectRepository.removeWishListPage.getSelectJewellery(removeWishListPage.java:33)
at objectRepository.removeWishListPage.getSelectJewellery(removeWishListPage.java:33)
at objectRepository.removeWishListPage.getSelectJewellery(removeWishListPage.java:33)
at objectRepository.removeWishListPage.getSelectJewellery(removeWishListPage.java:33)
at objectRepository.removeWishListPage.getSelectJewellery(removeWishListPage.java:33)
at objectRepository.removeWishListPage.getSelectJewellery(removeWishListPage.java:33)
at objectRepository.removeWishListPage.getSelectJewellery(removeWishListPage.java:33)
at objectRepository.removeWishListPage.getSelectJewellery(removeWishListPage.java:33)
at objectRepository.removeWishListPage.getSelectJewellery(removeWishListPage.java:33)
at objectRepository.removeWishListPage.getSelectJewellery(removeWishListPage.java:33)
at objectRepository.removeWishListPage.getSelectJewellery(removeWishListPage.java:33)
at objectRepository.removeWishListPage.getSelectJewellery(removeWishListPage.java:33)
at objectRepository.removeWishListPage.getSelectJewellery(removeWishListPage.java:33)
at objectRepository.removeWishListPage.getSelectJewellery(removeWishListPage.java:33)
at objectRepository.removeWishListPage.getSelectJewellery(removeWishListPage.java:33)
at objectRepository.removeWishListPage.getSelectJewellery(removeWishListPage.java:33)
at objectRepository.removeWishListPage.getSelectJewellery(removeWishListPage.java:33)
at objectRepository.removeWishListPage.getSelectJewellery(removeWishListPage.java:33)
at objectRepository.removeWishListPage.getSelectJewellery(removeWishListPage.java:33)
at objectRepository.removeWishListPage.getSelectJewellery(removeWishListPage.java:33)
at objectRepository.removeWishListPage.getSelectJewellery(removeWishListPage.java:33)
at objectRepository.removeWishListPage.getSelectJewellery(removeWishListPage.java:33)
at objectRepository.removeWishListPage.getSelectJewellery(removeWishListPage.java:33)
at objectRepository.removeWishListPage.getSelectJewellery(removeWishListPage.java:33)
at objectRepository.removeWishListPage.getSelectJewellery(removeWishListPage.java:33)
at objectRepository.removeWishListPage.getSelectJewellery(removeWishListPage.java:33)
at objectRepository.removeWishListPage.getSelectJewellery(removeWishListPage.java:33)
at objectRepository.removeWishListPage.getSelectJewellery(removeWishListPage.java:33)
at objectRepository.removeWishListPage.getSelectJewellery(removeWishListPage.java:33)
at objectRepository.removeWishListPage.getSelectJewellery(removeWishListPage.java:33)
at objectRepository.removeWishListPage.getSelectJewellery(removeWishListPage.java:33)
at objectRepository.removeWishListPage.getSelectJewellery(removeWishListPage.java:33)
at objectRepository.removeWishListPage.getSelectJewellery(removeWishListPage.java:33)
at objectRepository.removeWishListPage.getSelectJewellery(removeWishListPage.java:33)
at objectRepository.removeWishListPage.getSelectJewellery(removeWishListPage.java:33)
at objectRepository.removeWishListPage.getSelectJewellery(removeWishListPage.java:33)
at objectRepository.removeWishListPage.getSelectJewellery(removeWishListPage.java:33)
at objectRepository.removeWishListPage.getSelectJewellery(removeWishListPage.java:33)
at objectRepository.removeWishListPage.getSelectJewellery(removeWishListPage.java:33)
at objectRepository.removeWishListPage.getSelectJewellery(removeWishListPage.java:33)
at objectRepository.removeWishListPage.getSelectJewellery(removeWishListPage.java:33)
at objectRepository.removeWishListPage.getSelectJewellery(removeWishListPage.java:33)
at objectRepository.removeWishListPage.getSelectJewellery(removeWishListPage.java:33)
at objectRepository.removeWishListPage.getSelectJewellery(removeWishListPage.java:33)
at objectRepository.removeWishListPage.getSelectJewellery(removeWishListPage.java:33)
at objectRepository.removeWishListPage.getSelectJewellery(removeWishListPage.java:33)
at objectRepository.removeWishListPage.getSelectJewellery(removeWishListPage.java:33)
at objectRepository.removeWishListPage.getSelectJewellery(removeWishListPage.java:33)
at objectRepository.removeWishListPage.getSelectJewellery(removeWishListPage.java:33)
at objectRepository.removeWishListPage.getSelectJewellery(removeWishListPage.java:33)
at objectRepository.removeWishListPage.getSelectJewellery(removeWishListPage.java:33)
at objectRepository.removeWishListPage.getSelectJewellery(removeWishListPage.java:33)
at objectRepository.removeWishListPage.getSelectJewellery(removeWishListPage.java:33)
at objectRepository.removeWishListPage.getSelectJewellery(removeWishListPage.java:33)
at objectRepository.removeWishListPage.getSelectJewellery(removeWishListPage.java:33)
at objectRepository.removeWishListPage.getSelectJewellery(removeWishListPage.java:33)
at objectRepository.removeWishListPage.getSelectJewellery(removeWishListPage.java:33)
at objectRepository.removeWishListPage.getSelectJewellery(removeWishListPage.java:33)
at objectRepository.removeWishListPage.getSelectJewellery(removeWishListPage.java:33)
at objectRepository.removeWishListPage.getSelectJewellery(removeWishListPage.java:33)
at objectRepository.removeWishListPage.getSelectJewellery(removeWishListPage.java:33)
at objectRepository.removeWishListPage.getSelectJewellery(removeWishListPage.java:33)
at objectRepository.removeWishListPage.getSelectJewellery(removeWishListPage.java:33)
at objectRepository.removeWishListPage.getSelectJewellery(removeWishListPage.java:33)
at objectRepository.removeWishListPage.getSelectJewellery(removeWishListPage.java:33)
at objectRepository.removeWishListPage.getSelectJewellery(removeWishListPage.java:33)
at objectRepository.removeWishListPage.getSelectJewellery(removeWishListPage.java:33)
at objectRepository.removeWishListPage.getSelectJewellery(removeWishListPage.java:33)
at objectRepository.removeWishListPage.getSelectJewellery(removeWishListPage.java:33)
at objectRepository.removeWishListPage.getSelectJewellery(removeWishListPage.java:33)
at objectRepository.removeWishListPage.getSelectJewellery(removeWishListPage.java:33)
at objectRepository.removeWishListPage.getSelectJewellery(removeWishListPage.java:33)
at objectRepository.removeWishListPage.getSelectJewellery(removeWishListPage.java:33)
at objectRepository.removeWishListPage.getSelectJewellery(removeWishListPage.java:33)
at objectRepository.removeWishListPage.getSelectJewellery(removeWishListPage.java:33)
at objectRepository.removeWishListPage.getSelectJewellery(removeWishListPage.java:33)
at objectRepository.removeWishListPage.getSelectJewellery(removeWishListPage.java:33)
at objectRepository.removeWishListPage.getSelectJewellery(removeWishListPage.java:33)
at objectRepository.removeWishListPage.getSelectJewellery(removeWishListPage.java:33)
at objectRepository.removeWishListPage.getSelectJewellery(removeWishListPage.java:33)
at objectRepository.removeWishListPage.getSelectJewellery(removeWishListPage.java:33)
at objectRepository.removeWishListPage.getSelectJewellery(removeWishListPage.java:33)
at objectRepository.removeWishListPage.getSelectJewellery(removeWishListPage.java:33)
at objectRepository.removeWishListPage.getSelectJewellery(removeWishListPage.java:33)
at objectRepository.removeWishListPage.getSelectJewellery(removeWishListPage.java:33)
at objectRepository.removeWishListPage.getSelectJewellery(removeWishListPage.java:33)
at objectRepository.removeWishListPage.getSelectJewellery(removeWishListPage.java:33)
at objectRepository.removeWishListPage.getSelectJewellery(removeWishListPage.java:33)
at objectRepository.removeWishListPage.getSelectJewellery(removeWishListPage.java:33)
at objectRepository.removeWishListPage.getSelectJewellery(removeWishListPage.java:33)
at objectRepository.removeWishListPage.getSelectJewellery(removeWishListPage.java:33)
at objectRepository.removeWishListPage.getSelectJewellery(removeWishListPage.java:33)
at objectRepository.removeWishListPage.getSelectJewellery(removeWishListPage.java:33)
at objectRepository.removeWishListPage.getSelectJewellery(removeWishListPage.java:33)
at objectRepository.removeWishListPage.getSelectJewellery(removeWishListPage.java:33)
at objectRepository.removeWishListPage.getSelectJewellery(removeWishListPage.java:33)
at objectRepository.removeWishListPage.getSelectJewellery(removeWishListPage.java:33)
at objectRepository.removeWishListPage.getSelectJewellery(removeWishListPage.java:33)
at objectRepository.removeWishListPage.getSelectJewellery(removeWishListPage.java:33)
at objectRepository.removeWishListPage.getSelectJewellery(removeWishListPage.java:33)
at objectRepository.removeWishListPage.getSelectJewellery(removeWishListPage.java:33)
at objectRepository.removeWishListPage.getSelectJewellery(removeWishListPage.java:33)
at objectRepository.removeWishListPage.getSelectJewellery(removeWishListPage.java:33)
at objectRepository.removeWishListPage.getSelectJewellery(removeWishListPage.java:33)
at objectRepository.removeWishListPage.getSelectJewellery(removeWishListPage.java:33)
at objectRepository.removeWishListPage.getSelectJewellery(removeWishListPage.java:33)
at objectRepository.removeWishListPage.getSelectJewellery(removeWishListPage.java:33)
at objectRepository.removeWishListPage.getSelectJewellery(removeWishListPage.java:33)
at objectRepository.removeWishListPage.getSelectJewellery(removeWishListPage.java:33)
at objectRepository.removeWishListPage.getSelectJewellery(removeWishListPage.java:33)
at objectRepository.removeWishListPage.getSelectJewellery(removeWishListPage.java:33)
at objectRepository.removeWishListPage.getSelectJewellery(removeWishListPage.java:33)
at objectRepository.removeWishListPage.getSelectJewellery(removeWishListPage.java:33)
at objectRepository.removeWishListPage.getSelectJewellery(removeWishListPage.java:33)
at objectRepository.removeWishListPage.getSelectJewellery(removeWishListPage.java:33)
at objectRepository.removeWishListPage.getSelectJewellery(removeWishListPage.java:33)
at objectRepository.removeWishListPage.getSelectJewellery(removeWishListPage.java:33)
]]>
    </error>
  </testcase> <!-- addproductToWishList -->
  <system-out/>
</testsuite> <!-- login.DWS_WishList_09_Test -->
