<?xml version="1.0" encoding="UTF-8"?>
<!-- Generated by org.testng.reporters.JUnitReportReporter -->
<testsuite hostname="Sparrow" failures="0" tests="3" name="frameworkCheck.ExcelCheck" time="0.043" errors="0" timestamp="2023-10-28T10:59:04 IST" skipped="0">
  <testcase classname="frameworkCheck.ExcelCheck" name="read" time="0.004"/>
  <system-out/>
  <testcase classname="frameworkCheck.ExcelCheck" name="read" time="0.033"/>
  <system-out/>
  <testcase classname="frameworkCheck.ExcelCheck" name="read" time="0.006"/>
  <system-out/>
</testsuite> <!-- frameworkCheck.ExcelCheck -->
