<?xml version="1.0" encoding="UTF-8"?>
<!-- Generated by org.testng.reporters.JUnitReportReporter -->
<testsuite hostname="Sparrow" failures="0" tests="1" name="login.DWS_Register_02_Test" time="6.822" errors="0" timestamp="2023-11-04T11:50:08 IST" skipped="0">
  <testcase classname="login.DWS_Register_02_Test" name="Register_using_credentials" time="6.822"/>
  <system-out/>
</testsuite> <!-- login.DWS_Register_02_Test -->
