<?xml version="1.0" encoding="UTF-8"?>
<!-- Generated by org.testng.reporters.JUnitReportReporter -->
<testsuite hostname="Sparrow" failures="0" tests="1" name="login.DWS_Login_01_Test" time="2.308" errors="0" timestamp="2023-11-04T11:38:34 IST" skipped="0">
  <testcase classname="login.DWS_Login_01_Test" name="Login_to_application_with_valid_credentials" time="2.308"/>
  <system-out/>
</testsuite> <!-- login.DWS_Login_01_Test -->
