<?xml version="1.0" encoding="UTF-8"?>
<!-- Generated by org.testng.reporters.JUnitReportReporter -->
<testsuite hostname="Sparrow" failures="0" tests="1" name="login.DWS_Booktocart_04_Test" time="3.955" errors="0" timestamp="2023-11-04T11:44:31 IST" skipped="0">
  <testcase classname="login.DWS_Booktocart_04_Test" name="add_Book_to_remove" time="3.955"/>
  <system-out/>
</testsuite> <!-- login.DWS_Booktocart_04_Test -->
