<?xml version="1.0" encoding="UTF-8"?>
<!-- Generated by org.testng.reporters.JUnitReportReporter -->
<testsuite hostname="Sparrow" failures="0" tests="1" name="login.DWS_RemoveWishList_10_Test" time="1.708" errors="1" timestamp="2023-11-04T11:50:34 IST" skipped="0">
  <testcase classname="login.DWS_RemoveWishList_10_Test" name="removefromWishList" time="1.708">
    <error type="java.lang.StackOverflowError">
      <![CDATA[java.lang.StackOverflowError
at objectRepository.removeWishListPage.getSelectJewellery(removeWishListPage.java:33)
at objectRepository.removeWishListPage.getSelectJewellery(removeWishListPage.java:33)
at objectRepository.removeWishListPage.getSelectJewellery(removeWishListPage.java:33)
at objectRepository.removeWishListPage.getSelectJewellery(removeWishListPage.java:33)
at objectRepository.removeWishListPage.getSelectJewellery(removeWishListPage.java:33)
at objectRepository.removeWishListPage.getSelectJewellery(removeWishListPage.java:33)
at objectRepository.removeWishListPage.getSelectJewellery(removeWishListPage.java:33)
at objectRepository.removeWishListPage.getSelectJewellery(removeWishListPage.java:33)
at objectRepository.removeWishListPage.getSelectJewellery(removeWishListPage.java:33)
at objectRepository.removeWishListPage.getSelectJewellery(removeWishListPage.java:33)
at objectRepository.removeWishListPage.getSelectJewellery(removeWishListPage.java:33)
at objectRepository.removeWishListPage.getSelectJewellery(removeWishListPage.java:33)
at objectRepository.removeWishListPage.getSelectJewellery(removeWishListPage.java:33)
at objectRepository.removeWishListPage.getSelectJewellery(removeWishListPage.java:33)
at objectRepository.removeWishListPage.getSelectJewellery(removeWishListPage.java:33)
at objectRepository.removeWishListPage.getSelectJewellery(removeWishListPage.java:33)
at objectRepository.removeWishListPage.getSelectJewellery(removeWishListPage.java:33)
at objectRepository.removeWishListPage.getSelectJewellery(removeWishListPage.java:33)
at objectRepository.removeWishListPage.getSelectJewellery(removeWishListPage.java:33)
at objectRepository.removeWishListPage.getSelectJewellery(removeWishListPage.java:33)
at objectRepository.removeWishListPage.getSelectJewellery(removeWishListPage.java:33)
at objectRepository.removeWishListPage.getSelectJewellery(removeWishListPage.java:33)
at objectRepository.removeWishListPage.getSelectJewellery(removeWishListPage.java:33)
at objectRepository.removeWishListPage.getSelectJewellery(removeWishListPage.java:33)
at objectRepository.removeWishListPage.getSelectJewellery(removeWishListPage.java:33)
at objectRepository.removeWishListPage.getSelectJewellery(removeWishListPage.java:33)
at objectRepository.removeWishListPage.getSelectJewellery(removeWishListPage.java:33)
at objectRepository.removeWishListPage.getSelectJewellery(removeWishListPage.java:33)
at objectRepository.removeWishListPage.getSelectJewellery(removeWishListPage.java:33)
at objectRepository.removeWishListPage.getSelectJewellery(removeWishListPage.java:33)
at objectRepository.removeWishListPage.getSelectJewellery(removeWishListPage.java:33)
at objectRepository.removeWishListPage.getSelectJewellery(removeWishListPage.java:33)
at objectRepository.removeWishListPage.getSelectJewellery(removeWishListPage.java:33)
at objectRepository.removeWishListPage.getSelectJewellery(removeWishListPage.java:33)
at objectRepository.removeWishListPage.getSelectJewellery(removeWishListPage.java:33)
at objectRepository.removeWishListPage.getSelectJewellery(removeWishListPage.java:33)
at objectRepository.removeWishListPage.getSelectJewellery(removeWishListPage.java:33)
at objectRepository.removeWishListPage.getSelectJewellery(removeWishListPage.java:33)
at objectRepository.removeWishListPage.getSelectJewellery(removeWishListPage.java:33)
at objectRepository.removeWishListPage.getSelectJewellery(removeWishListPage.java:33)
at objectRepository.removeWishListPage.getSelectJewellery(removeWishListPage.java:33)
at objectRepository.removeWishListPage.getSelectJewellery(removeWishListPage.java:33)
at objectRepository.removeWishListPage.getSelectJewellery(removeWishListPage.java:33)
at objectRepository.removeWishListPage.getSelectJewellery(removeWishListPage.java:33)
at objectRepository.removeWishListPage.getSelectJewellery(removeWishListPage.java:33)
at objectRepository.removeWishListPage.getSelectJewellery(removeWishListPage.java:33)
at objectRepository.removeWishListPage.getSelectJewellery(removeWishListPage.java:33)
at objectRepository.removeWishListPage.getSelectJewellery(removeWishListPage.java:33)
at objectRepository.removeWishListPage.getSelectJewellery(removeWishListPage.java:33)
at objectRepository.removeWishListPage.getSelectJewellery(removeWishListPage.java:33)
at objectRepository.removeWishListPage.getSelectJewellery(removeWishListPage.java:33)
at objectRepository.removeWishListPage.getSelectJewellery(removeWishListPage.java:33)
at objectRepository.removeWishListPage.getSelectJewellery(removeWishListPage.java:33)
at objectRepository.removeWishListPage.getSelectJewellery(removeWishListPage.java:33)
at objectRepository.removeWishListPage.getSelectJewellery(removeWishListPage.java:33)
at objectRepository.removeWishListPage.getSelectJewellery(removeWishListPage.java:33)
at objectRepository.removeWishListPage.getSelectJewellery(removeWishListPage.java:33)
at objectRepository.removeWishListPage.getSelectJewellery(removeWishListPage.java:33)
at objectRepository.removeWishListPage.getSelectJewellery(removeWishListPage.java:33)
at objectRepository.removeWishListPage.getSelectJewellery(removeWishListPage.java:33)
at objectRepository.removeWishListPage.getSelectJewellery(removeWishListPage.java:33)
at objectRepository.removeWishListPage.getSelectJewellery(removeWishListPage.java:33)
at objectRepository.removeWishListPage.getSelectJewellery(removeWishListPage.java:33)
at objectRepository.removeWishListPage.getSelectJewellery(removeWishListPage.java:33)
at objectRepository.removeWishListPage.getSelectJewellery(removeWishListPage.java:33)
at objectRepository.removeWishListPage.getSelectJewellery(removeWishListPage.java:33)
at objectRepository.removeWishListPage.getSelectJewellery(removeWishListPage.java:33)
at objectRepository.removeWishListPage.getSelectJewellery(removeWishListPage.java:33)
at objectRepository.removeWishListPage.getSelectJewellery(removeWishListPage.java:33)
at objectRepository.removeWishListPage.getSelectJewellery(removeWishListPage.java:33)
at objectRepository.removeWishListPage.getSelectJewellery(removeWishListPage.java:33)
at objectRepository.removeWishListPage.getSelectJewellery(removeWishListPage.java:33)
at objectRepository.removeWishListPage.getSelectJewellery(removeWishListPage.java:33)
at objectRepository.removeWishListPage.getSelectJewellery(removeWishListPage.java:33)
at objectRepository.removeWishListPage.getSelectJewellery(removeWishListPage.java:33)
at objectRepository.removeWishListPage.getSelectJewellery(removeWishListPage.java:33)
at objectRepository.removeWishListPage.getSelectJewellery(removeWishListPage.java:33)
at objectRepository.removeWishListPage.getSelectJewellery(removeWishListPage.java:33)
at objectRepository.removeWishListPage.getSelectJewellery(removeWishListPage.java:33)
at objectRepository.removeWishListPage.getSelectJewellery(removeWishListPage.java:33)
at objectRepository.removeWishListPage.getSelectJewellery(removeWishListPage.java:33)
at objectRepository.removeWishListPage.getSelectJewellery(removeWishListPage.java:33)
at objectRepository.removeWishListPage.getSelectJewellery(removeWishListPage.java:33)
at objectRepository.removeWishListPage.getSelectJewellery(removeWishListPage.java:33)
at objectRepository.removeWishListPage.getSelectJewellery(removeWishListPage.java:33)
at objectRepository.removeWishListPage.getSelectJewellery(removeWishListPage.java:33)
at objectRepository.removeWishListPage.getSelectJewellery(removeWishListPage.java:33)
at objectRepository.removeWishListPage.getSelectJewellery(removeWishListPage.java:33)
at objectRepository.removeWishListPage.getSelectJewellery(removeWishListPage.java:33)
at objectRepository.removeWishListPage.getSelectJewellery(removeWishListPage.java:33)
at objectRepository.removeWishListPage.getSelectJewellery(removeWishListPage.java:33)
at objectRepository.removeWishListPage.getSelectJewellery(removeWishListPage.java:33)
at objectRepository.removeWishListPage.getSelectJewellery(removeWishListPage.java:33)
at objectRepository.removeWishListPage.getSelectJewellery(removeWishListPage.java:33)
at objectRepository.removeWishListPage.getSelectJewellery(removeWishListPage.java:33)
at objectRepository.removeWishListPage.getSelectJewellery(removeWishListPage.java:33)
at objectRepository.removeWishListPage.getSelectJewellery(removeWishListPage.java:33)
at objectRepository.removeWishListPage.getSelectJewellery(removeWishListPage.java:33)
at objectRepository.removeWishListPage.getSelectJewellery(removeWishListPage.java:33)
at objectRepository.removeWishListPage.getSelectJewellery(removeWishListPage.java:33)
at objectRepository.removeWishListPage.getSelectJewellery(removeWishListPage.java:33)
at objectRepository.removeWishListPage.getSelectJewellery(removeWishListPage.java:33)
at objectRepository.removeWishListPage.getSelectJewellery(removeWishListPage.java:33)
at objectRepository.removeWishListPage.getSelectJewellery(removeWishListPage.java:33)
at objectRepository.removeWishListPage.getSelectJewellery(removeWishListPage.java:33)
at objectRepository.removeWishListPage.getSelectJewellery(removeWishListPage.java:33)
at objectRepository.removeWishListPage.getSelectJewellery(removeWishListPage.java:33)
at objectRepository.removeWishListPage.getSelectJewellery(removeWishListPage.java:33)
at objectRepository.removeWishListPage.getSelectJewellery(removeWishListPage.java:33)
at objectRepository.removeWishListPage.getSelectJewellery(removeWishListPage.java:33)
at objectRepository.removeWishListPage.getSelectJewellery(removeWishListPage.java:33)
at objectRepository.removeWishListPage.getSelectJewellery(removeWishListPage.java:33)
at objectRepository.removeWishListPage.getSelectJewellery(removeWishListPage.java:33)
at objectRepository.removeWishListPage.getSelectJewellery(removeWishListPage.java:33)
at objectRepository.removeWishListPage.getSelectJewellery(removeWishListPage.java:33)
at objectRepository.removeWishListPage.getSelectJewellery(removeWishListPage.java:33)
at objectRepository.removeWishListPage.getSelectJewellery(removeWishListPage.java:33)
at objectRepository.removeWishListPage.getSelectJewellery(removeWishListPage.java:33)
at objectRepository.removeWishListPage.getSelectJewellery(removeWishListPage.java:33)
at objectRepository.removeWishListPage.getSelectJewellery(removeWishListPage.java:33)
at objectRepository.removeWishListPage.getSelectJewellery(removeWishListPage.java:33)
at objectRepository.removeWishListPage.getSelectJewellery(removeWishListPage.java:33)
at objectRepository.removeWishListPage.getSelectJewellery(removeWishListPage.java:33)
at objectRepository.removeWishListPage.getSelectJewellery(removeWishListPage.java:33)
at objectRepository.removeWishListPage.getSelectJewellery(removeWishListPage.java:33)
at objectRepository.removeWishListPage.getSelectJewellery(removeWishListPage.java:33)
at objectRepository.removeWishListPage.getSelectJewellery(removeWishListPage.java:33)
at objectRepository.removeWishListPage.getSelectJewellery(removeWishListPage.java:33)
at objectRepository.removeWishListPage.getSelectJewellery(removeWishListPage.java:33)
at objectRepository.removeWishListPage.getSelectJewellery(removeWishListPage.java:33)
at objectRepository.removeWishListPage.getSelectJewellery(removeWishListPage.java:33)
at objectRepository.removeWishListPage.getSelectJewellery(removeWishListPage.java:33)
at objectRepository.removeWishListPage.getSelectJewellery(removeWishListPage.java:33)
at objectRepository.removeWishListPage.getSelectJewellery(removeWishListPage.java:33)
at objectRepository.removeWishListPage.getSelectJewellery(removeWishListPage.java:33)
at objectRepository.removeWishListPage.getSelectJewellery(removeWishListPage.java:33)
at objectRepository.removeWishListPage.getSelectJewellery(removeWishListPage.java:33)
at objectRepository.removeWishListPage.getSelectJewellery(removeWishListPage.java:33)
at objectRepository.removeWishListPage.getSelectJewellery(removeWishListPage.java:33)
at objectRepository.removeWishListPage.getSelectJewellery(removeWishListPage.java:33)
at objectRepository.removeWishListPage.getSelectJewellery(removeWishListPage.java:33)
at objectRepository.removeWishListPage.getSelectJewellery(removeWishListPage.java:33)
at objectRepository.removeWishListPage.getSelectJewellery(removeWishListPage.java:33)
at objectRepository.removeWishListPage.getSelectJewellery(removeWishListPage.java:33)
at objectRepository.removeWishListPage.getSelectJewellery(removeWishListPage.java:33)
at objectRepository.removeWishListPage.getSelectJewellery(removeWishListPage.java:33)
at objectRepository.removeWishListPage.getSelectJewellery(removeWishListPage.java:33)
at objectRepository.removeWishListPage.getSelectJewellery(removeWishListPage.java:33)
at objectRepository.removeWishListPage.getSelectJewellery(removeWishListPage.java:33)
at objectRepository.removeWishListPage.getSelectJewellery(removeWishListPage.java:33)
at objectRepository.removeWishListPage.getSelectJewellery(removeWishListPage.java:33)
at objectRepository.removeWishListPage.getSelectJewellery(removeWishListPage.java:33)
at objectRepository.removeWishListPage.getSelectJewellery(removeWishListPage.java:33)
at objectRepository.removeWishListPage.getSelectJewellery(removeWishListPage.java:33)
at objectRepository.removeWishListPage.getSelectJewellery(removeWishListPage.java:33)
at objectRepository.removeWishListPage.getSelectJewellery(removeWishListPage.java:33)
at objectRepository.removeWishListPage.getSelectJewellery(removeWishListPage.java:33)
at objectRepository.removeWishListPage.getSelectJewellery(removeWishListPage.java:33)
at objectRepository.removeWishListPage.getSelectJewellery(removeWishListPage.java:33)
at objectRepository.removeWishListPage.getSelectJewellery(removeWishListPage.java:33)
at objectRepository.removeWishListPage.getSelectJewellery(removeWishListPage.java:33)
at objectRepository.removeWishListPage.getSelectJewellery(removeWishListPage.java:33)
at objectRepository.removeWishListPage.getSelectJewellery(removeWishListPage.java:33)
at objectRepository.removeWishListPage.getSelectJewellery(removeWishListPage.java:33)
at objectRepository.removeWishListPage.getSelectJewellery(removeWishListPage.java:33)
at objectRepository.removeWishListPage.getSelectJewellery(removeWishListPage.java:33)
at objectRepository.removeWishListPage.getSelectJewellery(removeWishListPage.java:33)
at objectRepository.removeWishListPage.getSelectJewellery(removeWishListPage.java:33)
at objectRepository.removeWishListPage.getSelectJewellery(removeWishListPage.java:33)
at objectRepository.removeWishListPage.getSelectJewellery(removeWishListPage.java:33)
at objectRepository.removeWishListPage.getSelectJewellery(removeWishListPage.java:33)
at objectRepository.removeWishListPage.getSelectJewellery(removeWishListPage.java:33)
at objectRepository.removeWishListPage.getSelectJewellery(removeWishListPage.java:33)
at objectRepository.removeWishListPage.getSelectJewellery(removeWishListPage.java:33)
at objectRepository.removeWishListPage.getSelectJewellery(removeWishListPage.java:33)
at objectRepository.removeWishListPage.getSelectJewellery(removeWishListPage.java:33)
at objectRepository.removeWishListPage.getSelectJewellery(removeWishListPage.java:33)
at objectRepository.removeWishListPage.getSelectJewellery(removeWishListPage.java:33)
at objectRepository.removeWishListPage.getSelectJewellery(removeWishListPage.java:33)
at objectRepository.removeWishListPage.getSelectJewellery(removeWishListPage.java:33)
at objectRepository.removeWishListPage.getSelectJewellery(removeWishListPage.java:33)
at objectRepository.removeWishListPage.getSelectJewellery(removeWishListPage.java:33)
at objectRepository.removeWishListPage.getSelectJewellery(removeWishListPage.java:33)
at objectRepository.removeWishListPage.getSelectJewellery(removeWishListPage.java:33)
at objectRepository.removeWishListPage.getSelectJewellery(removeWishListPage.java:33)
at objectRepository.removeWishListPage.getSelectJewellery(removeWishListPage.java:33)
at objectRepository.removeWishListPage.getSelectJewellery(removeWishListPage.java:33)
at objectRepository.removeWishListPage.getSelectJewellery(removeWishListPage.java:33)
at objectRepository.removeWishListPage.getSelectJewellery(removeWishListPage.java:33)
at objectRepository.removeWishListPage.getSelectJewellery(removeWishListPage.java:33)
at objectRepository.removeWishListPage.getSelectJewellery(removeWishListPage.java:33)
at objectRepository.removeWishListPage.getSelectJewellery(removeWishListPage.java:33)
at objectRepository.removeWishListPage.getSelectJewellery(removeWishListPage.java:33)
at objectRepository.removeWishListPage.getSelectJewellery(removeWishListPage.java:33)
at objectRepository.removeWishListPage.getSelectJewellery(removeWishListPage.java:33)
at objectRepository.removeWishListPage.getSelectJewellery(removeWishListPage.java:33)
at objectRepository.removeWishListPage.getSelectJewellery(removeWishListPage.java:33)
at objectRepository.removeWishListPage.getSelectJewellery(removeWishListPage.java:33)
at objectRepository.removeWishListPage.getSelectJewellery(removeWishListPage.java:33)
at objectRepository.removeWishListPage.getSelectJewellery(removeWishListPage.java:33)
at objectRepository.removeWishListPage.getSelectJewellery(removeWishListPage.java:33)
at objectRepository.removeWishListPage.getSelectJewellery(removeWishListPage.java:33)
at objectRepository.removeWishListPage.getSelectJewellery(removeWishListPage.java:33)
at objectRepository.removeWishListPage.getSelectJewellery(removeWishListPage.java:33)
at objectRepository.removeWishListPage.getSelectJewellery(removeWishListPage.java:33)
at objectRepository.removeWishListPage.getSelectJewellery(removeWishListPage.java:33)
at objectRepository.removeWishListPage.getSelectJewellery(removeWishListPage.java:33)
at objectRepository.removeWishListPage.getSelectJewellery(removeWishListPage.java:33)
at objectRepository.removeWishListPage.getSelectJewellery(removeWishListPage.java:33)
at objectRepository.removeWishListPage.getSelectJewellery(removeWishListPage.java:33)
at objectRepository.removeWishListPage.getSelectJewellery(removeWishListPage.java:33)
at objectRepository.removeWishListPage.getSelectJewellery(removeWishListPage.java:33)
at objectRepository.removeWishListPage.getSelectJewellery(removeWishListPage.java:33)
at objectRepository.removeWishListPage.getSelectJewellery(removeWishListPage.java:33)
at objectRepository.removeWishListPage.getSelectJewellery(removeWishListPage.java:33)
at objectRepository.removeWishListPage.getSelectJewellery(removeWishListPage.java:33)
at objectRepository.removeWishListPage.getSelectJewellery(removeWishListPage.java:33)
at objectRepository.removeWishListPage.getSelectJewellery(removeWishListPage.java:33)
at objectRepository.removeWishListPage.getSelectJewellery(removeWishListPage.java:33)
at objectRepository.removeWishListPage.getSelectJewellery(removeWishListPage.java:33)
at objectRepository.removeWishListPage.getSelectJewellery(removeWishListPage.java:33)
at objectRepository.removeWishListPage.getSelectJewellery(removeWishListPage.java:33)
at objectRepository.removeWishListPage.getSelectJewellery(removeWishListPage.java:33)
at objectRepository.removeWishListPage.getSelectJewellery(removeWishListPage.java:33)
at objectRepository.removeWishListPage.getSelectJewellery(removeWishListPage.java:33)
at objectRepository.removeWishListPage.getSelectJewellery(removeWishListPage.java:33)
at objectRepository.removeWishListPage.getSelectJewellery(removeWishListPage.java:33)
at objectRepository.removeWishListPage.getSelectJewellery(removeWishListPage.java:33)
at objectRepository.removeWishListPage.getSelectJewellery(removeWishListPage.java:33)
at objectRepository.removeWishListPage.getSelectJewellery(removeWishListPage.java:33)
at objectRepository.removeWishListPage.getSelectJewellery(removeWishListPage.java:33)
at objectRepository.removeWishListPage.getSelectJewellery(removeWishListPage.java:33)
at objectRepository.removeWishListPage.getSelectJewellery(removeWishListPage.java:33)
at objectRepository.removeWishListPage.getSelectJewellery(removeWishListPage.java:33)
at objectRepository.removeWishListPage.getSelectJewellery(removeWishListPage.java:33)
at objectRepository.removeWishListPage.getSelectJewellery(removeWishListPage.java:33)
at objectRepository.removeWishListPage.getSelectJewellery(removeWishListPage.java:33)
at objectRepository.removeWishListPage.getSelectJewellery(removeWishListPage.java:33)
at objectRepository.removeWishListPage.getSelectJewellery(removeWishListPage.java:33)
at objectRepository.removeWishListPage.getSelectJewellery(removeWishListPage.java:33)
at objectRepository.removeWishListPage.getSelectJewellery(removeWishListPage.java:33)
at objectRepository.removeWishListPage.getSelectJewellery(removeWishListPage.java:33)
at objectRepository.removeWishListPage.getSelectJewellery(removeWishListPage.java:33)
at objectRepository.removeWishListPage.getSelectJewellery(removeWishListPage.java:33)
at objectRepository.removeWishListPage.getSelectJewellery(removeWishListPage.java:33)
at objectRepository.removeWishListPage.getSelectJewellery(removeWishListPage.java:33)
at objectRepository.removeWishListPage.getSelectJewellery(removeWishListPage.java:33)
at objectRepository.removeWishListPage.getSelectJewellery(removeWishListPage.java:33)
at objectRepository.removeWishListPage.getSelectJewellery(removeWishListPage.java:33)
at objectRepository.removeWishListPage.getSelectJewellery(removeWishListPage.java:33)
at objectRepository.removeWishListPage.getSelectJewellery(removeWishListPage.java:33)
at objectRepository.removeWishListPage.getSelectJewellery(removeWishListPage.java:33)
at objectRepository.removeWishListPage.getSelectJewellery(removeWishListPage.java:33)
at objectRepository.removeWishListPage.getSelectJewellery(removeWishListPage.java:33)
at objectRepository.removeWishListPage.getSelectJewellery(removeWishListPage.java:33)
at objectRepository.removeWishListPage.getSelectJewellery(removeWishListPage.java:33)
at objectRepository.removeWishListPage.getSelectJewellery(removeWishListPage.java:33)
at objectRepository.removeWishListPage.getSelectJewellery(removeWishListPage.java:33)
at objectRepository.removeWishListPage.getSelectJewellery(removeWishListPage.java:33)
at objectRepository.removeWishListPage.getSelectJewellery(removeWishListPage.java:33)
at objectRepository.removeWishListPage.getSelectJewellery(removeWishListPage.java:33)
at objectRepository.removeWishListPage.getSelectJewellery(removeWishListPage.java:33)
at objectRepository.removeWishListPage.getSelectJewellery(removeWishListPage.java:33)
at objectRepository.removeWishListPage.getSelectJewellery(removeWishListPage.java:33)
at objectRepository.removeWishListPage.getSelectJewellery(removeWishListPage.java:33)
at objectRepository.removeWishListPage.getSelectJewellery(removeWishListPage.java:33)
at objectRepository.removeWishListPage.getSelectJewellery(removeWishListPage.java:33)
at objectRepository.removeWishListPage.getSelectJewellery(removeWishListPage.java:33)
at objectRepository.removeWishListPage.getSelectJewellery(removeWishListPage.java:33)
at objectRepository.removeWishListPage.getSelectJewellery(removeWishListPage.java:33)
at objectRepository.removeWishListPage.getSelectJewellery(removeWishListPage.java:33)
at objectRepository.removeWishListPage.getSelectJewellery(removeWishListPage.java:33)
at objectRepository.removeWishListPage.getSelectJewellery(removeWishListPage.java:33)
at objectRepository.removeWishListPage.getSelectJewellery(removeWishListPage.java:33)
at objectRepository.removeWishListPage.getSelectJewellery(removeWishListPage.java:33)
at objectRepository.removeWishListPage.getSelectJewellery(removeWishListPage.java:33)
at objectRepository.removeWishListPage.getSelectJewellery(removeWishListPage.java:33)
at objectRepository.removeWishListPage.getSelectJewellery(removeWishListPage.java:33)
at objectRepository.removeWishListPage.getSelectJewellery(removeWishListPage.java:33)
at objectRepository.removeWishListPage.getSelectJewellery(removeWishListPage.java:33)
at objectRepository.removeWishListPage.getSelectJewellery(removeWishListPage.java:33)
at objectRepository.removeWishListPage.getSelectJewellery(removeWishListPage.java:33)
at objectRepository.removeWishListPage.getSelectJewellery(removeWishListPage.java:33)
at objectRepository.removeWishListPage.getSelectJewellery(removeWishListPage.java:33)
at objectRepository.removeWishListPage.getSelectJewellery(removeWishListPage.java:33)
at objectRepository.removeWishListPage.getSelectJewellery(removeWishListPage.java:33)
at objectRepository.removeWishListPage.getSelectJewellery(removeWishListPage.java:33)
at objectRepository.removeWishListPage.getSelectJewellery(removeWishListPage.java:33)
at objectRepository.removeWishListPage.getSelectJewellery(removeWishListPage.java:33)
at objectRepository.removeWishListPage.getSelectJewellery(removeWishListPage.java:33)
at objectRepository.removeWishListPage.getSelectJewellery(removeWishListPage.java:33)
at objectRepository.removeWishListPage.getSelectJewellery(removeWishListPage.java:33)
at objectRepository.removeWishListPage.getSelectJewellery(removeWishListPage.java:33)
at objectRepository.removeWishListPage.getSelectJewellery(removeWishListPage.java:33)
at objectRepository.removeWishListPage.getSelectJewellery(removeWishListPage.java:33)
at objectRepository.removeWishListPage.getSelectJewellery(removeWishListPage.java:33)
at objectRepository.removeWishListPage.getSelectJewellery(removeWishListPage.java:33)
at objectRepository.removeWishListPage.getSelectJewellery(removeWishListPage.java:33)
at objectRepository.removeWishListPage.getSelectJewellery(removeWishListPage.java:33)
at objectRepository.removeWishListPage.getSelectJewellery(removeWishListPage.java:33)
at objectRepository.removeWishListPage.getSelectJewellery(removeWishListPage.java:33)
at objectRepository.removeWishListPage.getSelectJewellery(removeWishListPage.java:33)
at objectRepository.removeWishListPage.getSelectJewellery(removeWishListPage.java:33)
at objectRepository.removeWishListPage.getSelectJewellery(removeWishListPage.java:33)
at objectRepository.removeWishListPage.getSelectJewellery(removeWishListPage.java:33)
at objectRepository.removeWishListPage.getSelectJewellery(removeWishListPage.java:33)
at objectRepository.removeWishListPage.getSelectJewellery(removeWishListPage.java:33)
at objectRepository.removeWishListPage.getSelectJewellery(removeWishListPage.java:33)
at objectRepository.removeWishListPage.getSelectJewellery(removeWishListPage.java:33)
at objectRepository.removeWishListPage.getSelectJewellery(removeWishListPage.java:33)
at objectRepository.removeWishListPage.getSelectJewellery(removeWishListPage.java:33)
at objectRepository.removeWishListPage.getSelectJewellery(removeWishListPage.java:33)
at objectRepository.removeWishListPage.getSelectJewellery(removeWishListPage.java:33)
at objectRepository.removeWishListPage.getSelectJewellery(removeWishListPage.java:33)
at objectRepository.removeWishListPage.getSelectJewellery(removeWishListPage.java:33)
at objectRepository.removeWishListPage.getSelectJewellery(removeWishListPage.java:33)
at objectRepository.removeWishListPage.getSelectJewellery(removeWishListPage.java:33)
at objectRepository.removeWishListPage.getSelectJewellery(removeWishListPage.java:33)
at objectRepository.removeWishListPage.getSelectJewellery(removeWishListPage.java:33)
at objectRepository.removeWishListPage.getSelectJewellery(removeWishListPage.java:33)
at objectRepository.removeWishListPage.getSelectJewellery(removeWishListPage.java:33)
at objectRepository.removeWishListPage.getSelectJewellery(removeWishListPage.java:33)
at objectRepository.removeWishListPage.getSelectJewellery(removeWishListPage.java:33)
at objectRepository.removeWishListPage.getSelectJewellery(removeWishListPage.java:33)
at objectRepository.removeWishListPage.getSelectJewellery(removeWishListPage.java:33)
at objectRepository.removeWishListPage.getSelectJewellery(removeWishListPage.java:33)
at objectRepository.removeWishListPage.getSelectJewellery(removeWishListPage.java:33)
at objectRepository.removeWishListPage.getSelectJewellery(removeWishListPage.java:33)
at objectRepository.removeWishListPage.getSelectJewellery(removeWishListPage.java:33)
at objectRepository.removeWishListPage.getSelectJewellery(removeWishListPage.java:33)
at objectRepository.removeWishListPage.getSelectJewellery(removeWishListPage.java:33)
at objectRepository.removeWishListPage.getSelectJewellery(removeWishListPage.java:33)
at objectRepository.removeWishListPage.getSelectJewellery(removeWishListPage.java:33)
at objectRepository.removeWishListPage.getSelectJewellery(removeWishListPage.java:33)
at objectRepository.removeWishListPage.getSelectJewellery(removeWishListPage.java:33)
at objectRepository.removeWishListPage.getSelectJewellery(removeWishListPage.java:33)
at objectRepository.removeWishListPage.getSelectJewellery(removeWishListPage.java:33)
at objectRepository.removeWishListPage.getSelectJewellery(removeWishListPage.java:33)
at objectRepository.removeWishListPage.getSelectJewellery(removeWishListPage.java:33)
at objectRepository.removeWishListPage.getSelectJewellery(removeWishListPage.java:33)
at objectRepository.removeWishListPage.getSelectJewellery(removeWishListPage.java:33)
at objectRepository.removeWishListPage.getSelectJewellery(removeWishListPage.java:33)
at objectRepository.removeWishListPage.getSelectJewellery(removeWishListPage.java:33)
at objectRepository.removeWishListPage.getSelectJewellery(removeWishListPage.java:33)
at objectRepository.removeWishListPage.getSelectJewellery(removeWishListPage.java:33)
at objectRepository.removeWishListPage.getSelectJewellery(removeWishListPage.java:33)
at objectRepository.removeWishListPage.getSelectJewellery(removeWishListPage.java:33)
at objectRepository.removeWishListPage.getSelectJewellery(removeWishListPage.java:33)
at objectRepository.removeWishListPage.getSelectJewellery(removeWishListPage.java:33)
at objectRepository.removeWishListPage.getSelectJewellery(removeWishListPage.java:33)
at objectRepository.removeWishListPage.getSelectJewellery(removeWishListPage.java:33)
at objectRepository.removeWishListPage.getSelectJewellery(removeWishListPage.java:33)
at objectRepository.removeWishListPage.getSelectJewellery(removeWishListPage.java:33)
at objectRepository.removeWishListPage.getSelectJewellery(removeWishListPage.java:33)
at objectRepository.removeWishListPage.getSelectJewellery(removeWishListPage.java:33)
at objectRepository.removeWishListPage.getSelectJewellery(removeWishListPage.java:33)
at objectRepository.removeWishListPage.getSelectJewellery(removeWishListPage.java:33)
at objectRepository.removeWishListPage.getSelectJewellery(removeWishListPage.java:33)
at objectRepository.removeWishListPage.getSelectJewellery(removeWishListPage.java:33)
at objectRepository.removeWishListPage.getSelectJewellery(removeWishListPage.java:33)
at objectRepository.removeWishListPage.getSelectJewellery(removeWishListPage.java:33)
at objectRepository.removeWishListPage.getSelectJewellery(removeWishListPage.java:33)
at objectRepository.removeWishListPage.getSelectJewellery(removeWishListPage.java:33)
at objectRepository.removeWishListPage.getSelectJewellery(removeWishListPage.java:33)
at objectRepository.removeWishListPage.getSelectJewellery(removeWishListPage.java:33)
at objectRepository.removeWishListPage.getSelectJewellery(removeWishListPage.java:33)
at objectRepository.removeWishListPage.getSelectJewellery(removeWishListPage.java:33)
at objectRepository.removeWishListPage.getSelectJewellery(removeWishListPage.java:33)
at objectRepository.removeWishListPage.getSelectJewellery(removeWishListPage.java:33)
at objectRepository.removeWishListPage.getSelectJewellery(removeWishListPage.java:33)
at objectRepository.removeWishListPage.getSelectJewellery(removeWishListPage.java:33)
at objectRepository.removeWishListPage.getSelectJewellery(removeWishListPage.java:33)
at objectRepository.removeWishListPage.getSelectJewellery(removeWishListPage.java:33)
at objectRepository.removeWishListPage.getSelectJewellery(removeWishListPage.java:33)
at objectRepository.removeWishListPage.getSelectJewellery(removeWishListPage.java:33)
at objectRepository.removeWishListPage.getSelectJewellery(removeWishListPage.java:33)
at objectRepository.removeWishListPage.getSelectJewellery(removeWishListPage.java:33)
at objectRepository.removeWishListPage.getSelectJewellery(removeWishListPage.java:33)
at objectRepository.removeWishListPage.getSelectJewellery(removeWishListPage.java:33)
at objectRepository.removeWishListPage.getSelectJewellery(removeWishListPage.java:33)
at objectRepository.removeWishListPage.getSelectJewellery(removeWishListPage.java:33)
at objectRepository.removeWishListPage.getSelectJewellery(removeWishListPage.java:33)
at objectRepository.removeWishListPage.getSelectJewellery(removeWishListPage.java:33)
at objectRepository.removeWishListPage.getSelectJewellery(removeWishListPage.java:33)
at objectRepository.removeWishListPage.getSelectJewellery(removeWishListPage.java:33)
at objectRepository.removeWishListPage.getSelectJewellery(removeWishListPage.java:33)
at objectRepository.removeWishListPage.getSelectJewellery(removeWishListPage.java:33)
at objectRepository.removeWishListPage.getSelectJewellery(removeWishListPage.java:33)
at objectRepository.removeWishListPage.getSelectJewellery(removeWishListPage.java:33)
at objectRepository.removeWishListPage.getSelectJewellery(removeWishListPage.java:33)
at objectRepository.removeWishListPage.getSelectJewellery(removeWishListPage.java:33)
at objectRepository.removeWishListPage.getSelectJewellery(removeWishListPage.java:33)
at objectRepository.removeWishListPage.getSelectJewellery(removeWishListPage.java:33)
at objectRepository.removeWishListPage.getSelectJewellery(removeWishListPage.java:33)
at objectRepository.removeWishListPage.getSelectJewellery(removeWishListPage.java:33)
at objectRepository.removeWishListPage.getSelectJewellery(removeWishListPage.java:33)
at objectRepository.removeWishListPage.getSelectJewellery(removeWishListPage.java:33)
at objectRepository.removeWishListPage.getSelectJewellery(removeWishListPage.java:33)
at objectRepository.removeWishListPage.getSelectJewellery(removeWishListPage.java:33)
at objectRepository.removeWishListPage.getSelectJewellery(removeWishListPage.java:33)
at objectRepository.removeWishListPage.getSelectJewellery(removeWishListPage.java:33)
at objectRepository.removeWishListPage.getSelectJewellery(removeWishListPage.java:33)
at objectRepository.removeWishListPage.getSelectJewellery(removeWishListPage.java:33)
at objectRepository.removeWishListPage.getSelectJewellery(removeWishListPage.java:33)
at objectRepository.removeWishListPage.getSelectJewellery(removeWishListPage.java:33)
at objectRepository.removeWishListPage.getSelectJewellery(removeWishListPage.java:33)
at objectRepository.removeWishListPage.getSelectJewellery(removeWishListPage.java:33)
at objectRepository.removeWishListPage.getSelectJewellery(removeWishListPage.java:33)
at objectRepository.removeWishListPage.getSelectJewellery(removeWishListPage.java:33)
at objectRepository.removeWishListPage.getSelectJewellery(removeWishListPage.java:33)
at objectRepository.removeWishListPage.getSelectJewellery(removeWishListPage.java:33)
at objectRepository.removeWishListPage.getSelectJewellery(removeWishListPage.java:33)
at objectRepository.removeWishListPage.getSelectJewellery(removeWishListPage.java:33)
at objectRepository.removeWishListPage.getSelectJewellery(removeWishListPage.java:33)
at objectRepository.removeWishListPage.getSelectJewellery(removeWishListPage.java:33)
at objectRepository.removeWishListPage.getSelectJewellery(removeWishListPage.java:33)
at objectRepository.removeWishListPage.getSelectJewellery(removeWishListPage.java:33)
at objectRepository.removeWishListPage.getSelectJewellery(removeWishListPage.java:33)
at objectRepository.removeWishListPage.getSelectJewellery(removeWishListPage.java:33)
at objectRepository.removeWishListPage.getSelectJewellery(removeWishListPage.java:33)
at objectRepository.removeWishListPage.getSelectJewellery(removeWishListPage.java:33)
at objectRepository.removeWishListPage.getSelectJewellery(removeWishListPage.java:33)
at objectRepository.removeWishListPage.getSelectJewellery(removeWishListPage.java:33)
at objectRepository.removeWishListPage.getSelectJewellery(removeWishListPage.java:33)
at objectRepository.removeWishListPage.getSelectJewellery(removeWishListPage.java:33)
at objectRepository.removeWishListPage.getSelectJewellery(removeWishListPage.java:33)
at objectRepository.removeWishListPage.getSelectJewellery(removeWishListPage.java:33)
at objectRepository.removeWishListPage.getSelectJewellery(removeWishListPage.java:33)
at objectRepository.removeWishListPage.getSelectJewellery(removeWishListPage.java:33)
at objectRepository.removeWishListPage.getSelectJewellery(removeWishListPage.java:33)
at objectRepository.removeWishListPage.getSelectJewellery(removeWishListPage.java:33)
at objectRepository.removeWishListPage.getSelectJewellery(removeWishListPage.java:33)
at objectRepository.removeWishListPage.getSelectJewellery(removeWishListPage.java:33)
at objectRepository.removeWishListPage.getSelectJewellery(removeWishListPage.java:33)
at objectRepository.removeWishListPage.getSelectJewellery(removeWishListPage.java:33)
at objectRepository.removeWishListPage.getSelectJewellery(removeWishListPage.java:33)
at objectRepository.removeWishListPage.getSelectJewellery(removeWishListPage.java:33)
at objectRepository.removeWishListPage.getSelectJewellery(removeWishListPage.java:33)
at objectRepository.removeWishListPage.getSelectJewellery(removeWishListPage.java:33)
at objectRepository.removeWishListPage.getSelectJewellery(removeWishListPage.java:33)
at objectRepository.removeWishListPage.getSelectJewellery(removeWishListPage.java:33)
at objectRepository.removeWishListPage.getSelectJewellery(removeWishListPage.java:33)
at objectRepository.removeWishListPage.getSelectJewellery(removeWishListPage.java:33)
at objectRepository.removeWishListPage.getSelectJewellery(removeWishListPage.java:33)
at objectRepository.removeWishListPage.getSelectJewellery(removeWishListPage.java:33)
at objectRepository.removeWishListPage.getSelectJewellery(removeWishListPage.java:33)
at objectRepository.removeWishListPage.getSelectJewellery(removeWishListPage.java:33)
at objectRepository.removeWishListPage.getSelectJewellery(removeWishListPage.java:33)
at objectRepository.removeWishListPage.getSelectJewellery(removeWishListPage.java:33)
at objectRepository.removeWishListPage.getSelectJewellery(removeWishListPage.java:33)
at objectRepository.removeWishListPage.getSelectJewellery(removeWishListPage.java:33)
at objectRepository.removeWishListPage.getSelectJewellery(removeWishListPage.java:33)
at objectRepository.removeWishListPage.getSelectJewellery(removeWishListPage.java:33)
at objectRepository.removeWishListPage.getSelectJewellery(removeWishListPage.java:33)
at objectRepository.removeWishListPage.getSelectJewellery(removeWishListPage.java:33)
at objectRepository.removeWishListPage.getSelectJewellery(removeWishListPage.java:33)
at objectRepository.removeWishListPage.getSelectJewellery(removeWishListPage.java:33)
at objectRepository.removeWishListPage.getSelectJewellery(removeWishListPage.java:33)
at objectRepository.removeWishListPage.getSelectJewellery(removeWishListPage.java:33)
at objectRepository.removeWishListPage.getSelectJewellery(removeWishListPage.java:33)
at objectRepository.removeWishListPage.getSelectJewellery(removeWishListPage.java:33)
at objectRepository.removeWishListPage.getSelectJewellery(removeWishListPage.java:33)
at objectRepository.removeWishListPage.getSelectJewellery(removeWishListPage.java:33)
at objectRepository.removeWishListPage.getSelectJewellery(removeWishListPage.java:33)
at objectRepository.removeWishListPage.getSelectJewellery(removeWishListPage.java:33)
at objectRepository.removeWishListPage.getSelectJewellery(removeWishListPage.java:33)
at objectRepository.removeWishListPage.getSelectJewellery(removeWishListPage.java:33)
at objectRepository.removeWishListPage.getSelectJewellery(removeWishListPage.java:33)
at objectRepository.removeWishListPage.getSelectJewellery(removeWishListPage.java:33)
at objectRepository.removeWishListPage.getSelectJewellery(removeWishListPage.java:33)
at objectRepository.removeWishListPage.getSelectJewellery(removeWishListPage.java:33)
at objectRepository.removeWishListPage.getSelectJewellery(removeWishListPage.java:33)
at objectRepository.removeWishListPage.getSelectJewellery(removeWishListPage.java:33)
at objectRepository.removeWishListPage.getSelectJewellery(removeWishListPage.java:33)
at objectRepository.removeWishListPage.getSelectJewellery(removeWishListPage.java:33)
at objectRepository.removeWishListPage.getSelectJewellery(removeWishListPage.java:33)
at objectRepository.removeWishListPage.getSelectJewellery(removeWishListPage.java:33)
at objectRepository.removeWishListPage.getSelectJewellery(removeWishListPage.java:33)
at objectRepository.removeWishListPage.getSelectJewellery(removeWishListPage.java:33)
at objectRepository.removeWishListPage.getSelectJewellery(removeWishListPage.java:33)
at objectRepository.removeWishListPage.getSelectJewellery(removeWishListPage.java:33)
at objectRepository.removeWishListPage.getSelectJewellery(removeWishListPage.java:33)
at objectRepository.removeWishListPage.getSelectJewellery(removeWishListPage.java:33)
at objectRepository.removeWishListPage.getSelectJewellery(removeWishListPage.java:33)
at objectRepository.removeWishListPage.getSelectJewellery(removeWishListPage.java:33)
at objectRepository.removeWishListPage.getSelectJewellery(removeWishListPage.java:33)
at objectRepository.removeWishListPage.getSelectJewellery(removeWishListPage.java:33)
at objectRepository.removeWishListPage.getSelectJewellery(removeWishListPage.java:33)
at objectRepository.removeWishListPage.getSelectJewellery(removeWishListPage.java:33)
at objectRepository.removeWishListPage.getSelectJewellery(removeWishListPage.java:33)
at objectRepository.removeWishListPage.getSelectJewellery(removeWishListPage.java:33)
at objectRepository.removeWishListPage.getSelectJewellery(removeWishListPage.java:33)
at objectRepository.removeWishListPage.getSelectJewellery(removeWishListPage.java:33)
at objectRepository.removeWishListPage.getSelectJewellery(removeWishListPage.java:33)
at objectRepository.removeWishListPage.getSelectJewellery(removeWishListPage.java:33)
at objectRepository.removeWishListPage.getSelectJewellery(removeWishListPage.java:33)
at objectRepository.removeWishListPage.getSelectJewellery(removeWishListPage.java:33)
at objectRepository.removeWishListPage.getSelectJewellery(removeWishListPage.java:33)
at objectRepository.removeWishListPage.getSelectJewellery(removeWishListPage.java:33)
at objectRepository.removeWishListPage.getSelectJewellery(removeWishListPage.java:33)
at objectRepository.removeWishListPage.getSelectJewellery(removeWishListPage.java:33)
at objectRepository.removeWishListPage.getSelectJewellery(removeWishListPage.java:33)
at objectRepository.removeWishListPage.getSelectJewellery(removeWishListPage.java:33)
at objectRepository.removeWishListPage.getSelectJewellery(removeWishListPage.java:33)
at objectRepository.removeWishListPage.getSelectJewellery(removeWishListPage.java:33)
at objectRepository.removeWishListPage.getSelectJewellery(removeWishListPage.java:33)
at objectRepository.removeWishListPage.getSelectJewellery(removeWishListPage.java:33)
at objectRepository.removeWishListPage.getSelectJewellery(removeWishListPage.java:33)
at objectRepository.removeWishListPage.getSelectJewellery(removeWishListPage.java:33)
at objectRepository.removeWishListPage.getSelectJewellery(removeWishListPage.java:33)
at objectRepository.removeWishListPage.getSelectJewellery(removeWishListPage.java:33)
at objectRepository.removeWishListPage.getSelectJewellery(removeWishListPage.java:33)
at objectRepository.removeWishListPage.getSelectJewellery(removeWishListPage.java:33)
at objectRepository.removeWishListPage.getSelectJewellery(removeWishListPage.java:33)
at objectRepository.removeWishListPage.getSelectJewellery(removeWishListPage.java:33)
at objectRepository.removeWishListPage.getSelectJewellery(removeWishListPage.java:33)
at objectRepository.removeWishListPage.getSelectJewellery(removeWishListPage.java:33)
at objectRepository.removeWishListPage.getSelectJewellery(removeWishListPage.java:33)
at objectRepository.removeWishListPage.getSelectJewellery(removeWishListPage.java:33)
at objectRepository.removeWishListPage.getSelectJewellery(removeWishListPage.java:33)
at objectRepository.removeWishListPage.getSelectJewellery(removeWishListPage.java:33)
at objectRepository.removeWishListPage.getSelectJewellery(removeWishListPage.java:33)
at objectRepository.removeWishListPage.getSelectJewellery(removeWishListPage.java:33)
at objectRepository.removeWishListPage.getSelectJewellery(removeWishListPage.java:33)
at objectRepository.removeWishListPage.getSelectJewellery(removeWishListPage.java:33)
at objectRepository.removeWishListPage.getSelectJewellery(removeWishListPage.java:33)
at objectRepository.removeWishListPage.getSelectJewellery(removeWishListPage.java:33)
at objectRepository.removeWishListPage.getSelectJewellery(removeWishListPage.java:33)
at objectRepository.removeWishListPage.getSelectJewellery(removeWishListPage.java:33)
at objectRepository.removeWishListPage.getSelectJewellery(removeWishListPage.java:33)
at objectRepository.removeWishListPage.getSelectJewellery(removeWishListPage.java:33)
at objectRepository.removeWishListPage.getSelectJewellery(removeWishListPage.java:33)
at objectRepository.removeWishListPage.getSelectJewellery(removeWishListPage.java:33)
at objectRepository.removeWishListPage.getSelectJewellery(removeWishListPage.java:33)
at objectRepository.removeWishListPage.getSelectJewellery(removeWishListPage.java:33)
at objectRepository.removeWishListPage.getSelectJewellery(removeWishListPage.java:33)
at objectRepository.removeWishListPage.getSelectJewellery(removeWishListPage.java:33)
at objectRepository.removeWishListPage.getSelectJewellery(removeWishListPage.java:33)
at objectRepository.removeWishListPage.getSelectJewellery(removeWishListPage.java:33)
at objectRepository.removeWishListPage.getSelectJewellery(removeWishListPage.java:33)
at objectRepository.removeWishListPage.getSelectJewellery(removeWishListPage.java:33)
at objectRepository.removeWishListPage.getSelectJewellery(removeWishListPage.java:33)
at objectRepository.removeWishListPage.getSelectJewellery(removeWishListPage.java:33)
at objectRepository.removeWishListPage.getSelectJewellery(removeWishListPage.java:33)
at objectRepository.removeWishListPage.getSelectJewellery(removeWishListPage.java:33)
at objectRepository.removeWishListPage.getSelectJewellery(removeWishListPage.java:33)
at objectRepository.removeWishListPage.getSelectJewellery(removeWishListPage.java:33)
at objectRepository.removeWishListPage.getSelectJewellery(removeWishListPage.java:33)
at objectRepository.removeWishListPage.getSelectJewellery(removeWishListPage.java:33)
at objectRepository.removeWishListPage.getSelectJewellery(removeWishListPage.java:33)
at objectRepository.removeWishListPage.getSelectJewellery(removeWishListPage.java:33)
at objectRepository.removeWishListPage.getSelectJewellery(removeWishListPage.java:33)
at objectRepository.removeWishListPage.getSelectJewellery(removeWishListPage.java:33)
at objectRepository.removeWishListPage.getSelectJewellery(removeWishListPage.java:33)
at objectRepository.removeWishListPage.getSelectJewellery(removeWishListPage.java:33)
at objectRepository.removeWishListPage.getSelectJewellery(removeWishListPage.java:33)
at objectRepository.removeWishListPage.getSelectJewellery(removeWishListPage.java:33)
at objectRepository.removeWishListPage.getSelectJewellery(removeWishListPage.java:33)
at objectRepository.removeWishListPage.getSelectJewellery(removeWishListPage.java:33)
at objectRepository.removeWishListPage.getSelectJewellery(removeWishListPage.java:33)
at objectRepository.removeWishListPage.getSelectJewellery(removeWishListPage.java:33)
at objectRepository.removeWishListPage.getSelectJewellery(removeWishListPage.java:33)
at objectRepository.removeWishListPage.getSelectJewellery(removeWishListPage.java:33)
at objectRepository.removeWishListPage.getSelectJewellery(removeWishListPage.java:33)
at objectRepository.removeWishListPage.getSelectJewellery(removeWishListPage.java:33)
at objectRepository.removeWishListPage.getSelectJewellery(removeWishListPage.java:33)
at objectRepository.removeWishListPage.getSelectJewellery(removeWishListPage.java:33)
at objectRepository.removeWishListPage.getSelectJewellery(removeWishListPage.java:33)
at objectRepository.removeWishListPage.getSelectJewellery(removeWishListPage.java:33)
at objectRepository.removeWishListPage.getSelectJewellery(removeWishListPage.java:33)
at objectRepository.removeWishListPage.getSelectJewellery(removeWishListPage.java:33)
at objectRepository.removeWishListPage.getSelectJewellery(removeWishListPage.java:33)
at objectRepository.removeWishListPage.getSelectJewellery(removeWishListPage.java:33)
at objectRepository.removeWishListPage.getSelectJewellery(removeWishListPage.java:33)
at objectRepository.removeWishListPage.getSelectJewellery(removeWishListPage.java:33)
at objectRepository.removeWishListPage.getSelectJewellery(removeWishListPage.java:33)
at objectRepository.removeWishListPage.getSelectJewellery(removeWishListPage.java:33)
at objectRepository.removeWishListPage.getSelectJewellery(removeWishListPage.java:33)
at objectRepository.removeWishListPage.getSelectJewellery(removeWishListPage.java:33)
at objectRepository.removeWishListPage.getSelectJewellery(removeWishListPage.java:33)
at objectRepository.removeWishListPage.getSelectJewellery(removeWishListPage.java:33)
at objectRepository.removeWishListPage.getSelectJewellery(removeWishListPage.java:33)
at objectRepository.removeWishListPage.getSelectJewellery(removeWishListPage.java:33)
at objectRepository.removeWishListPage.getSelectJewellery(removeWishListPage.java:33)
at objectRepository.removeWishListPage.getSelectJewellery(removeWishListPage.java:33)
at objectRepository.removeWishListPage.getSelectJewellery(removeWishListPage.java:33)
at objectRepository.removeWishListPage.getSelectJewellery(removeWishListPage.java:33)
at objectRepository.removeWishListPage.getSelectJewellery(removeWishListPage.java:33)
at objectRepository.removeWishListPage.getSelectJewellery(removeWishListPage.java:33)
at objectRepository.removeWishListPage.getSelectJewellery(removeWishListPage.java:33)
at objectRepository.removeWishListPage.getSelectJewellery(removeWishListPage.java:33)
at objectRepository.removeWishListPage.getSelectJewellery(removeWishListPage.java:33)
at objectRepository.removeWishListPage.getSelectJewellery(removeWishListPage.java:33)
at objectRepository.removeWishListPage.getSelectJewellery(removeWishListPage.java:33)
at objectRepository.removeWishListPage.getSelectJewellery(removeWishListPage.java:33)
at objectRepository.removeWishListPage.getSelectJewellery(removeWishListPage.java:33)
at objectRepository.removeWishListPage.getSelectJewellery(removeWishListPage.java:33)
at objectRepository.removeWishListPage.getSelectJewellery(removeWishListPage.java:33)
at objectRepository.removeWishListPage.getSelectJewellery(removeWishListPage.java:33)
at objectRepository.removeWishListPage.getSelectJewellery(removeWishListPage.java:33)
at objectRepository.removeWishListPage.getSelectJewellery(removeWishListPage.java:33)
at objectRepository.removeWishListPage.getSelectJewellery(removeWishListPage.java:33)
at objectRepository.removeWishListPage.getSelectJewellery(removeWishListPage.java:33)
at objectRepository.removeWishListPage.getSelectJewellery(removeWishListPage.java:33)
at objectRepository.removeWishListPage.getSelectJewellery(removeWishListPage.java:33)
at objectRepository.removeWishListPage.getSelectJewellery(removeWishListPage.java:33)
at objectRepository.removeWishListPage.getSelectJewellery(removeWishListPage.java:33)
at objectRepository.removeWishListPage.getSelectJewellery(removeWishListPage.java:33)
at objectRepository.removeWishListPage.getSelectJewellery(removeWishListPage.java:33)
at objectRepository.removeWishListPage.getSelectJewellery(removeWishListPage.java:33)
at objectRepository.removeWishListPage.getSelectJewellery(removeWishListPage.java:33)
at objectRepository.removeWishListPage.getSelectJewellery(removeWishListPage.java:33)
at objectRepository.removeWishListPage.getSelectJewellery(removeWishListPage.java:33)
at objectRepository.removeWishListPage.getSelectJewellery(removeWishListPage.java:33)
at objectRepository.removeWishListPage.getSelectJewellery(removeWishListPage.java:33)
at objectRepository.removeWishListPage.getSelectJewellery(removeWishListPage.java:33)
at objectRepository.removeWishListPage.getSelectJewellery(removeWishListPage.java:33)
at objectRepository.removeWishListPage.getSelectJewellery(removeWishListPage.java:33)
at objectRepository.removeWishListPage.getSelectJewellery(removeWishListPage.java:33)
at objectRepository.removeWishListPage.getSelectJewellery(removeWishListPage.java:33)
at objectRepository.removeWishListPage.getSelectJewellery(removeWishListPage.java:33)
at objectRepository.removeWishListPage.getSelectJewellery(removeWishListPage.java:33)
at objectRepository.removeWishListPage.getSelectJewellery(removeWishListPage.java:33)
at objectRepository.removeWishListPage.getSelectJewellery(removeWishListPage.java:33)
at objectRepository.removeWishListPage.getSelectJewellery(removeWishListPage.java:33)
at objectRepository.removeWishListPage.getSelectJewellery(removeWishListPage.java:33)
at objectRepository.removeWishListPage.getSelectJewellery(removeWishListPage.java:33)
at objectRepository.removeWishListPage.getSelectJewellery(removeWishListPage.java:33)
at objectRepository.removeWishListPage.getSelectJewellery(removeWishListPage.java:33)
at objectRepository.removeWishListPage.getSelectJewellery(removeWishListPage.java:33)
at objectRepository.removeWishListPage.getSelectJewellery(removeWishListPage.java:33)
at objectRepository.removeWishListPage.getSelectJewellery(removeWishListPage.java:33)
at objectRepository.removeWishListPage.getSelectJewellery(removeWishListPage.java:33)
at objectRepository.removeWishListPage.getSelectJewellery(removeWishListPage.java:33)
at objectRepository.removeWishListPage.getSelectJewellery(removeWishListPage.java:33)
at objectRepository.removeWishListPage.getSelectJewellery(removeWishListPage.java:33)
at objectRepository.removeWishListPage.getSelectJewellery(removeWishListPage.java:33)
at objectRepository.removeWishListPage.getSelectJewellery(removeWishListPage.java:33)
at objectRepository.removeWishListPage.getSelectJewellery(removeWishListPage.java:33)
at objectRepository.removeWishListPage.getSelectJewellery(removeWishListPage.java:33)
at objectRepository.removeWishListPage.getSelectJewellery(removeWishListPage.java:33)
at objectRepository.removeWishListPage.getSelectJewellery(removeWishListPage.java:33)
at objectRepository.removeWishListPage.getSelectJewellery(removeWishListPage.java:33)
at objectRepository.removeWishListPage.getSelectJewellery(removeWishListPage.java:33)
at objectRepository.removeWishListPage.getSelectJewellery(removeWishListPage.java:33)
at objectRepository.removeWishListPage.getSelectJewellery(removeWishListPage.java:33)
at objectRepository.removeWishListPage.getSelectJewellery(removeWishListPage.java:33)
at objectRepository.removeWishListPage.getSelectJewellery(removeWishListPage.java:33)
at objectRepository.removeWishListPage.getSelectJewellery(removeWishListPage.java:33)
at objectRepository.removeWishListPage.getSelectJewellery(removeWishListPage.java:33)
at objectRepository.removeWishListPage.getSelectJewellery(removeWishListPage.java:33)
at objectRepository.removeWishListPage.getSelectJewellery(removeWishListPage.java:33)
at objectRepository.removeWishListPage.getSelectJewellery(removeWishListPage.java:33)
at objectRepository.removeWishListPage.getSelectJewellery(removeWishListPage.java:33)
at objectRepository.removeWishListPage.getSelectJewellery(removeWishListPage.java:33)
at objectRepository.removeWishListPage.getSelectJewellery(removeWishListPage.java:33)
at objectRepository.removeWishListPage.getSelectJewellery(removeWishListPage.java:33)
at objectRepository.removeWishListPage.getSelectJewellery(removeWishListPage.java:33)
at objectRepository.removeWishListPage.getSelectJewellery(removeWishListPage.java:33)
at objectRepository.removeWishListPage.getSelectJewellery(removeWishListPage.java:33)
at objectRepository.removeWishListPage.getSelectJewellery(removeWishListPage.java:33)
at objectRepository.removeWishListPage.getSelectJewellery(removeWishListPage.java:33)
at objectRepository.removeWishListPage.getSelectJewellery(removeWishListPage.java:33)
at objectRepository.removeWishListPage.getSelectJewellery(removeWishListPage.java:33)
at objectRepository.removeWishListPage.getSelectJewellery(removeWishListPage.java:33)
at objectRepository.removeWishListPage.getSelectJewellery(removeWishListPage.java:33)
at objectRepository.removeWishListPage.getSelectJewellery(removeWishListPage.java:33)
at objectRepository.removeWishListPage.getSelectJewellery(removeWishListPage.java:33)
at objectRepository.removeWishListPage.getSelectJewellery(removeWishListPage.java:33)
at objectRepository.removeWishListPage.getSelectJewellery(removeWishListPage.java:33)
at objectRepository.removeWishListPage.getSelectJewellery(removeWishListPage.java:33)
at objectRepository.removeWishListPage.getSelectJewellery(removeWishListPage.java:33)
at objectRepository.removeWishListPage.getSelectJewellery(removeWishListPage.java:33)
at objectRepository.removeWishListPage.getSelectJewellery(removeWishListPage.java:33)
at objectRepository.removeWishListPage.getSelectJewellery(removeWishListPage.java:33)
at objectRepository.removeWishListPage.getSelectJewellery(removeWishListPage.java:33)
at objectRepository.removeWishListPage.getSelectJewellery(removeWishListPage.java:33)
at objectRepository.removeWishListPage.getSelectJewellery(removeWishListPage.java:33)
at objectRepository.removeWishListPage.getSelectJewellery(removeWishListPage.java:33)
at objectRepository.removeWishListPage.getSelectJewellery(removeWishListPage.java:33)
at objectRepository.removeWishListPage.getSelectJewellery(removeWishListPage.java:33)
at objectRepository.removeWishListPage.getSelectJewellery(removeWishListPage.java:33)
at objectRepository.removeWishListPage.getSelectJewellery(removeWishListPage.java:33)
at objectRepository.removeWishListPage.getSelectJewellery(removeWishListPage.java:33)
at objectRepository.removeWishListPage.getSelectJewellery(removeWishListPage.java:33)
at objectRepository.removeWishListPage.getSelectJewellery(removeWishListPage.java:33)
at objectRepository.removeWishListPage.getSelectJewellery(removeWishListPage.java:33)
at objectRepository.removeWishListPage.getSelectJewellery(removeWishListPage.java:33)
at objectRepository.removeWishListPage.getSelectJewellery(removeWishListPage.java:33)
at objectRepository.removeWishListPage.getSelectJewellery(removeWishListPage.java:33)
at objectRepository.removeWishListPage.getSelectJewellery(removeWishListPage.java:33)
at objectRepository.removeWishListPage.getSelectJewellery(removeWishListPage.java:33)
at objectRepository.removeWishListPage.getSelectJewellery(removeWishListPage.java:33)
at objectRepository.removeWishListPage.getSelectJewellery(removeWishListPage.java:33)
at objectRepository.removeWishListPage.getSelectJewellery(removeWishListPage.java:33)
at objectRepository.removeWishListPage.getSelectJewellery(removeWishListPage.java:33)
at objectRepository.removeWishListPage.getSelectJewellery(removeWishListPage.java:33)
at objectRepository.removeWishListPage.getSelectJewellery(removeWishListPage.java:33)
at objectRepository.removeWishListPage.getSelectJewellery(removeWishListPage.java:33)
at objectRepository.removeWishListPage.getSelectJewellery(removeWishListPage.java:33)
at objectRepository.removeWishListPage.getSelectJewellery(removeWishListPage.java:33)
at objectRepository.removeWishListPage.getSelectJewellery(removeWishListPage.java:33)
at objectRepository.removeWishListPage.getSelectJewellery(removeWishListPage.java:33)
at objectRepository.removeWishListPage.getSelectJewellery(removeWishListPage.java:33)
at objectRepository.removeWishListPage.getSelectJewellery(removeWishListPage.java:33)
at objectRepository.removeWishListPage.getSelectJewellery(removeWishListPage.java:33)
at objectRepository.removeWishListPage.getSelectJewellery(removeWishListPage.java:33)
at objectRepository.removeWishListPage.getSelectJewellery(removeWishListPage.java:33)
at objectRepository.removeWishListPage.getSelectJewellery(removeWishListPage.java:33)
at objectRepository.removeWishListPage.getSelectJewellery(removeWishListPage.java:33)
at objectRepository.removeWishListPage.getSelectJewellery(removeWishListPage.java:33)
at objectRepository.removeWishListPage.getSelectJewellery(removeWishListPage.java:33)
at objectRepository.removeWishListPage.getSelectJewellery(removeWishListPage.java:33)
at objectRepository.removeWishListPage.getSelectJewellery(removeWishListPage.java:33)
at objectRepository.removeWishListPage.getSelectJewellery(removeWishListPage.java:33)
at objectRepository.removeWishListPage.getSelectJewellery(removeWishListPage.java:33)
at objectRepository.removeWishListPage.getSelectJewellery(removeWishListPage.java:33)
at objectRepository.removeWishListPage.getSelectJewellery(removeWishListPage.java:33)
at objectRepository.removeWishListPage.getSelectJewellery(removeWishListPage.java:33)
at objectRepository.removeWishListPage.getSelectJewellery(removeWishListPage.java:33)
at objectRepository.removeWishListPage.getSelectJewellery(removeWishListPage.java:33)
at objectRepository.removeWishListPage.getSelectJewellery(removeWishListPage.java:33)
at objectRepository.removeWishListPage.getSelectJewellery(removeWishListPage.java:33)
at objectRepository.removeWishListPage.getSelectJewellery(removeWishListPage.java:33)
at objectRepository.removeWishListPage.getSelectJewellery(removeWishListPage.java:33)
at objectRepository.removeWishListPage.getSelectJewellery(removeWishListPage.java:33)
at objectRepository.removeWishListPage.getSelectJewellery(removeWishListPage.java:33)
at objectRepository.removeWishListPage.getSelectJewellery(removeWishListPage.java:33)
at objectRepository.removeWishListPage.getSelectJewellery(removeWishListPage.java:33)
at objectRepository.removeWishListPage.getSelectJewellery(removeWishListPage.java:33)
at objectRepository.removeWishListPage.getSelectJewellery(removeWishListPage.java:33)
at objectRepository.removeWishListPage.getSelectJewellery(removeWishListPage.java:33)
at objectRepository.removeWishListPage.getSelectJewellery(removeWishListPage.java:33)
at objectRepository.removeWishListPage.getSelectJewellery(removeWishListPage.java:33)
at objectRepository.removeWishListPage.getSelectJewellery(removeWishListPage.java:33)
at objectRepository.removeWishListPage.getSelectJewellery(removeWishListPage.java:33)
at objectRepository.removeWishListPage.getSelectJewellery(removeWishListPage.java:33)
at objectRepository.removeWishListPage.getSelectJewellery(removeWishListPage.java:33)
at objectRepository.removeWishListPage.getSelectJewellery(removeWishListPage.java:33)
at objectRepository.removeWishListPage.getSelectJewellery(removeWishListPage.java:33)
at objectRepository.removeWishListPage.getSelectJewellery(removeWishListPage.java:33)
at objectRepository.removeWishListPage.getSelectJewellery(removeWishListPage.java:33)
at objectRepository.removeWishListPage.getSelectJewellery(removeWishListPage.java:33)
at objectRepository.removeWishListPage.getSelectJewellery(removeWishListPage.java:33)
at objectRepository.removeWishListPage.getSelectJewellery(removeWishListPage.java:33)
at objectRepository.removeWishListPage.getSelectJewellery(removeWishListPage.java:33)
at objectRepository.removeWishListPage.getSelectJewellery(removeWishListPage.java:33)
at objectRepository.removeWishListPage.getSelectJewellery(removeWishListPage.java:33)
at objectRepository.removeWishListPage.getSelectJewellery(removeWishListPage.java:33)
at objectRepository.removeWishListPage.getSelectJewellery(removeWishListPage.java:33)
at objectRepository.removeWishListPage.getSelectJewellery(removeWishListPage.java:33)
at objectRepository.removeWishListPage.getSelectJewellery(removeWishListPage.java:33)
at objectRepository.removeWishListPage.getSelectJewellery(removeWishListPage.java:33)
at objectRepository.removeWishListPage.getSelectJewellery(removeWishListPage.java:33)
at objectRepository.removeWishListPage.getSelectJewellery(removeWishListPage.java:33)
at objectRepository.removeWishListPage.getSelectJewellery(removeWishListPage.java:33)
at objectRepository.removeWishListPage.getSelectJewellery(removeWishListPage.java:33)
at objectRepository.removeWishListPage.getSelectJewellery(removeWishListPage.java:33)
at objectRepository.removeWishListPage.getSelectJewellery(removeWishListPage.java:33)
at objectRepository.removeWishListPage.getSelectJewellery(removeWishListPage.java:33)
at objectRepository.removeWishListPage.getSelectJewellery(removeWishListPage.java:33)
at objectRepository.removeWishListPage.getSelectJewellery(removeWishListPage.java:33)
at objectRepository.removeWishListPage.getSelectJewellery(removeWishListPage.java:33)
at objectRepository.removeWishListPage.getSelectJewellery(removeWishListPage.java:33)
at objectRepository.removeWishListPage.getSelectJewellery(removeWishListPage.java:33)
at objectRepository.removeWishListPage.getSelectJewellery(removeWishListPage.java:33)
at objectRepository.removeWishListPage.getSelectJewellery(removeWishListPage.java:33)
at objectRepository.removeWishListPage.getSelectJewellery(removeWishListPage.java:33)
at objectRepository.removeWishListPage.getSelectJewellery(removeWishListPage.java:33)
at objectRepository.removeWishListPage.getSelectJewellery(removeWishListPage.java:33)
at objectRepository.removeWishListPage.getSelectJewellery(removeWishListPage.java:33)
at objectRepository.removeWishListPage.getSelectJewellery(removeWishListPage.java:33)
at objectRepository.removeWishListPage.getSelectJewellery(removeWishListPage.java:33)
at objectRepository.removeWishListPage.getSelectJewellery(removeWishListPage.java:33)
at objectRepository.removeWishListPage.getSelectJewellery(removeWishListPage.java:33)
at objectRepository.removeWishListPage.getSelectJewellery(removeWishListPage.java:33)
at objectRepository.removeWishListPage.getSelectJewellery(removeWishListPage.java:33)
at objectRepository.removeWishListPage.getSelectJewellery(removeWishListPage.java:33)
at objectRepository.removeWishListPage.getSelectJewellery(removeWishListPage.java:33)
at objectRepository.removeWishListPage.getSelectJewellery(removeWishListPage.java:33)
at objectRepository.removeWishListPage.getSelectJewellery(removeWishListPage.java:33)
at objectRepository.removeWishListPage.getSelectJewellery(removeWishListPage.java:33)
at objectRepository.removeWishListPage.getSelectJewellery(removeWishListPage.java:33)
at objectRepository.removeWishListPage.getSelectJewellery(removeWishListPage.java:33)
at objectRepository.removeWishListPage.getSelectJewellery(removeWishListPage.java:33)
at objectRepository.removeWishListPage.getSelectJewellery(removeWishListPage.java:33)
at objectRepository.removeWishListPage.getSelectJewellery(removeWishListPage.java:33)
at objectRepository.removeWishListPage.getSelectJewellery(removeWishListPage.java:33)
at objectRepository.removeWishListPage.getSelectJewellery(removeWishListPage.java:33)
at objectRepository.removeWishListPage.getSelectJewellery(removeWishListPage.java:33)
at objectRepository.removeWishListPage.getSelectJewellery(removeWishListPage.java:33)
at objectRepository.removeWishListPage.getSelectJewellery(removeWishListPage.java:33)
at objectRepository.removeWishListPage.getSelectJewellery(removeWishListPage.java:33)
at objectRepository.removeWishListPage.getSelectJewellery(removeWishListPage.java:33)
at objectRepository.removeWishListPage.getSelectJewellery(removeWishListPage.java:33)
at objectRepository.removeWishListPage.getSelectJewellery(removeWishListPage.java:33)
at objectRepository.removeWishListPage.getSelectJewellery(removeWishListPage.java:33)
at objectRepository.removeWishListPage.getSelectJewellery(removeWishListPage.java:33)
at objectRepository.removeWishListPage.getSelectJewellery(removeWishListPage.java:33)
at objectRepository.removeWishListPage.getSelectJewellery(removeWishListPage.java:33)
at objectRepository.removeWishListPage.getSelectJewellery(removeWishListPage.java:33)
at objectRepository.removeWishListPage.getSelectJewellery(removeWishListPage.java:33)
at objectRepository.removeWishListPage.getSelectJewellery(removeWishListPage.java:33)
at objectRepository.removeWishListPage.getSelectJewellery(removeWishListPage.java:33)
at objectRepository.removeWishListPage.getSelectJewellery(removeWishListPage.java:33)
at objectRepository.removeWishListPage.getSelectJewellery(removeWishListPage.java:33)
at objectRepository.removeWishListPage.getSelectJewellery(removeWishListPage.java:33)
at objectRepository.removeWishListPage.getSelectJewellery(removeWishListPage.java:33)
at objectRepository.removeWishListPage.getSelectJewellery(removeWishListPage.java:33)
at objectRepository.removeWishListPage.getSelectJewellery(removeWishListPage.java:33)
at objectRepository.removeWishListPage.getSelectJewellery(removeWishListPage.java:33)
at objectRepository.removeWishListPage.getSelectJewellery(removeWishListPage.java:33)
at objectRepository.removeWishListPage.getSelectJewellery(removeWishListPage.java:33)
at objectRepository.removeWishListPage.getSelectJewellery(removeWishListPage.java:33)
at objectRepository.removeWishListPage.getSelectJewellery(removeWishListPage.java:33)
at objectRepository.removeWishListPage.getSelectJewellery(removeWishListPage.java:33)
at objectRepository.removeWishListPage.getSelectJewellery(removeWishListPage.java:33)
at objectRepository.removeWishListPage.getSelectJewellery(removeWishListPage.java:33)
at objectRepository.removeWishListPage.getSelectJewellery(removeWishListPage.java:33)
at objectRepository.removeWishListPage.getSelectJewellery(removeWishListPage.java:33)
at objectRepository.removeWishListPage.getSelectJewellery(removeWishListPage.java:33)
at objectRepository.removeWishListPage.getSelectJewellery(removeWishListPage.java:33)
at objectRepository.removeWishListPage.getSelectJewellery(removeWishListPage.java:33)
at objectRepository.removeWishListPage.getSelectJewellery(removeWishListPage.java:33)
at objectRepository.removeWishListPage.getSelectJewellery(removeWishListPage.java:33)
at objectRepository.removeWishListPage.getSelectJewellery(removeWishListPage.java:33)
at objectRepository.removeWishListPage.getSelectJewellery(removeWishListPage.java:33)
at objectRepository.removeWishListPage.getSelectJewellery(removeWishListPage.java:33)
at objectRepository.removeWishListPage.getSelectJewellery(removeWishListPage.java:33)
at objectRepository.removeWishListPage.getSelectJewellery(removeWishListPage.java:33)
at objectRepository.removeWishListPage.getSelectJewellery(removeWishListPage.java:33)
at objectRepository.removeWishListPage.getSelectJewellery(removeWishListPage.java:33)
at objectRepository.removeWishListPage.getSelectJewellery(removeWishListPage.java:33)
at objectRepository.removeWishListPage.getSelectJewellery(removeWishListPage.java:33)
at objectRepository.removeWishListPage.getSelectJewellery(removeWishListPage.java:33)
at objectRepository.removeWishListPage.getSelectJewellery(removeWishListPage.java:33)
at objectRepository.removeWishListPage.getSelectJewellery(removeWishListPage.java:33)
at objectRepository.removeWishListPage.getSelectJewellery(removeWishListPage.java:33)
at objectRepository.removeWishListPage.getSelectJewellery(removeWishListPage.java:33)
at objectRepository.removeWishListPage.getSelectJewellery(removeWishListPage.java:33)
at objectRepository.removeWishListPage.getSelectJewellery(removeWishListPage.java:33)
at objectRepository.removeWishListPage.getSelectJewellery(removeWishListPage.java:33)
at objectRepository.removeWishListPage.getSelectJewellery(removeWishListPage.java:33)
at objectRepository.removeWishListPage.getSelectJewellery(removeWishListPage.java:33)
at objectRepository.removeWishListPage.getSelectJewellery(removeWishListPage.java:33)
at objectRepository.removeWishListPage.getSelectJewellery(removeWishListPage.java:33)
at objectRepository.removeWishListPage.getSelectJewellery(removeWishListPage.java:33)
at objectRepository.removeWishListPage.getSelectJewellery(removeWishListPage.java:33)
at objectRepository.removeWishListPage.getSelectJewellery(removeWishListPage.java:33)
at objectRepository.removeWishListPage.getSelectJewellery(removeWishListPage.java:33)
at objectRepository.removeWishListPage.getSelectJewellery(removeWishListPage.java:33)
at objectRepository.removeWishListPage.getSelectJewellery(removeWishListPage.java:33)
at objectRepository.removeWishListPage.getSelectJewellery(removeWishListPage.java:33)
at objectRepository.removeWishListPage.getSelectJewellery(removeWishListPage.java:33)
at objectRepository.removeWishListPage.getSelectJewellery(removeWishListPage.java:33)
at objectRepository.removeWishListPage.getSelectJewellery(removeWishListPage.java:33)
at objectRepository.removeWishListPage.getSelectJewellery(removeWishListPage.java:33)
at objectRepository.removeWishListPage.getSelectJewellery(removeWishListPage.java:33)
at objectRepository.removeWishListPage.getSelectJewellery(removeWishListPage.java:33)
at objectRepository.removeWishListPage.getSelectJewellery(removeWishListPage.java:33)
at objectRepository.removeWishListPage.getSelectJewellery(removeWishListPage.java:33)
at objectRepository.removeWishListPage.getSelectJewellery(removeWishListPage.java:33)
at objectRepository.removeWishListPage.getSelectJewellery(removeWishListPage.java:33)
at objectRepository.removeWishListPage.getSelectJewellery(removeWishListPage.java:33)
at objectRepository.removeWishListPage.getSelectJewellery(removeWishListPage.java:33)
at objectRepository.removeWishListPage.getSelectJewellery(removeWishListPage.java:33)
at objectRepository.removeWishListPage.getSelectJewellery(removeWishListPage.java:33)
at objectRepository.removeWishListPage.getSelectJewellery(removeWishListPage.java:33)
at objectRepository.removeWishListPage.getSelectJewellery(removeWishListPage.java:33)
at objectRepository.removeWishListPage.getSelectJewellery(removeWishListPage.java:33)
at objectRepository.removeWishListPage.getSelectJewellery(removeWishListPage.java:33)
at objectRepository.removeWishListPage.getSelectJewellery(removeWishListPage.java:33)
at objectRepository.removeWishListPage.getSelectJewellery(removeWishListPage.java:33)
at objectRepository.removeWishListPage.getSelectJewellery(removeWishListPage.java:33)
at objectRepository.removeWishListPage.getSelectJewellery(removeWishListPage.java:33)
at objectRepository.removeWishListPage.getSelectJewellery(removeWishListPage.java:33)
at objectRepository.removeWishListPage.getSelectJewellery(removeWishListPage.java:33)
at objectRepository.removeWishListPage.getSelectJewellery(removeWishListPage.java:33)
at objectRepository.removeWishListPage.getSelectJewellery(removeWishListPage.java:33)
at objectRepository.removeWishListPage.getSelectJewellery(removeWishListPage.java:33)
at objectRepository.removeWishListPage.getSelectJewellery(removeWishListPage.java:33)
at objectRepository.removeWishListPage.getSelectJewellery(removeWishListPage.java:33)
at objectRepository.removeWishListPage.getSelectJewellery(removeWishListPage.java:33)
at objectRepository.removeWishListPage.getSelectJewellery(removeWishListPage.java:33)
at objectRepository.removeWishListPage.getSelectJewellery(removeWishListPage.java:33)
at objectRepository.removeWishListPage.getSelectJewellery(removeWishListPage.java:33)
at objectRepository.removeWishListPage.getSelectJewellery(removeWishListPage.java:33)
at objectRepository.removeWishListPage.getSelectJewellery(removeWishListPage.java:33)
at objectRepository.removeWishListPage.getSelectJewellery(removeWishListPage.java:33)
at objectRepository.removeWishListPage.getSelectJewellery(removeWishListPage.java:33)
at objectRepository.removeWishListPage.getSelectJewellery(removeWishListPage.java:33)
at objectRepository.removeWishListPage.getSelectJewellery(removeWishListPage.java:33)
at objectRepository.removeWishListPage.getSelectJewellery(removeWishListPage.java:33)
at objectRepository.removeWishListPage.getSelectJewellery(removeWishListPage.java:33)
at objectRepository.removeWishListPage.getSelectJewellery(removeWishListPage.java:33)
at objectRepository.removeWishListPage.getSelectJewellery(removeWishListPage.java:33)
at objectRepository.removeWishListPage.getSelectJewellery(removeWishListPage.java:33)
at objectRepository.removeWishListPage.getSelectJewellery(removeWishListPage.java:33)
at objectRepository.removeWishListPage.getSelectJewellery(removeWishListPage.java:33)
at objectRepository.removeWishListPage.getSelectJewellery(removeWishListPage.java:33)
at objectRepository.removeWishListPage.getSelectJewellery(removeWishListPage.java:33)
at objectRepository.removeWishListPage.getSelectJewellery(removeWishListPage.java:33)
at objectRepository.removeWishListPage.getSelectJewellery(removeWishListPage.java:33)
at objectRepository.removeWishListPage.getSelectJewellery(removeWishListPage.java:33)
at objectRepository.removeWishListPage.getSelectJewellery(removeWishListPage.java:33)
at objectRepository.removeWishListPage.getSelectJewellery(removeWishListPage.java:33)
at objectRepository.removeWishListPage.getSelectJewellery(removeWishListPage.java:33)
at objectRepository.removeWishListPage.getSelectJewellery(removeWishListPage.java:33)
at objectRepository.removeWishListPage.getSelectJewellery(removeWishListPage.java:33)
at objectRepository.removeWishListPage.getSelectJewellery(removeWishListPage.java:33)
at objectRepository.removeWishListPage.getSelectJewellery(removeWishListPage.java:33)
at objectRepository.removeWishListPage.getSelectJewellery(removeWishListPage.java:33)
at objectRepository.removeWishListPage.getSelectJewellery(removeWishListPage.java:33)
at objectRepository.removeWishListPage.getSelectJewellery(removeWishListPage.java:33)
at objectRepository.removeWishListPage.getSelectJewellery(removeWishListPage.java:33)
at objectRepository.removeWishListPage.getSelectJewellery(removeWishListPage.java:33)
at objectRepository.removeWishListPage.getSelectJewellery(removeWishListPage.java:33)
at objectRepository.removeWishListPage.getSelectJewellery(removeWishListPage.java:33)
at objectRepository.removeWishListPage.getSelectJewellery(removeWishListPage.java:33)
at objectRepository.removeWishListPage.getSelectJewellery(removeWishListPage.java:33)
at objectRepository.removeWishListPage.getSelectJewellery(removeWishListPage.java:33)
at objectRepository.removeWishListPage.getSelectJewellery(removeWishListPage.java:33)
at objectRepository.removeWishListPage.getSelectJewellery(removeWishListPage.java:33)
at objectRepository.removeWishListPage.getSelectJewellery(removeWishListPage.java:33)
at objectRepository.removeWishListPage.getSelectJewellery(removeWishListPage.java:33)
at objectRepository.removeWishListPage.getSelectJewellery(removeWishListPage.java:33)
at objectRepository.removeWishListPage.getSelectJewellery(removeWishListPage.java:33)
at objectRepository.removeWishListPage.getSelectJewellery(removeWishListPage.java:33)
at objectRepository.removeWishListPage.getSelectJewellery(removeWishListPage.java:33)
at objectRepository.removeWishListPage.getSelectJewellery(removeWishListPage.java:33)
at objectRepository.removeWishListPage.getSelectJewellery(removeWishListPage.java:33)
at objectRepository.removeWishListPage.getSelectJewellery(removeWishListPage.java:33)
at objectRepository.removeWishListPage.getSelectJewellery(removeWishListPage.java:33)
at objectRepository.removeWishListPage.getSelectJewellery(removeWishListPage.java:33)
at objectRepository.removeWishListPage.getSelectJewellery(removeWishListPage.java:33)
at objectRepository.removeWishListPage.getSelectJewellery(removeWishListPage.java:33)
at objectRepository.removeWishListPage.getSelectJewellery(removeWishListPage.java:33)
at objectRepository.removeWishListPage.getSelectJewellery(removeWishListPage.java:33)
at objectRepository.removeWishListPage.getSelectJewellery(removeWishListPage.java:33)
at objectRepository.removeWishListPage.getSelectJewellery(removeWishListPage.java:33)
at objectRepository.removeWishListPage.getSelectJewellery(removeWishListPage.java:33)
at objectRepository.removeWishListPage.getSelectJewellery(removeWishListPage.java:33)
at objectRepository.removeWishListPage.getSelectJewellery(removeWishListPage.java:33)
at objectRepository.removeWishListPage.getSelectJewellery(removeWishListPage.java:33)
at objectRepository.removeWishListPage.getSelectJewellery(removeWishListPage.java:33)
at objectRepository.removeWishListPage.getSelectJewellery(removeWishListPage.java:33)
at objectRepository.removeWishListPage.getSelectJewellery(removeWishListPage.java:33)
at objectRepository.removeWishListPage.getSelectJewellery(removeWishListPage.java:33)
at objectRepository.removeWishListPage.getSelectJewellery(removeWishListPage.java:33)
at objectRepository.removeWishListPage.getSelectJewellery(removeWishListPage.java:33)
at objectRepository.removeWishListPage.getSelectJewellery(removeWishListPage.java:33)
at objectRepository.removeWishListPage.getSelectJewellery(removeWishListPage.java:33)
at objectRepository.removeWishListPage.getSelectJewellery(removeWishListPage.java:33)
at objectRepository.removeWishListPage.getSelectJewellery(removeWishListPage.java:33)
at objectRepository.removeWishListPage.getSelectJewellery(removeWishListPage.java:33)
at objectRepository.removeWishListPage.getSelectJewellery(removeWishListPage.java:33)
at objectRepository.removeWishListPage.getSelectJewellery(removeWishListPage.java:33)
at objectRepository.removeWishListPage.getSelectJewellery(removeWishListPage.java:33)
at objectRepository.removeWishListPage.getSelectJewellery(removeWishListPage.java:33)
at objectRepository.removeWishListPage.getSelectJewellery(removeWishListPage.java:33)
at objectRepository.removeWishListPage.getSelectJewellery(removeWishListPage.java:33)
at objectRepository.removeWishListPage.getSelectJewellery(removeWishListPage.java:33)
at objectRepository.removeWishListPage.getSelectJewellery(removeWishListPage.java:33)
at objectRepository.removeWishListPage.getSelectJewellery(removeWishListPage.java:33)
at objectRepository.removeWishListPage.getSelectJewellery(removeWishListPage.java:33)
at objectRepository.removeWishListPage.getSelectJewellery(removeWishListPage.java:33)
at objectRepository.removeWishListPage.getSelectJewellery(removeWishListPage.java:33)
at objectRepository.removeWishListPage.getSelectJewellery(removeWishListPage.java:33)
at objectRepository.removeWishListPage.getSelectJewellery(removeWishListPage.java:33)
at objectRepository.removeWishListPage.getSelectJewellery(removeWishListPage.java:33)
at objectRepository.removeWishListPage.getSelectJewellery(removeWishListPage.java:33)
at objectRepository.removeWishListPage.getSelectJewellery(removeWishListPage.java:33)
at objectRepository.removeWishListPage.getSelectJewellery(removeWishListPage.java:33)
at objectRepository.removeWishListPage.getSelectJewellery(removeWishListPage.java:33)
at objectRepository.removeWishListPage.getSelectJewellery(removeWishListPage.java:33)
at objectRepository.removeWishListPage.getSelectJewellery(removeWishListPage.java:33)
at objectRepository.removeWishListPage.getSelectJewellery(removeWishListPage.java:33)
at objectRepository.removeWishListPage.getSelectJewellery(removeWishListPage.java:33)
at objectRepository.removeWishListPage.getSelectJewellery(removeWishListPage.java:33)
at objectRepository.removeWishListPage.getSelectJewellery(removeWishListPage.java:33)
at objectRepository.removeWishListPage.getSelectJewellery(removeWishListPage.java:33)
at objectRepository.removeWishListPage.getSelectJewellery(removeWishListPage.java:33)
at objectRepository.removeWishListPage.getSelectJewellery(removeWishListPage.java:33)
at objectRepository.removeWishListPage.getSelectJewellery(removeWishListPage.java:33)
at objectRepository.removeWishListPage.getSelectJewellery(removeWishListPage.java:33)
at objectRepository.removeWishListPage.getSelectJewellery(removeWishListPage.java:33)
at objectRepository.removeWishListPage.getSelectJewellery(removeWishListPage.java:33)
at objectRepository.removeWishListPage.getSelectJewellery(removeWishListPage.java:33)
at objectRepository.removeWishListPage.getSelectJewellery(removeWishListPage.java:33)
at objectRepository.removeWishListPage.getSelectJewellery(removeWishListPage.java:33)
at objectRepository.removeWishListPage.getSelectJewellery(removeWishListPage.java:33)
at objectRepository.removeWishListPage.getSelectJewellery(removeWishListPage.java:33)
at objectRepository.removeWishListPage.getSelectJewellery(removeWishListPage.java:33)
at objectRepository.removeWishListPage.getSelectJewellery(removeWishListPage.java:33)
at objectRepository.removeWishListPage.getSelectJewellery(removeWishListPage.java:33)
at objectRepository.removeWishListPage.getSelectJewellery(removeWishListPage.java:33)
at objectRepository.removeWishListPage.getSelectJewellery(removeWishListPage.java:33)
at objectRepository.removeWishListPage.getSelectJewellery(removeWishListPage.java:33)
at objectRepository.removeWishListPage.getSelectJewellery(removeWishListPage.java:33)
at objectRepository.removeWishListPage.getSelectJewellery(removeWishListPage.java:33)
at objectRepository.removeWishListPage.getSelectJewellery(removeWishListPage.java:33)
at objectRepository.removeWishListPage.getSelectJewellery(removeWishListPage.java:33)
at objectRepository.removeWishListPage.getSelectJewellery(removeWishListPage.java:33)
at objectRepository.removeWishListPage.getSelectJewellery(removeWishListPage.java:33)
at objectRepository.removeWishListPage.getSelectJewellery(removeWishListPage.java:33)
at objectRepository.removeWishListPage.getSelectJewellery(removeWishListPage.java:33)
at objectRepository.removeWishListPage.getSelectJewellery(removeWishListPage.java:33)
at objectRepository.removeWishListPage.getSelectJewellery(removeWishListPage.java:33)
at objectRepository.removeWishListPage.getSelectJewellery(removeWishListPage.java:33)
at objectRepository.removeWishListPage.getSelectJewellery(removeWishListPage.java:33)
at objectRepository.removeWishListPage.getSelectJewellery(removeWishListPage.java:33)
at objectRepository.removeWishListPage.getSelectJewellery(removeWishListPage.java:33)
at objectRepository.removeWishListPage.getSelectJewellery(removeWishListPage.java:33)
at objectRepository.removeWishListPage.getSelectJewellery(removeWishListPage.java:33)
at objectRepository.removeWishListPage.getSelectJewellery(removeWishListPage.java:33)
at objectRepository.removeWishListPage.getSelectJewellery(removeWishListPage.java:33)
at objectRepository.removeWishListPage.getSelectJewellery(removeWishListPage.java:33)
at objectRepository.removeWishListPage.getSelectJewellery(removeWishListPage.java:33)
at objectRepository.removeWishListPage.getSelectJewellery(removeWishListPage.java:33)
at objectRepository.removeWishListPage.getSelectJewellery(removeWishListPage.java:33)
at objectRepository.removeWishListPage.getSelectJewellery(removeWishListPage.java:33)
at objectRepository.removeWishListPage.getSelectJewellery(removeWishListPage.java:33)
at objectRepository.removeWishListPage.getSelectJewellery(removeWishListPage.java:33)
at objectRepository.removeWishListPage.getSelectJewellery(removeWishListPage.java:33)
]]>
    </error>
  </testcase> <!-- removefromWishList -->
  <system-out/>
</testsuite> <!-- login.DWS_RemoveWishList_10_Test -->
