<?xml version="1.0" encoding="UTF-8"?>
<!-- Generated by org.testng.reporters.JUnitReportReporter -->
<testsuite hostname="Sparrow" failures="0" tests="1" name="frameworkCheck.EntireFrameWorkCheck" time="0.028" errors="0" timestamp="2023-10-30T13:50:44 IST" skipped="0">
  <testcase classname="frameworkCheck.EntireFrameWorkCheck" name="sampleTestCase" time="0.028"/>
  <system-out/>
</testsuite> <!-- frameworkCheck.EntireFrameWorkCheck -->
