<?xml version="1.0" encoding="UTF-8"?>
<!-- Generated by org.testng.reporters.JUnitReportReporter -->
<testsuite hostname="Sparrow" failures="0" tests="1" name="login.DWS_DeskTop_05_Test" time="1.359" errors="1" timestamp="2023-11-04T11:46:54 IST" skipped="0">
  <testcase classname="login.DWS_DeskTop_05_Test" name="addDeskTopCart" time="1.359">
    <error type="java.lang.StackOverflowError">
      <![CDATA[java.lang.StackOverflowError
at objectRepository.Addproductstocart.getDesktopsClick(Addproductstocart.java:32)
at objectRepository.Addproductstocart.getDesktopsClick(Addproductstocart.java:32)
at objectRepository.Addproductstocart.getDesktopsClick(Addproductstocart.java:32)
at objectRepository.Addproductstocart.getDesktopsClick(Addproductstocart.java:32)
at objectRepository.Addproductstocart.getDesktopsClick(Addproductstocart.java:32)
at objectRepository.Addproductstocart.getDesktopsClick(Addproductstocart.java:32)
at objectRepository.Addproductstocart.getDesktopsClick(Addproductstocart.java:32)
at objectRepository.Addproductstocart.getDesktopsClick(Addproductstocart.java:32)
at objectRepository.Addproductstocart.getDesktopsClick(Addproductstocart.java:32)
at objectRepository.Addproductstocart.getDesktopsClick(Addproductstocart.java:32)
at objectRepository.Addproductstocart.getDesktopsClick(Addproductstocart.java:32)
at objectRepository.Addproductstocart.getDesktopsClick(Addproductstocart.java:32)
at objectRepository.Addproductstocart.getDesktopsClick(Addproductstocart.java:32)
at objectRepository.Addproductstocart.getDesktopsClick(Addproductstocart.java:32)
at objectRepository.Addproductstocart.getDesktopsClick(Addproductstocart.java:32)
at objectRepository.Addproductstocart.getDesktopsClick(Addproductstocart.java:32)
at objectRepository.Addproductstocart.getDesktopsClick(Addproductstocart.java:32)
at objectRepository.Addproductstocart.getDesktopsClick(Addproductstocart.java:32)
at objectRepository.Addproductstocart.getDesktopsClick(Addproductstocart.java:32)
at objectRepository.Addproductstocart.getDesktopsClick(Addproductstocart.java:32)
at objectRepository.Addproductstocart.getDesktopsClick(Addproductstocart.java:32)
at objectRepository.Addproductstocart.getDesktopsClick(Addproductstocart.java:32)
at objectRepository.Addproductstocart.getDesktopsClick(Addproductstocart.java:32)
at objectRepository.Addproductstocart.getDesktopsClick(Addproductstocart.java:32)
at objectRepository.Addproductstocart.getDesktopsClick(Addproductstocart.java:32)
at objectRepository.Addproductstocart.getDesktopsClick(Addproductstocart.java:32)
at objectRepository.Addproductstocart.getDesktopsClick(Addproductstocart.java:32)
at objectRepository.Addproductstocart.getDesktopsClick(Addproductstocart.java:32)
at objectRepository.Addproductstocart.getDesktopsClick(Addproductstocart.java:32)
at objectRepository.Addproductstocart.getDesktopsClick(Addproductstocart.java:32)
at objectRepository.Addproductstocart.getDesktopsClick(Addproductstocart.java:32)
at objectRepository.Addproductstocart.getDesktopsClick(Addproductstocart.java:32)
at objectRepository.Addproductstocart.getDesktopsClick(Addproductstocart.java:32)
at objectRepository.Addproductstocart.getDesktopsClick(Addproductstocart.java:32)
at objectRepository.Addproductstocart.getDesktopsClick(Addproductstocart.java:32)
at objectRepository.Addproductstocart.getDesktopsClick(Addproductstocart.java:32)
at objectRepository.Addproductstocart.getDesktopsClick(Addproductstocart.java:32)
at objectRepository.Addproductstocart.getDesktopsClick(Addproductstocart.java:32)
at objectRepository.Addproductstocart.getDesktopsClick(Addproductstocart.java:32)
at objectRepository.Addproductstocart.getDesktopsClick(Addproductstocart.java:32)
at objectRepository.Addproductstocart.getDesktopsClick(Addproductstocart.java:32)
at objectRepository.Addproductstocart.getDesktopsClick(Addproductstocart.java:32)
at objectRepository.Addproductstocart.getDesktopsClick(Addproductstocart.java:32)
at objectRepository.Addproductstocart.getDesktopsClick(Addproductstocart.java:32)
at objectRepository.Addproductstocart.getDesktopsClick(Addproductstocart.java:32)
at objectRepository.Addproductstocart.getDesktopsClick(Addproductstocart.java:32)
at objectRepository.Addproductstocart.getDesktopsClick(Addproductstocart.java:32)
at objectRepository.Addproductstocart.getDesktopsClick(Addproductstocart.java:32)
at objectRepository.Addproductstocart.getDesktopsClick(Addproductstocart.java:32)
at objectRepository.Addproductstocart.getDesktopsClick(Addproductstocart.java:32)
at objectRepository.Addproductstocart.getDesktopsClick(Addproductstocart.java:32)
at objectRepository.Addproductstocart.getDesktopsClick(Addproductstocart.java:32)
at objectRepository.Addproductstocart.getDesktopsClick(Addproductstocart.java:32)
at objectRepository.Addproductstocart.getDesktopsClick(Addproductstocart.java:32)
at objectRepository.Addproductstocart.getDesktopsClick(Addproductstocart.java:32)
at objectRepository.Addproductstocart.getDesktopsClick(Addproductstocart.java:32)
at objectRepository.Addproductstocart.getDesktopsClick(Addproductstocart.java:32)
at objectRepository.Addproductstocart.getDesktopsClick(Addproductstocart.java:32)
at objectRepository.Addproductstocart.getDesktopsClick(Addproductstocart.java:32)
at objectRepository.Addproductstocart.getDesktopsClick(Addproductstocart.java:32)
at objectRepository.Addproductstocart.getDesktopsClick(Addproductstocart.java:32)
at objectRepository.Addproductstocart.getDesktopsClick(Addproductstocart.java:32)
at objectRepository.Addproductstocart.getDesktopsClick(Addproductstocart.java:32)
at objectRepository.Addproductstocart.getDesktopsClick(Addproductstocart.java:32)
at objectRepository.Addproductstocart.getDesktopsClick(Addproductstocart.java:32)
at objectRepository.Addproductstocart.getDesktopsClick(Addproductstocart.java:32)
at objectRepository.Addproductstocart.getDesktopsClick(Addproductstocart.java:32)
at objectRepository.Addproductstocart.getDesktopsClick(Addproductstocart.java:32)
at objectRepository.Addproductstocart.getDesktopsClick(Addproductstocart.java:32)
at objectRepository.Addproductstocart.getDesktopsClick(Addproductstocart.java:32)
at objectRepository.Addproductstocart.getDesktopsClick(Addproductstocart.java:32)
at objectRepository.Addproductstocart.getDesktopsClick(Addproductstocart.java:32)
at objectRepository.Addproductstocart.getDesktopsClick(Addproductstocart.java:32)
at objectRepository.Addproductstocart.getDesktopsClick(Addproductstocart.java:32)
at objectRepository.Addproductstocart.getDesktopsClick(Addproductstocart.java:32)
at objectRepository.Addproductstocart.getDesktopsClick(Addproductstocart.java:32)
at objectRepository.Addproductstocart.getDesktopsClick(Addproductstocart.java:32)
at objectRepository.Addproductstocart.getDesktopsClick(Addproductstocart.java:32)
at objectRepository.Addproductstocart.getDesktopsClick(Addproductstocart.java:32)
at objectRepository.Addproductstocart.getDesktopsClick(Addproductstocart.java:32)
at objectRepository.Addproductstocart.getDesktopsClick(Addproductstocart.java:32)
at objectRepository.Addproductstocart.getDesktopsClick(Addproductstocart.java:32)
at objectRepository.Addproductstocart.getDesktopsClick(Addproductstocart.java:32)
at objectRepository.Addproductstocart.getDesktopsClick(Addproductstocart.java:32)
at objectRepository.Addproductstocart.getDesktopsClick(Addproductstocart.java:32)
at objectRepository.Addproductstocart.getDesktopsClick(Addproductstocart.java:32)
at objectRepository.Addproductstocart.getDesktopsClick(Addproductstocart.java:32)
at objectRepository.Addproductstocart.getDesktopsClick(Addproductstocart.java:32)
at objectRepository.Addproductstocart.getDesktopsClick(Addproductstocart.java:32)
at objectRepository.Addproductstocart.getDesktopsClick(Addproductstocart.java:32)
at objectRepository.Addproductstocart.getDesktopsClick(Addproductstocart.java:32)
at objectRepository.Addproductstocart.getDesktopsClick(Addproductstocart.java:32)
at objectRepository.Addproductstocart.getDesktopsClick(Addproductstocart.java:32)
at objectRepository.Addproductstocart.getDesktopsClick(Addproductstocart.java:32)
at objectRepository.Addproductstocart.getDesktopsClick(Addproductstocart.java:32)
at objectRepository.Addproductstocart.getDesktopsClick(Addproductstocart.java:32)
at objectRepository.Addproductstocart.getDesktopsClick(Addproductstocart.java:32)
at objectRepository.Addproductstocart.getDesktopsClick(Addproductstocart.java:32)
at objectRepository.Addproductstocart.getDesktopsClick(Addproductstocart.java:32)
at objectRepository.Addproductstocart.getDesktopsClick(Addproductstocart.java:32)
at objectRepository.Addproductstocart.getDesktopsClick(Addproductstocart.java:32)
at objectRepository.Addproductstocart.getDesktopsClick(Addproductstocart.java:32)
at objectRepository.Addproductstocart.getDesktopsClick(Addproductstocart.java:32)
at objectRepository.Addproductstocart.getDesktopsClick(Addproductstocart.java:32)
at objectRepository.Addproductstocart.getDesktopsClick(Addproductstocart.java:32)
at objectRepository.Addproductstocart.getDesktopsClick(Addproductstocart.java:32)
at objectRepository.Addproductstocart.getDesktopsClick(Addproductstocart.java:32)
at objectRepository.Addproductstocart.getDesktopsClick(Addproductstocart.java:32)
at objectRepository.Addproductstocart.getDesktopsClick(Addproductstocart.java:32)
at objectRepository.Addproductstocart.getDesktopsClick(Addproductstocart.java:32)
at objectRepository.Addproductstocart.getDesktopsClick(Addproductstocart.java:32)
at objectRepository.Addproductstocart.getDesktopsClick(Addproductstocart.java:32)
at objectRepository.Addproductstocart.getDesktopsClick(Addproductstocart.java:32)
at objectRepository.Addproductstocart.getDesktopsClick(Addproductstocart.java:32)
at objectRepository.Addproductstocart.getDesktopsClick(Addproductstocart.java:32)
at objectRepository.Addproductstocart.getDesktopsClick(Addproductstocart.java:32)
at objectRepository.Addproductstocart.getDesktopsClick(Addproductstocart.java:32)
at objectRepository.Addproductstocart.getDesktopsClick(Addproductstocart.java:32)
at objectRepository.Addproductstocart.getDesktopsClick(Addproductstocart.java:32)
at objectRepository.Addproductstocart.getDesktopsClick(Addproductstocart.java:32)
at objectRepository.Addproductstocart.getDesktopsClick(Addproductstocart.java:32)
at objectRepository.Addproductstocart.getDesktopsClick(Addproductstocart.java:32)
at objectRepository.Addproductstocart.getDesktopsClick(Addproductstocart.java:32)
at objectRepository.Addproductstocart.getDesktopsClick(Addproductstocart.java:32)
at objectRepository.Addproductstocart.getDesktopsClick(Addproductstocart.java:32)
at objectRepository.Addproductstocart.getDesktopsClick(Addproductstocart.java:32)
at objectRepository.Addproductstocart.getDesktopsClick(Addproductstocart.java:32)
at objectRepository.Addproductstocart.getDesktopsClick(Addproductstocart.java:32)
at objectRepository.Addproductstocart.getDesktopsClick(Addproductstocart.java:32)
at objectRepository.Addproductstocart.getDesktopsClick(Addproductstocart.java:32)
at objectRepository.Addproductstocart.getDesktopsClick(Addproductstocart.java:32)
at objectRepository.Addproductstocart.getDesktopsClick(Addproductstocart.java:32)
at objectRepository.Addproductstocart.getDesktopsClick(Addproductstocart.java:32)
at objectRepository.Addproductstocart.getDesktopsClick(Addproductstocart.java:32)
at objectRepository.Addproductstocart.getDesktopsClick(Addproductstocart.java:32)
at objectRepository.Addproductstocart.getDesktopsClick(Addproductstocart.java:32)
at objectRepository.Addproductstocart.getDesktopsClick(Addproductstocart.java:32)
at objectRepository.Addproductstocart.getDesktopsClick(Addproductstocart.java:32)
at objectRepository.Addproductstocart.getDesktopsClick(Addproductstocart.java:32)
at objectRepository.Addproductstocart.getDesktopsClick(Addproductstocart.java:32)
at objectRepository.Addproductstocart.getDesktopsClick(Addproductstocart.java:32)
at objectRepository.Addproductstocart.getDesktopsClick(Addproductstocart.java:32)
at objectRepository.Addproductstocart.getDesktopsClick(Addproductstocart.java:32)
at objectRepository.Addproductstocart.getDesktopsClick(Addproductstocart.java:32)
at objectRepository.Addproductstocart.getDesktopsClick(Addproductstocart.java:32)
at objectRepository.Addproductstocart.getDesktopsClick(Addproductstocart.java:32)
at objectRepository.Addproductstocart.getDesktopsClick(Addproductstocart.java:32)
at objectRepository.Addproductstocart.getDesktopsClick(Addproductstocart.java:32)
at objectRepository.Addproductstocart.getDesktopsClick(Addproductstocart.java:32)
at objectRepository.Addproductstocart.getDesktopsClick(Addproductstocart.java:32)
at objectRepository.Addproductstocart.getDesktopsClick(Addproductstocart.java:32)
at objectRepository.Addproductstocart.getDesktopsClick(Addproductstocart.java:32)
at objectRepository.Addproductstocart.getDesktopsClick(Addproductstocart.java:32)
at objectRepository.Addproductstocart.getDesktopsClick(Addproductstocart.java:32)
at objectRepository.Addproductstocart.getDesktopsClick(Addproductstocart.java:32)
at objectRepository.Addproductstocart.getDesktopsClick(Addproductstocart.java:32)
at objectRepository.Addproductstocart.getDesktopsClick(Addproductstocart.java:32)
at objectRepository.Addproductstocart.getDesktopsClick(Addproductstocart.java:32)
at objectRepository.Addproductstocart.getDesktopsClick(Addproductstocart.java:32)
at objectRepository.Addproductstocart.getDesktopsClick(Addproductstocart.java:32)
at objectRepository.Addproductstocart.getDesktopsClick(Addproductstocart.java:32)
at objectRepository.Addproductstocart.getDesktopsClick(Addproductstocart.java:32)
at objectRepository.Addproductstocart.getDesktopsClick(Addproductstocart.java:32)
at objectRepository.Addproductstocart.getDesktopsClick(Addproductstocart.java:32)
at objectRepository.Addproductstocart.getDesktopsClick(Addproductstocart.java:32)
at objectRepository.Addproductstocart.getDesktopsClick(Addproductstocart.java:32)
at objectRepository.Addproductstocart.getDesktopsClick(Addproductstocart.java:32)
at objectRepository.Addproductstocart.getDesktopsClick(Addproductstocart.java:32)
at objectRepository.Addproductstocart.getDesktopsClick(Addproductstocart.java:32)
at objectRepository.Addproductstocart.getDesktopsClick(Addproductstocart.java:32)
at objectRepository.Addproductstocart.getDesktopsClick(Addproductstocart.java:32)
at objectRepository.Addproductstocart.getDesktopsClick(Addproductstocart.java:32)
at objectRepository.Addproductstocart.getDesktopsClick(Addproductstocart.java:32)
at objectRepository.Addproductstocart.getDesktopsClick(Addproductstocart.java:32)
at objectRepository.Addproductstocart.getDesktopsClick(Addproductstocart.java:32)
at objectRepository.Addproductstocart.getDesktopsClick(Addproductstocart.java:32)
at objectRepository.Addproductstocart.getDesktopsClick(Addproductstocart.java:32)
at objectRepository.Addproductstocart.getDesktopsClick(Addproductstocart.java:32)
at objectRepository.Addproductstocart.getDesktopsClick(Addproductstocart.java:32)
at objectRepository.Addproductstocart.getDesktopsClick(Addproductstocart.java:32)
at objectRepository.Addproductstocart.getDesktopsClick(Addproductstocart.java:32)
at objectRepository.Addproductstocart.getDesktopsClick(Addproductstocart.java:32)
at objectRepository.Addproductstocart.getDesktopsClick(Addproductstocart.java:32)
at objectRepository.Addproductstocart.getDesktopsClick(Addproductstocart.java:32)
at objectRepository.Addproductstocart.getDesktopsClick(Addproductstocart.java:32)
at objectRepository.Addproductstocart.getDesktopsClick(Addproductstocart.java:32)
at objectRepository.Addproductstocart.getDesktopsClick(Addproductstocart.java:32)
at objectRepository.Addproductstocart.getDesktopsClick(Addproductstocart.java:32)
at objectRepository.Addproductstocart.getDesktopsClick(Addproductstocart.java:32)
at objectRepository.Addproductstocart.getDesktopsClick(Addproductstocart.java:32)
at objectRepository.Addproductstocart.getDesktopsClick(Addproductstocart.java:32)
at objectRepository.Addproductstocart.getDesktopsClick(Addproductstocart.java:32)
at objectRepository.Addproductstocart.getDesktopsClick(Addproductstocart.java:32)
at objectRepository.Addproductstocart.getDesktopsClick(Addproductstocart.java:32)
at objectRepository.Addproductstocart.getDesktopsClick(Addproductstocart.java:32)
at objectRepository.Addproductstocart.getDesktopsClick(Addproductstocart.java:32)
at objectRepository.Addproductstocart.getDesktopsClick(Addproductstocart.java:32)
at objectRepository.Addproductstocart.getDesktopsClick(Addproductstocart.java:32)
at objectRepository.Addproductstocart.getDesktopsClick(Addproductstocart.java:32)
at objectRepository.Addproductstocart.getDesktopsClick(Addproductstocart.java:32)
at objectRepository.Addproductstocart.getDesktopsClick(Addproductstocart.java:32)
at objectRepository.Addproductstocart.getDesktopsClick(Addproductstocart.java:32)
at objectRepository.Addproductstocart.getDesktopsClick(Addproductstocart.java:32)
at objectRepository.Addproductstocart.getDesktopsClick(Addproductstocart.java:32)
at objectRepository.Addproductstocart.getDesktopsClick(Addproductstocart.java:32)
at objectRepository.Addproductstocart.getDesktopsClick(Addproductstocart.java:32)
at objectRepository.Addproductstocart.getDesktopsClick(Addproductstocart.java:32)
at objectRepository.Addproductstocart.getDesktopsClick(Addproductstocart.java:32)
at objectRepository.Addproductstocart.getDesktopsClick(Addproductstocart.java:32)
at objectRepository.Addproductstocart.getDesktopsClick(Addproductstocart.java:32)
at objectRepository.Addproductstocart.getDesktopsClick(Addproductstocart.java:32)
at objectRepository.Addproductstocart.getDesktopsClick(Addproductstocart.java:32)
at objectRepository.Addproductstocart.getDesktopsClick(Addproductstocart.java:32)
at objectRepository.Addproductstocart.getDesktopsClick(Addproductstocart.java:32)
at objectRepository.Addproductstocart.getDesktopsClick(Addproductstocart.java:32)
at objectRepository.Addproductstocart.getDesktopsClick(Addproductstocart.java:32)
at objectRepository.Addproductstocart.getDesktopsClick(Addproductstocart.java:32)
at objectRepository.Addproductstocart.getDesktopsClick(Addproductstocart.java:32)
at objectRepository.Addproductstocart.getDesktopsClick(Addproductstocart.java:32)
at objectRepository.Addproductstocart.getDesktopsClick(Addproductstocart.java:32)
at objectRepository.Addproductstocart.getDesktopsClick(Addproductstocart.java:32)
at objectRepository.Addproductstocart.getDesktopsClick(Addproductstocart.java:32)
at objectRepository.Addproductstocart.getDesktopsClick(Addproductstocart.java:32)
at objectRepository.Addproductstocart.getDesktopsClick(Addproductstocart.java:32)
at objectRepository.Addproductstocart.getDesktopsClick(Addproductstocart.java:32)
at objectRepository.Addproductstocart.getDesktopsClick(Addproductstocart.java:32)
at objectRepository.Addproductstocart.getDesktopsClick(Addproductstocart.java:32)
at objectRepository.Addproductstocart.getDesktopsClick(Addproductstocart.java:32)
at objectRepository.Addproductstocart.getDesktopsClick(Addproductstocart.java:32)
at objectRepository.Addproductstocart.getDesktopsClick(Addproductstocart.java:32)
at objectRepository.Addproductstocart.getDesktopsClick(Addproductstocart.java:32)
at objectRepository.Addproductstocart.getDesktopsClick(Addproductstocart.java:32)
at objectRepository.Addproductstocart.getDesktopsClick(Addproductstocart.java:32)
at objectRepository.Addproductstocart.getDesktopsClick(Addproductstocart.java:32)
at objectRepository.Addproductstocart.getDesktopsClick(Addproductstocart.java:32)
at objectRepository.Addproductstocart.getDesktopsClick(Addproductstocart.java:32)
at objectRepository.Addproductstocart.getDesktopsClick(Addproductstocart.java:32)
at objectRepository.Addproductstocart.getDesktopsClick(Addproductstocart.java:32)
at objectRepository.Addproductstocart.getDesktopsClick(Addproductstocart.java:32)
at objectRepository.Addproductstocart.getDesktopsClick(Addproductstocart.java:32)
at objectRepository.Addproductstocart.getDesktopsClick(Addproductstocart.java:32)
at objectRepository.Addproductstocart.getDesktopsClick(Addproductstocart.java:32)
at objectRepository.Addproductstocart.getDesktopsClick(Addproductstocart.java:32)
at objectRepository.Addproductstocart.getDesktopsClick(Addproductstocart.java:32)
at objectRepository.Addproductstocart.getDesktopsClick(Addproductstocart.java:32)
at objectRepository.Addproductstocart.getDesktopsClick(Addproductstocart.java:32)
at objectRepository.Addproductstocart.getDesktopsClick(Addproductstocart.java:32)
at objectRepository.Addproductstocart.getDesktopsClick(Addproductstocart.java:32)
at objectRepository.Addproductstocart.getDesktopsClick(Addproductstocart.java:32)
at objectRepository.Addproductstocart.getDesktopsClick(Addproductstocart.java:32)
at objectRepository.Addproductstocart.getDesktopsClick(Addproductstocart.java:32)
at objectRepository.Addproductstocart.getDesktopsClick(Addproductstocart.java:32)
at objectRepository.Addproductstocart.getDesktopsClick(Addproductstocart.java:32)
at objectRepository.Addproductstocart.getDesktopsClick(Addproductstocart.java:32)
at objectRepository.Addproductstocart.getDesktopsClick(Addproductstocart.java:32)
at objectRepository.Addproductstocart.getDesktopsClick(Addproductstocart.java:32)
at objectRepository.Addproductstocart.getDesktopsClick(Addproductstocart.java:32)
at objectRepository.Addproductstocart.getDesktopsClick(Addproductstocart.java:32)
at objectRepository.Addproductstocart.getDesktopsClick(Addproductstocart.java:32)
at objectRepository.Addproductstocart.getDesktopsClick(Addproductstocart.java:32)
at objectRepository.Addproductstocart.getDesktopsClick(Addproductstocart.java:32)
at objectRepository.Addproductstocart.getDesktopsClick(Addproductstocart.java:32)
at objectRepository.Addproductstocart.getDesktopsClick(Addproductstocart.java:32)
at objectRepository.Addproductstocart.getDesktopsClick(Addproductstocart.java:32)
at objectRepository.Addproductstocart.getDesktopsClick(Addproductstocart.java:32)
at objectRepository.Addproductstocart.getDesktopsClick(Addproductstocart.java:32)
at objectRepository.Addproductstocart.getDesktopsClick(Addproductstocart.java:32)
at objectRepository.Addproductstocart.getDesktopsClick(Addproductstocart.java:32)
at objectRepository.Addproductstocart.getDesktopsClick(Addproductstocart.java:32)
at objectRepository.Addproductstocart.getDesktopsClick(Addproductstocart.java:32)
at objectRepository.Addproductstocart.getDesktopsClick(Addproductstocart.java:32)
at objectRepository.Addproductstocart.getDesktopsClick(Addproductstocart.java:32)
at objectRepository.Addproductstocart.getDesktopsClick(Addproductstocart.java:32)
at objectRepository.Addproductstocart.getDesktopsClick(Addproductstocart.java:32)
at objectRepository.Addproductstocart.getDesktopsClick(Addproductstocart.java:32)
at objectRepository.Addproductstocart.getDesktopsClick(Addproductstocart.java:32)
at objectRepository.Addproductstocart.getDesktopsClick(Addproductstocart.java:32)
at objectRepository.Addproductstocart.getDesktopsClick(Addproductstocart.java:32)
at objectRepository.Addproductstocart.getDesktopsClick(Addproductstocart.java:32)
at objectRepository.Addproductstocart.getDesktopsClick(Addproductstocart.java:32)
at objectRepository.Addproductstocart.getDesktopsClick(Addproductstocart.java:32)
at objectRepository.Addproductstocart.getDesktopsClick(Addproductstocart.java:32)
at objectRepository.Addproductstocart.getDesktopsClick(Addproductstocart.java:32)
at objectRepository.Addproductstocart.getDesktopsClick(Addproductstocart.java:32)
at objectRepository.Addproductstocart.getDesktopsClick(Addproductstocart.java:32)
at objectRepository.Addproductstocart.getDesktopsClick(Addproductstocart.java:32)
at objectRepository.Addproductstocart.getDesktopsClick(Addproductstocart.java:32)
at objectRepository.Addproductstocart.getDesktopsClick(Addproductstocart.java:32)
at objectRepository.Addproductstocart.getDesktopsClick(Addproductstocart.java:32)
at objectRepository.Addproductstocart.getDesktopsClick(Addproductstocart.java:32)
at objectRepository.Addproductstocart.getDesktopsClick(Addproductstocart.java:32)
at objectRepository.Addproductstocart.getDesktopsClick(Addproductstocart.java:32)
at objectRepository.Addproductstocart.getDesktopsClick(Addproductstocart.java:32)
at objectRepository.Addproductstocart.getDesktopsClick(Addproductstocart.java:32)
at objectRepository.Addproductstocart.getDesktopsClick(Addproductstocart.java:32)
at objectRepository.Addproductstocart.getDesktopsClick(Addproductstocart.java:32)
at objectRepository.Addproductstocart.getDesktopsClick(Addproductstocart.java:32)
at objectRepository.Addproductstocart.getDesktopsClick(Addproductstocart.java:32)
at objectRepository.Addproductstocart.getDesktopsClick(Addproductstocart.java:32)
at objectRepository.Addproductstocart.getDesktopsClick(Addproductstocart.java:32)
at objectRepository.Addproductstocart.getDesktopsClick(Addproductstocart.java:32)
at objectRepository.Addproductstocart.getDesktopsClick(Addproductstocart.java:32)
at objectRepository.Addproductstocart.getDesktopsClick(Addproductstocart.java:32)
at objectRepository.Addproductstocart.getDesktopsClick(Addproductstocart.java:32)
at objectRepository.Addproductstocart.getDesktopsClick(Addproductstocart.java:32)
at objectRepository.Addproductstocart.getDesktopsClick(Addproductstocart.java:32)
at objectRepository.Addproductstocart.getDesktopsClick(Addproductstocart.java:32)
at objectRepository.Addproductstocart.getDesktopsClick(Addproductstocart.java:32)
at objectRepository.Addproductstocart.getDesktopsClick(Addproductstocart.java:32)
at objectRepository.Addproductstocart.getDesktopsClick(Addproductstocart.java:32)
at objectRepository.Addproductstocart.getDesktopsClick(Addproductstocart.java:32)
at objectRepository.Addproductstocart.getDesktopsClick(Addproductstocart.java:32)
at objectRepository.Addproductstocart.getDesktopsClick(Addproductstocart.java:32)
at objectRepository.Addproductstocart.getDesktopsClick(Addproductstocart.java:32)
at objectRepository.Addproductstocart.getDesktopsClick(Addproductstocart.java:32)
at objectRepository.Addproductstocart.getDesktopsClick(Addproductstocart.java:32)
at objectRepository.Addproductstocart.getDesktopsClick(Addproductstocart.java:32)
at objectRepository.Addproductstocart.getDesktopsClick(Addproductstocart.java:32)
at objectRepository.Addproductstocart.getDesktopsClick(Addproductstocart.java:32)
at objectRepository.Addproductstocart.getDesktopsClick(Addproductstocart.java:32)
at objectRepository.Addproductstocart.getDesktopsClick(Addproductstocart.java:32)
at objectRepository.Addproductstocart.getDesktopsClick(Addproductstocart.java:32)
at objectRepository.Addproductstocart.getDesktopsClick(Addproductstocart.java:32)
at objectRepository.Addproductstocart.getDesktopsClick(Addproductstocart.java:32)
at objectRepository.Addproductstocart.getDesktopsClick(Addproductstocart.java:32)
at objectRepository.Addproductstocart.getDesktopsClick(Addproductstocart.java:32)
at objectRepository.Addproductstocart.getDesktopsClick(Addproductstocart.java:32)
at objectRepository.Addproductstocart.getDesktopsClick(Addproductstocart.java:32)
at objectRepository.Addproductstocart.getDesktopsClick(Addproductstocart.java:32)
at objectRepository.Addproductstocart.getDesktopsClick(Addproductstocart.java:32)
at objectRepository.Addproductstocart.getDesktopsClick(Addproductstocart.java:32)
at objectRepository.Addproductstocart.getDesktopsClick(Addproductstocart.java:32)
at objectRepository.Addproductstocart.getDesktopsClick(Addproductstocart.java:32)
at objectRepository.Addproductstocart.getDesktopsClick(Addproductstocart.java:32)
at objectRepository.Addproductstocart.getDesktopsClick(Addproductstocart.java:32)
at objectRepository.Addproductstocart.getDesktopsClick(Addproductstocart.java:32)
at objectRepository.Addproductstocart.getDesktopsClick(Addproductstocart.java:32)
at objectRepository.Addproductstocart.getDesktopsClick(Addproductstocart.java:32)
at objectRepository.Addproductstocart.getDesktopsClick(Addproductstocart.java:32)
at objectRepository.Addproductstocart.getDesktopsClick(Addproductstocart.java:32)
at objectRepository.Addproductstocart.getDesktopsClick(Addproductstocart.java:32)
at objectRepository.Addproductstocart.getDesktopsClick(Addproductstocart.java:32)
at objectRepository.Addproductstocart.getDesktopsClick(Addproductstocart.java:32)
at objectRepository.Addproductstocart.getDesktopsClick(Addproductstocart.java:32)
at objectRepository.Addproductstocart.getDesktopsClick(Addproductstocart.java:32)
at objectRepository.Addproductstocart.getDesktopsClick(Addproductstocart.java:32)
at objectRepository.Addproductstocart.getDesktopsClick(Addproductstocart.java:32)
at objectRepository.Addproductstocart.getDesktopsClick(Addproductstocart.java:32)
at objectRepository.Addproductstocart.getDesktopsClick(Addproductstocart.java:32)
at objectRepository.Addproductstocart.getDesktopsClick(Addproductstocart.java:32)
at objectRepository.Addproductstocart.getDesktopsClick(Addproductstocart.java:32)
at objectRepository.Addproductstocart.getDesktopsClick(Addproductstocart.java:32)
at objectRepository.Addproductstocart.getDesktopsClick(Addproductstocart.java:32)
at objectRepository.Addproductstocart.getDesktopsClick(Addproductstocart.java:32)
at objectRepository.Addproductstocart.getDesktopsClick(Addproductstocart.java:32)
at objectRepository.Addproductstocart.getDesktopsClick(Addproductstocart.java:32)
at objectRepository.Addproductstocart.getDesktopsClick(Addproductstocart.java:32)
at objectRepository.Addproductstocart.getDesktopsClick(Addproductstocart.java:32)
at objectRepository.Addproductstocart.getDesktopsClick(Addproductstocart.java:32)
at objectRepository.Addproductstocart.getDesktopsClick(Addproductstocart.java:32)
at objectRepository.Addproductstocart.getDesktopsClick(Addproductstocart.java:32)
at objectRepository.Addproductstocart.getDesktopsClick(Addproductstocart.java:32)
at objectRepository.Addproductstocart.getDesktopsClick(Addproductstocart.java:32)
at objectRepository.Addproductstocart.getDesktopsClick(Addproductstocart.java:32)
at objectRepository.Addproductstocart.getDesktopsClick(Addproductstocart.java:32)
at objectRepository.Addproductstocart.getDesktopsClick(Addproductstocart.java:32)
at objectRepository.Addproductstocart.getDesktopsClick(Addproductstocart.java:32)
at objectRepository.Addproductstocart.getDesktopsClick(Addproductstocart.java:32)
at objectRepository.Addproductstocart.getDesktopsClick(Addproductstocart.java:32)
at objectRepository.Addproductstocart.getDesktopsClick(Addproductstocart.java:32)
at objectRepository.Addproductstocart.getDesktopsClick(Addproductstocart.java:32)
at objectRepository.Addproductstocart.getDesktopsClick(Addproductstocart.java:32)
at objectRepository.Addproductstocart.getDesktopsClick(Addproductstocart.java:32)
at objectRepository.Addproductstocart.getDesktopsClick(Addproductstocart.java:32)
at objectRepository.Addproductstocart.getDesktopsClick(Addproductstocart.java:32)
at objectRepository.Addproductstocart.getDesktopsClick(Addproductstocart.java:32)
at objectRepository.Addproductstocart.getDesktopsClick(Addproductstocart.java:32)
at objectRepository.Addproductstocart.getDesktopsClick(Addproductstocart.java:32)
at objectRepository.Addproductstocart.getDesktopsClick(Addproductstocart.java:32)
at objectRepository.Addproductstocart.getDesktopsClick(Addproductstocart.java:32)
at objectRepository.Addproductstocart.getDesktopsClick(Addproductstocart.java:32)
at objectRepository.Addproductstocart.getDesktopsClick(Addproductstocart.java:32)
at objectRepository.Addproductstocart.getDesktopsClick(Addproductstocart.java:32)
at objectRepository.Addproductstocart.getDesktopsClick(Addproductstocart.java:32)
at objectRepository.Addproductstocart.getDesktopsClick(Addproductstocart.java:32)
at objectRepository.Addproductstocart.getDesktopsClick(Addproductstocart.java:32)
at objectRepository.Addproductstocart.getDesktopsClick(Addproductstocart.java:32)
at objectRepository.Addproductstocart.getDesktopsClick(Addproductstocart.java:32)
at objectRepository.Addproductstocart.getDesktopsClick(Addproductstocart.java:32)
at objectRepository.Addproductstocart.getDesktopsClick(Addproductstocart.java:32)
at objectRepository.Addproductstocart.getDesktopsClick(Addproductstocart.java:32)
at objectRepository.Addproductstocart.getDesktopsClick(Addproductstocart.java:32)
at objectRepository.Addproductstocart.getDesktopsClick(Addproductstocart.java:32)
at objectRepository.Addproductstocart.getDesktopsClick(Addproductstocart.java:32)
at objectRepository.Addproductstocart.getDesktopsClick(Addproductstocart.java:32)
at objectRepository.Addproductstocart.getDesktopsClick(Addproductstocart.java:32)
at objectRepository.Addproductstocart.getDesktopsClick(Addproductstocart.java:32)
at objectRepository.Addproductstocart.getDesktopsClick(Addproductstocart.java:32)
at objectRepository.Addproductstocart.getDesktopsClick(Addproductstocart.java:32)
at objectRepository.Addproductstocart.getDesktopsClick(Addproductstocart.java:32)
at objectRepository.Addproductstocart.getDesktopsClick(Addproductstocart.java:32)
at objectRepository.Addproductstocart.getDesktopsClick(Addproductstocart.java:32)
at objectRepository.Addproductstocart.getDesktopsClick(Addproductstocart.java:32)
at objectRepository.Addproductstocart.getDesktopsClick(Addproductstocart.java:32)
at objectRepository.Addproductstocart.getDesktopsClick(Addproductstocart.java:32)
at objectRepository.Addproductstocart.getDesktopsClick(Addproductstocart.java:32)
at objectRepository.Addproductstocart.getDesktopsClick(Addproductstocart.java:32)
at objectRepository.Addproductstocart.getDesktopsClick(Addproductstocart.java:32)
at objectRepository.Addproductstocart.getDesktopsClick(Addproductstocart.java:32)
at objectRepository.Addproductstocart.getDesktopsClick(Addproductstocart.java:32)
at objectRepository.Addproductstocart.getDesktopsClick(Addproductstocart.java:32)
at objectRepository.Addproductstocart.getDesktopsClick(Addproductstocart.java:32)
at objectRepository.Addproductstocart.getDesktopsClick(Addproductstocart.java:32)
at objectRepository.Addproductstocart.getDesktopsClick(Addproductstocart.java:32)
at objectRepository.Addproductstocart.getDesktopsClick(Addproductstocart.java:32)
at objectRepository.Addproductstocart.getDesktopsClick(Addproductstocart.java:32)
at objectRepository.Addproductstocart.getDesktopsClick(Addproductstocart.java:32)
at objectRepository.Addproductstocart.getDesktopsClick(Addproductstocart.java:32)
at objectRepository.Addproductstocart.getDesktopsClick(Addproductstocart.java:32)
at objectRepository.Addproductstocart.getDesktopsClick(Addproductstocart.java:32)
at objectRepository.Addproductstocart.getDesktopsClick(Addproductstocart.java:32)
at objectRepository.Addproductstocart.getDesktopsClick(Addproductstocart.java:32)
at objectRepository.Addproductstocart.getDesktopsClick(Addproductstocart.java:32)
at objectRepository.Addproductstocart.getDesktopsClick(Addproductstocart.java:32)
at objectRepository.Addproductstocart.getDesktopsClick(Addproductstocart.java:32)
at objectRepository.Addproductstocart.getDesktopsClick(Addproductstocart.java:32)
at objectRepository.Addproductstocart.getDesktopsClick(Addproductstocart.java:32)
at objectRepository.Addproductstocart.getDesktopsClick(Addproductstocart.java:32)
at objectRepository.Addproductstocart.getDesktopsClick(Addproductstocart.java:32)
at objectRepository.Addproductstocart.getDesktopsClick(Addproductstocart.java:32)
at objectRepository.Addproductstocart.getDesktopsClick(Addproductstocart.java:32)
at objectRepository.Addproductstocart.getDesktopsClick(Addproductstocart.java:32)
at objectRepository.Addproductstocart.getDesktopsClick(Addproductstocart.java:32)
at objectRepository.Addproductstocart.getDesktopsClick(Addproductstocart.java:32)
at objectRepository.Addproductstocart.getDesktopsClick(Addproductstocart.java:32)
at objectRepository.Addproductstocart.getDesktopsClick(Addproductstocart.java:32)
at objectRepository.Addproductstocart.getDesktopsClick(Addproductstocart.java:32)
at objectRepository.Addproductstocart.getDesktopsClick(Addproductstocart.java:32)
at objectRepository.Addproductstocart.getDesktopsClick(Addproductstocart.java:32)
at objectRepository.Addproductstocart.getDesktopsClick(Addproductstocart.java:32)
at objectRepository.Addproductstocart.getDesktopsClick(Addproductstocart.java:32)
at objectRepository.Addproductstocart.getDesktopsClick(Addproductstocart.java:32)
at objectRepository.Addproductstocart.getDesktopsClick(Addproductstocart.java:32)
at objectRepository.Addproductstocart.getDesktopsClick(Addproductstocart.java:32)
at objectRepository.Addproductstocart.getDesktopsClick(Addproductstocart.java:32)
at objectRepository.Addproductstocart.getDesktopsClick(Addproductstocart.java:32)
at objectRepository.Addproductstocart.getDesktopsClick(Addproductstocart.java:32)
at objectRepository.Addproductstocart.getDesktopsClick(Addproductstocart.java:32)
at objectRepository.Addproductstocart.getDesktopsClick(Addproductstocart.java:32)
at objectRepository.Addproductstocart.getDesktopsClick(Addproductstocart.java:32)
at objectRepository.Addproductstocart.getDesktopsClick(Addproductstocart.java:32)
at objectRepository.Addproductstocart.getDesktopsClick(Addproductstocart.java:32)
at objectRepository.Addproductstocart.getDesktopsClick(Addproductstocart.java:32)
at objectRepository.Addproductstocart.getDesktopsClick(Addproductstocart.java:32)
at objectRepository.Addproductstocart.getDesktopsClick(Addproductstocart.java:32)
at objectRepository.Addproductstocart.getDesktopsClick(Addproductstocart.java:32)
at objectRepository.Addproductstocart.getDesktopsClick(Addproductstocart.java:32)
at objectRepository.Addproductstocart.getDesktopsClick(Addproductstocart.java:32)
at objectRepository.Addproductstocart.getDesktopsClick(Addproductstocart.java:32)
at objectRepository.Addproductstocart.getDesktopsClick(Addproductstocart.java:32)
at objectRepository.Addproductstocart.getDesktopsClick(Addproductstocart.java:32)
at objectRepository.Addproductstocart.getDesktopsClick(Addproductstocart.java:32)
at objectRepository.Addproductstocart.getDesktopsClick(Addproductstocart.java:32)
at objectRepository.Addproductstocart.getDesktopsClick(Addproductstocart.java:32)
at objectRepository.Addproductstocart.getDesktopsClick(Addproductstocart.java:32)
at objectRepository.Addproductstocart.getDesktopsClick(Addproductstocart.java:32)
at objectRepository.Addproductstocart.getDesktopsClick(Addproductstocart.java:32)
at objectRepository.Addproductstocart.getDesktopsClick(Addproductstocart.java:32)
at objectRepository.Addproductstocart.getDesktopsClick(Addproductstocart.java:32)
at objectRepository.Addproductstocart.getDesktopsClick(Addproductstocart.java:32)
at objectRepository.Addproductstocart.getDesktopsClick(Addproductstocart.java:32)
at objectRepository.Addproductstocart.getDesktopsClick(Addproductstocart.java:32)
at objectRepository.Addproductstocart.getDesktopsClick(Addproductstocart.java:32)
at objectRepository.Addproductstocart.getDesktopsClick(Addproductstocart.java:32)
at objectRepository.Addproductstocart.getDesktopsClick(Addproductstocart.java:32)
at objectRepository.Addproductstocart.getDesktopsClick(Addproductstocart.java:32)
at objectRepository.Addproductstocart.getDesktopsClick(Addproductstocart.java:32)
at objectRepository.Addproductstocart.getDesktopsClick(Addproductstocart.java:32)
at objectRepository.Addproductstocart.getDesktopsClick(Addproductstocart.java:32)
at objectRepository.Addproductstocart.getDesktopsClick(Addproductstocart.java:32)
at objectRepository.Addproductstocart.getDesktopsClick(Addproductstocart.java:32)
at objectRepository.Addproductstocart.getDesktopsClick(Addproductstocart.java:32)
at objectRepository.Addproductstocart.getDesktopsClick(Addproductstocart.java:32)
at objectRepository.Addproductstocart.getDesktopsClick(Addproductstocart.java:32)
at objectRepository.Addproductstocart.getDesktopsClick(Addproductstocart.java:32)
at objectRepository.Addproductstocart.getDesktopsClick(Addproductstocart.java:32)
at objectRepository.Addproductstocart.getDesktopsClick(Addproductstocart.java:32)
at objectRepository.Addproductstocart.getDesktopsClick(Addproductstocart.java:32)
at objectRepository.Addproductstocart.getDesktopsClick(Addproductstocart.java:32)
at objectRepository.Addproductstocart.getDesktopsClick(Addproductstocart.java:32)
at objectRepository.Addproductstocart.getDesktopsClick(Addproductstocart.java:32)
at objectRepository.Addproductstocart.getDesktopsClick(Addproductstocart.java:32)
at objectRepository.Addproductstocart.getDesktopsClick(Addproductstocart.java:32)
at objectRepository.Addproductstocart.getDesktopsClick(Addproductstocart.java:32)
at objectRepository.Addproductstocart.getDesktopsClick(Addproductstocart.java:32)
at objectRepository.Addproductstocart.getDesktopsClick(Addproductstocart.java:32)
at objectRepository.Addproductstocart.getDesktopsClick(Addproductstocart.java:32)
at objectRepository.Addproductstocart.getDesktopsClick(Addproductstocart.java:32)
at objectRepository.Addproductstocart.getDesktopsClick(Addproductstocart.java:32)
at objectRepository.Addproductstocart.getDesktopsClick(Addproductstocart.java:32)
at objectRepository.Addproductstocart.getDesktopsClick(Addproductstocart.java:32)
at objectRepository.Addproductstocart.getDesktopsClick(Addproductstocart.java:32)
at objectRepository.Addproductstocart.getDesktopsClick(Addproductstocart.java:32)
at objectRepository.Addproductstocart.getDesktopsClick(Addproductstocart.java:32)
at objectRepository.Addproductstocart.getDesktopsClick(Addproductstocart.java:32)
at objectRepository.Addproductstocart.getDesktopsClick(Addproductstocart.java:32)
at objectRepository.Addproductstocart.getDesktopsClick(Addproductstocart.java:32)
at objectRepository.Addproductstocart.getDesktopsClick(Addproductstocart.java:32)
at objectRepository.Addproductstocart.getDesktopsClick(Addproductstocart.java:32)
at objectRepository.Addproductstocart.getDesktopsClick(Addproductstocart.java:32)
at objectRepository.Addproductstocart.getDesktopsClick(Addproductstocart.java:32)
at objectRepository.Addproductstocart.getDesktopsClick(Addproductstocart.java:32)
at objectRepository.Addproductstocart.getDesktopsClick(Addproductstocart.java:32)
at objectRepository.Addproductstocart.getDesktopsClick(Addproductstocart.java:32)
at objectRepository.Addproductstocart.getDesktopsClick(Addproductstocart.java:32)
at objectRepository.Addproductstocart.getDesktopsClick(Addproductstocart.java:32)
at objectRepository.Addproductstocart.getDesktopsClick(Addproductstocart.java:32)
at objectRepository.Addproductstocart.getDesktopsClick(Addproductstocart.java:32)
at objectRepository.Addproductstocart.getDesktopsClick(Addproductstocart.java:32)
at objectRepository.Addproductstocart.getDesktopsClick(Addproductstocart.java:32)
at objectRepository.Addproductstocart.getDesktopsClick(Addproductstocart.java:32)
at objectRepository.Addproductstocart.getDesktopsClick(Addproductstocart.java:32)
at objectRepository.Addproductstocart.getDesktopsClick(Addproductstocart.java:32)
at objectRepository.Addproductstocart.getDesktopsClick(Addproductstocart.java:32)
at objectRepository.Addproductstocart.getDesktopsClick(Addproductstocart.java:32)
at objectRepository.Addproductstocart.getDesktopsClick(Addproductstocart.java:32)
at objectRepository.Addproductstocart.getDesktopsClick(Addproductstocart.java:32)
at objectRepository.Addproductstocart.getDesktopsClick(Addproductstocart.java:32)
at objectRepository.Addproductstocart.getDesktopsClick(Addproductstocart.java:32)
at objectRepository.Addproductstocart.getDesktopsClick(Addproductstocart.java:32)
at objectRepository.Addproductstocart.getDesktopsClick(Addproductstocart.java:32)
at objectRepository.Addproductstocart.getDesktopsClick(Addproductstocart.java:32)
at objectRepository.Addproductstocart.getDesktopsClick(Addproductstocart.java:32)
at objectRepository.Addproductstocart.getDesktopsClick(Addproductstocart.java:32)
at objectRepository.Addproductstocart.getDesktopsClick(Addproductstocart.java:32)
at objectRepository.Addproductstocart.getDesktopsClick(Addproductstocart.java:32)
at objectRepository.Addproductstocart.getDesktopsClick(Addproductstocart.java:32)
at objectRepository.Addproductstocart.getDesktopsClick(Addproductstocart.java:32)
at objectRepository.Addproductstocart.getDesktopsClick(Addproductstocart.java:32)
at objectRepository.Addproductstocart.getDesktopsClick(Addproductstocart.java:32)
at objectRepository.Addproductstocart.getDesktopsClick(Addproductstocart.java:32)
at objectRepository.Addproductstocart.getDesktopsClick(Addproductstocart.java:32)
at objectRepository.Addproductstocart.getDesktopsClick(Addproductstocart.java:32)
at objectRepository.Addproductstocart.getDesktopsClick(Addproductstocart.java:32)
at objectRepository.Addproductstocart.getDesktopsClick(Addproductstocart.java:32)
at objectRepository.Addproductstocart.getDesktopsClick(Addproductstocart.java:32)
at objectRepository.Addproductstocart.getDesktopsClick(Addproductstocart.java:32)
at objectRepository.Addproductstocart.getDesktopsClick(Addproductstocart.java:32)
at objectRepository.Addproductstocart.getDesktopsClick(Addproductstocart.java:32)
at objectRepository.Addproductstocart.getDesktopsClick(Addproductstocart.java:32)
at objectRepository.Addproductstocart.getDesktopsClick(Addproductstocart.java:32)
at objectRepository.Addproductstocart.getDesktopsClick(Addproductstocart.java:32)
at objectRepository.Addproductstocart.getDesktopsClick(Addproductstocart.java:32)
at objectRepository.Addproductstocart.getDesktopsClick(Addproductstocart.java:32)
at objectRepository.Addproductstocart.getDesktopsClick(Addproductstocart.java:32)
at objectRepository.Addproductstocart.getDesktopsClick(Addproductstocart.java:32)
at objectRepository.Addproductstocart.getDesktopsClick(Addproductstocart.java:32)
at objectRepository.Addproductstocart.getDesktopsClick(Addproductstocart.java:32)
at objectRepository.Addproductstocart.getDesktopsClick(Addproductstocart.java:32)
at objectRepository.Addproductstocart.getDesktopsClick(Addproductstocart.java:32)
at objectRepository.Addproductstocart.getDesktopsClick(Addproductstocart.java:32)
at objectRepository.Addproductstocart.getDesktopsClick(Addproductstocart.java:32)
at objectRepository.Addproductstocart.getDesktopsClick(Addproductstocart.java:32)
at objectRepository.Addproductstocart.getDesktopsClick(Addproductstocart.java:32)
at objectRepository.Addproductstocart.getDesktopsClick(Addproductstocart.java:32)
at objectRepository.Addproductstocart.getDesktopsClick(Addproductstocart.java:32)
at objectRepository.Addproductstocart.getDesktopsClick(Addproductstocart.java:32)
at objectRepository.Addproductstocart.getDesktopsClick(Addproductstocart.java:32)
at objectRepository.Addproductstocart.getDesktopsClick(Addproductstocart.java:32)
at objectRepository.Addproductstocart.getDesktopsClick(Addproductstocart.java:32)
at objectRepository.Addproductstocart.getDesktopsClick(Addproductstocart.java:32)
at objectRepository.Addproductstocart.getDesktopsClick(Addproductstocart.java:32)
at objectRepository.Addproductstocart.getDesktopsClick(Addproductstocart.java:32)
at objectRepository.Addproductstocart.getDesktopsClick(Addproductstocart.java:32)
at objectRepository.Addproductstocart.getDesktopsClick(Addproductstocart.java:32)
at objectRepository.Addproductstocart.getDesktopsClick(Addproductstocart.java:32)
at objectRepository.Addproductstocart.getDesktopsClick(Addproductstocart.java:32)
at objectRepository.Addproductstocart.getDesktopsClick(Addproductstocart.java:32)
at objectRepository.Addproductstocart.getDesktopsClick(Addproductstocart.java:32)
at objectRepository.Addproductstocart.getDesktopsClick(Addproductstocart.java:32)
at objectRepository.Addproductstocart.getDesktopsClick(Addproductstocart.java:32)
at objectRepository.Addproductstocart.getDesktopsClick(Addproductstocart.java:32)
at objectRepository.Addproductstocart.getDesktopsClick(Addproductstocart.java:32)
at objectRepository.Addproductstocart.getDesktopsClick(Addproductstocart.java:32)
at objectRepository.Addproductstocart.getDesktopsClick(Addproductstocart.java:32)
at objectRepository.Addproductstocart.getDesktopsClick(Addproductstocart.java:32)
at objectRepository.Addproductstocart.getDesktopsClick(Addproductstocart.java:32)
at objectRepository.Addproductstocart.getDesktopsClick(Addproductstocart.java:32)
at objectRepository.Addproductstocart.getDesktopsClick(Addproductstocart.java:32)
at objectRepository.Addproductstocart.getDesktopsClick(Addproductstocart.java:32)
at objectRepository.Addproductstocart.getDesktopsClick(Addproductstocart.java:32)
at objectRepository.Addproductstocart.getDesktopsClick(Addproductstocart.java:32)
at objectRepository.Addproductstocart.getDesktopsClick(Addproductstocart.java:32)
at objectRepository.Addproductstocart.getDesktopsClick(Addproductstocart.java:32)
at objectRepository.Addproductstocart.getDesktopsClick(Addproductstocart.java:32)
at objectRepository.Addproductstocart.getDesktopsClick(Addproductstocart.java:32)
at objectRepository.Addproductstocart.getDesktopsClick(Addproductstocart.java:32)
at objectRepository.Addproductstocart.getDesktopsClick(Addproductstocart.java:32)
at objectRepository.Addproductstocart.getDesktopsClick(Addproductstocart.java:32)
at objectRepository.Addproductstocart.getDesktopsClick(Addproductstocart.java:32)
at objectRepository.Addproductstocart.getDesktopsClick(Addproductstocart.java:32)
at objectRepository.Addproductstocart.getDesktopsClick(Addproductstocart.java:32)
at objectRepository.Addproductstocart.getDesktopsClick(Addproductstocart.java:32)
at objectRepository.Addproductstocart.getDesktopsClick(Addproductstocart.java:32)
at objectRepository.Addproductstocart.getDesktopsClick(Addproductstocart.java:32)
at objectRepository.Addproductstocart.getDesktopsClick(Addproductstocart.java:32)
at objectRepository.Addproductstocart.getDesktopsClick(Addproductstocart.java:32)
at objectRepository.Addproductstocart.getDesktopsClick(Addproductstocart.java:32)
at objectRepository.Addproductstocart.getDesktopsClick(Addproductstocart.java:32)
at objectRepository.Addproductstocart.getDesktopsClick(Addproductstocart.java:32)
at objectRepository.Addproductstocart.getDesktopsClick(Addproductstocart.java:32)
at objectRepository.Addproductstocart.getDesktopsClick(Addproductstocart.java:32)
at objectRepository.Addproductstocart.getDesktopsClick(Addproductstocart.java:32)
at objectRepository.Addproductstocart.getDesktopsClick(Addproductstocart.java:32)
at objectRepository.Addproductstocart.getDesktopsClick(Addproductstocart.java:32)
at objectRepository.Addproductstocart.getDesktopsClick(Addproductstocart.java:32)
at objectRepository.Addproductstocart.getDesktopsClick(Addproductstocart.java:32)
at objectRepository.Addproductstocart.getDesktopsClick(Addproductstocart.java:32)
at objectRepository.Addproductstocart.getDesktopsClick(Addproductstocart.java:32)
at objectRepository.Addproductstocart.getDesktopsClick(Addproductstocart.java:32)
at objectRepository.Addproductstocart.getDesktopsClick(Addproductstocart.java:32)
at objectRepository.Addproductstocart.getDesktopsClick(Addproductstocart.java:32)
at objectRepository.Addproductstocart.getDesktopsClick(Addproductstocart.java:32)
at objectRepository.Addproductstocart.getDesktopsClick(Addproductstocart.java:32)
at objectRepository.Addproductstocart.getDesktopsClick(Addproductstocart.java:32)
at objectRepository.Addproductstocart.getDesktopsClick(Addproductstocart.java:32)
at objectRepository.Addproductstocart.getDesktopsClick(Addproductstocart.java:32)
at objectRepository.Addproductstocart.getDesktopsClick(Addproductstocart.java:32)
at objectRepository.Addproductstocart.getDesktopsClick(Addproductstocart.java:32)
at objectRepository.Addproductstocart.getDesktopsClick(Addproductstocart.java:32)
at objectRepository.Addproductstocart.getDesktopsClick(Addproductstocart.java:32)
at objectRepository.Addproductstocart.getDesktopsClick(Addproductstocart.java:32)
at objectRepository.Addproductstocart.getDesktopsClick(Addproductstocart.java:32)
at objectRepository.Addproductstocart.getDesktopsClick(Addproductstocart.java:32)
at objectRepository.Addproductstocart.getDesktopsClick(Addproductstocart.java:32)
at objectRepository.Addproductstocart.getDesktopsClick(Addproductstocart.java:32)
at objectRepository.Addproductstocart.getDesktopsClick(Addproductstocart.java:32)
at objectRepository.Addproductstocart.getDesktopsClick(Addproductstocart.java:32)
at objectRepository.Addproductstocart.getDesktopsClick(Addproductstocart.java:32)
at objectRepository.Addproductstocart.getDesktopsClick(Addproductstocart.java:32)
at objectRepository.Addproductstocart.getDesktopsClick(Addproductstocart.java:32)
at objectRepository.Addproductstocart.getDesktopsClick(Addproductstocart.java:32)
at objectRepository.Addproductstocart.getDesktopsClick(Addproductstocart.java:32)
at objectRepository.Addproductstocart.getDesktopsClick(Addproductstocart.java:32)
at objectRepository.Addproductstocart.getDesktopsClick(Addproductstocart.java:32)
at objectRepository.Addproductstocart.getDesktopsClick(Addproductstocart.java:32)
at objectRepository.Addproductstocart.getDesktopsClick(Addproductstocart.java:32)
at objectRepository.Addproductstocart.getDesktopsClick(Addproductstocart.java:32)
at objectRepository.Addproductstocart.getDesktopsClick(Addproductstocart.java:32)
at objectRepository.Addproductstocart.getDesktopsClick(Addproductstocart.java:32)
at objectRepository.Addproductstocart.getDesktopsClick(Addproductstocart.java:32)
at objectRepository.Addproductstocart.getDesktopsClick(Addproductstocart.java:32)
at objectRepository.Addproductstocart.getDesktopsClick(Addproductstocart.java:32)
at objectRepository.Addproductstocart.getDesktopsClick(Addproductstocart.java:32)
at objectRepository.Addproductstocart.getDesktopsClick(Addproductstocart.java:32)
at objectRepository.Addproductstocart.getDesktopsClick(Addproductstocart.java:32)
at objectRepository.Addproductstocart.getDesktopsClick(Addproductstocart.java:32)
at objectRepository.Addproductstocart.getDesktopsClick(Addproductstocart.java:32)
at objectRepository.Addproductstocart.getDesktopsClick(Addproductstocart.java:32)
at objectRepository.Addproductstocart.getDesktopsClick(Addproductstocart.java:32)
at objectRepository.Addproductstocart.getDesktopsClick(Addproductstocart.java:32)
at objectRepository.Addproductstocart.getDesktopsClick(Addproductstocart.java:32)
at objectRepository.Addproductstocart.getDesktopsClick(Addproductstocart.java:32)
at objectRepository.Addproductstocart.getDesktopsClick(Addproductstocart.java:32)
at objectRepository.Addproductstocart.getDesktopsClick(Addproductstocart.java:32)
at objectRepository.Addproductstocart.getDesktopsClick(Addproductstocart.java:32)
at objectRepository.Addproductstocart.getDesktopsClick(Addproductstocart.java:32)
at objectRepository.Addproductstocart.getDesktopsClick(Addproductstocart.java:32)
at objectRepository.Addproductstocart.getDesktopsClick(Addproductstocart.java:32)
at objectRepository.Addproductstocart.getDesktopsClick(Addproductstocart.java:32)
at objectRepository.Addproductstocart.getDesktopsClick(Addproductstocart.java:32)
at objectRepository.Addproductstocart.getDesktopsClick(Addproductstocart.java:32)
at objectRepository.Addproductstocart.getDesktopsClick(Addproductstocart.java:32)
at objectRepository.Addproductstocart.getDesktopsClick(Addproductstocart.java:32)
at objectRepository.Addproductstocart.getDesktopsClick(Addproductstocart.java:32)
at objectRepository.Addproductstocart.getDesktopsClick(Addproductstocart.java:32)
at objectRepository.Addproductstocart.getDesktopsClick(Addproductstocart.java:32)
at objectRepository.Addproductstocart.getDesktopsClick(Addproductstocart.java:32)
at objectRepository.Addproductstocart.getDesktopsClick(Addproductstocart.java:32)
at objectRepository.Addproductstocart.getDesktopsClick(Addproductstocart.java:32)
at objectRepository.Addproductstocart.getDesktopsClick(Addproductstocart.java:32)
at objectRepository.Addproductstocart.getDesktopsClick(Addproductstocart.java:32)
at objectRepository.Addproductstocart.getDesktopsClick(Addproductstocart.java:32)
at objectRepository.Addproductstocart.getDesktopsClick(Addproductstocart.java:32)
at objectRepository.Addproductstocart.getDesktopsClick(Addproductstocart.java:32)
at objectRepository.Addproductstocart.getDesktopsClick(Addproductstocart.java:32)
at objectRepository.Addproductstocart.getDesktopsClick(Addproductstocart.java:32)
at objectRepository.Addproductstocart.getDesktopsClick(Addproductstocart.java:32)
at objectRepository.Addproductstocart.getDesktopsClick(Addproductstocart.java:32)
at objectRepository.Addproductstocart.getDesktopsClick(Addproductstocart.java:32)
at objectRepository.Addproductstocart.getDesktopsClick(Addproductstocart.java:32)
at objectRepository.Addproductstocart.getDesktopsClick(Addproductstocart.java:32)
at objectRepository.Addproductstocart.getDesktopsClick(Addproductstocart.java:32)
at objectRepository.Addproductstocart.getDesktopsClick(Addproductstocart.java:32)
at objectRepository.Addproductstocart.getDesktopsClick(Addproductstocart.java:32)
at objectRepository.Addproductstocart.getDesktopsClick(Addproductstocart.java:32)
at objectRepository.Addproductstocart.getDesktopsClick(Addproductstocart.java:32)
at objectRepository.Addproductstocart.getDesktopsClick(Addproductstocart.java:32)
at objectRepository.Addproductstocart.getDesktopsClick(Addproductstocart.java:32)
at objectRepository.Addproductstocart.getDesktopsClick(Addproductstocart.java:32)
at objectRepository.Addproductstocart.getDesktopsClick(Addproductstocart.java:32)
at objectRepository.Addproductstocart.getDesktopsClick(Addproductstocart.java:32)
at objectRepository.Addproductstocart.getDesktopsClick(Addproductstocart.java:32)
at objectRepository.Addproductstocart.getDesktopsClick(Addproductstocart.java:32)
at objectRepository.Addproductstocart.getDesktopsClick(Addproductstocart.java:32)
at objectRepository.Addproductstocart.getDesktopsClick(Addproductstocart.java:32)
at objectRepository.Addproductstocart.getDesktopsClick(Addproductstocart.java:32)
at objectRepository.Addproductstocart.getDesktopsClick(Addproductstocart.java:32)
at objectRepository.Addproductstocart.getDesktopsClick(Addproductstocart.java:32)
at objectRepository.Addproductstocart.getDesktopsClick(Addproductstocart.java:32)
at objectRepository.Addproductstocart.getDesktopsClick(Addproductstocart.java:32)
at objectRepository.Addproductstocart.getDesktopsClick(Addproductstocart.java:32)
at objectRepository.Addproductstocart.getDesktopsClick(Addproductstocart.java:32)
at objectRepository.Addproductstocart.getDesktopsClick(Addproductstocart.java:32)
at objectRepository.Addproductstocart.getDesktopsClick(Addproductstocart.java:32)
at objectRepository.Addproductstocart.getDesktopsClick(Addproductstocart.java:32)
at objectRepository.Addproductstocart.getDesktopsClick(Addproductstocart.java:32)
at objectRepository.Addproductstocart.getDesktopsClick(Addproductstocart.java:32)
at objectRepository.Addproductstocart.getDesktopsClick(Addproductstocart.java:32)
at objectRepository.Addproductstocart.getDesktopsClick(Addproductstocart.java:32)
at objectRepository.Addproductstocart.getDesktopsClick(Addproductstocart.java:32)
at objectRepository.Addproductstocart.getDesktopsClick(Addproductstocart.java:32)
at objectRepository.Addproductstocart.getDesktopsClick(Addproductstocart.java:32)
at objectRepository.Addproductstocart.getDesktopsClick(Addproductstocart.java:32)
at objectRepository.Addproductstocart.getDesktopsClick(Addproductstocart.java:32)
at objectRepository.Addproductstocart.getDesktopsClick(Addproductstocart.java:32)
at objectRepository.Addproductstocart.getDesktopsClick(Addproductstocart.java:32)
at objectRepository.Addproductstocart.getDesktopsClick(Addproductstocart.java:32)
at objectRepository.Addproductstocart.getDesktopsClick(Addproductstocart.java:32)
at objectRepository.Addproductstocart.getDesktopsClick(Addproductstocart.java:32)
at objectRepository.Addproductstocart.getDesktopsClick(Addproductstocart.java:32)
at objectRepository.Addproductstocart.getDesktopsClick(Addproductstocart.java:32)
at objectRepository.Addproductstocart.getDesktopsClick(Addproductstocart.java:32)
at objectRepository.Addproductstocart.getDesktopsClick(Addproductstocart.java:32)
at objectRepository.Addproductstocart.getDesktopsClick(Addproductstocart.java:32)
at objectRepository.Addproductstocart.getDesktopsClick(Addproductstocart.java:32)
at objectRepository.Addproductstocart.getDesktopsClick(Addproductstocart.java:32)
at objectRepository.Addproductstocart.getDesktopsClick(Addproductstocart.java:32)
at objectRepository.Addproductstocart.getDesktopsClick(Addproductstocart.java:32)
at objectRepository.Addproductstocart.getDesktopsClick(Addproductstocart.java:32)
at objectRepository.Addproductstocart.getDesktopsClick(Addproductstocart.java:32)
at objectRepository.Addproductstocart.getDesktopsClick(Addproductstocart.java:32)
at objectRepository.Addproductstocart.getDesktopsClick(Addproductstocart.java:32)
at objectRepository.Addproductstocart.getDesktopsClick(Addproductstocart.java:32)
at objectRepository.Addproductstocart.getDesktopsClick(Addproductstocart.java:32)
at objectRepository.Addproductstocart.getDesktopsClick(Addproductstocart.java:32)
at objectRepository.Addproductstocart.getDesktopsClick(Addproductstocart.java:32)
at objectRepository.Addproductstocart.getDesktopsClick(Addproductstocart.java:32)
at objectRepository.Addproductstocart.getDesktopsClick(Addproductstocart.java:32)
at objectRepository.Addproductstocart.getDesktopsClick(Addproductstocart.java:32)
at objectRepository.Addproductstocart.getDesktopsClick(Addproductstocart.java:32)
at objectRepository.Addproductstocart.getDesktopsClick(Addproductstocart.java:32)
at objectRepository.Addproductstocart.getDesktopsClick(Addproductstocart.java:32)
at objectRepository.Addproductstocart.getDesktopsClick(Addproductstocart.java:32)
at objectRepository.Addproductstocart.getDesktopsClick(Addproductstocart.java:32)
at objectRepository.Addproductstocart.getDesktopsClick(Addproductstocart.java:32)
at objectRepository.Addproductstocart.getDesktopsClick(Addproductstocart.java:32)
at objectRepository.Addproductstocart.getDesktopsClick(Addproductstocart.java:32)
at objectRepository.Addproductstocart.getDesktopsClick(Addproductstocart.java:32)
at objectRepository.Addproductstocart.getDesktopsClick(Addproductstocart.java:32)
at objectRepository.Addproductstocart.getDesktopsClick(Addproductstocart.java:32)
at objectRepository.Addproductstocart.getDesktopsClick(Addproductstocart.java:32)
at objectRepository.Addproductstocart.getDesktopsClick(Addproductstocart.java:32)
at objectRepository.Addproductstocart.getDesktopsClick(Addproductstocart.java:32)
at objectRepository.Addproductstocart.getDesktopsClick(Addproductstocart.java:32)
at objectRepository.Addproductstocart.getDesktopsClick(Addproductstocart.java:32)
at objectRepository.Addproductstocart.getDesktopsClick(Addproductstocart.java:32)
at objectRepository.Addproductstocart.getDesktopsClick(Addproductstocart.java:32)
at objectRepository.Addproductstocart.getDesktopsClick(Addproductstocart.java:32)
at objectRepository.Addproductstocart.getDesktopsClick(Addproductstocart.java:32)
at objectRepository.Addproductstocart.getDesktopsClick(Addproductstocart.java:32)
at objectRepository.Addproductstocart.getDesktopsClick(Addproductstocart.java:32)
at objectRepository.Addproductstocart.getDesktopsClick(Addproductstocart.java:32)
at objectRepository.Addproductstocart.getDesktopsClick(Addproductstocart.java:32)
at objectRepository.Addproductstocart.getDesktopsClick(Addproductstocart.java:32)
at objectRepository.Addproductstocart.getDesktopsClick(Addproductstocart.java:32)
at objectRepository.Addproductstocart.getDesktopsClick(Addproductstocart.java:32)
at objectRepository.Addproductstocart.getDesktopsClick(Addproductstocart.java:32)
at objectRepository.Addproductstocart.getDesktopsClick(Addproductstocart.java:32)
at objectRepository.Addproductstocart.getDesktopsClick(Addproductstocart.java:32)
at objectRepository.Addproductstocart.getDesktopsClick(Addproductstocart.java:32)
at objectRepository.Addproductstocart.getDesktopsClick(Addproductstocart.java:32)
at objectRepository.Addproductstocart.getDesktopsClick(Addproductstocart.java:32)
at objectRepository.Addproductstocart.getDesktopsClick(Addproductstocart.java:32)
at objectRepository.Addproductstocart.getDesktopsClick(Addproductstocart.java:32)
at objectRepository.Addproductstocart.getDesktopsClick(Addproductstocart.java:32)
at objectRepository.Addproductstocart.getDesktopsClick(Addproductstocart.java:32)
at objectRepository.Addproductstocart.getDesktopsClick(Addproductstocart.java:32)
at objectRepository.Addproductstocart.getDesktopsClick(Addproductstocart.java:32)
at objectRepository.Addproductstocart.getDesktopsClick(Addproductstocart.java:32)
at objectRepository.Addproductstocart.getDesktopsClick(Addproductstocart.java:32)
at objectRepository.Addproductstocart.getDesktopsClick(Addproductstocart.java:32)
at objectRepository.Addproductstocart.getDesktopsClick(Addproductstocart.java:32)
at objectRepository.Addproductstocart.getDesktopsClick(Addproductstocart.java:32)
at objectRepository.Addproductstocart.getDesktopsClick(Addproductstocart.java:32)
at objectRepository.Addproductstocart.getDesktopsClick(Addproductstocart.java:32)
at objectRepository.Addproductstocart.getDesktopsClick(Addproductstocart.java:32)
at objectRepository.Addproductstocart.getDesktopsClick(Addproductstocart.java:32)
at objectRepository.Addproductstocart.getDesktopsClick(Addproductstocart.java:32)
at objectRepository.Addproductstocart.getDesktopsClick(Addproductstocart.java:32)
at objectRepository.Addproductstocart.getDesktopsClick(Addproductstocart.java:32)
at objectRepository.Addproductstocart.getDesktopsClick(Addproductstocart.java:32)
at objectRepository.Addproductstocart.getDesktopsClick(Addproductstocart.java:32)
at objectRepository.Addproductstocart.getDesktopsClick(Addproductstocart.java:32)
at objectRepository.Addproductstocart.getDesktopsClick(Addproductstocart.java:32)
at objectRepository.Addproductstocart.getDesktopsClick(Addproductstocart.java:32)
at objectRepository.Addproductstocart.getDesktopsClick(Addproductstocart.java:32)
at objectRepository.Addproductstocart.getDesktopsClick(Addproductstocart.java:32)
at objectRepository.Addproductstocart.getDesktopsClick(Addproductstocart.java:32)
at objectRepository.Addproductstocart.getDesktopsClick(Addproductstocart.java:32)
at objectRepository.Addproductstocart.getDesktopsClick(Addproductstocart.java:32)
at objectRepository.Addproductstocart.getDesktopsClick(Addproductstocart.java:32)
at objectRepository.Addproductstocart.getDesktopsClick(Addproductstocart.java:32)
at objectRepository.Addproductstocart.getDesktopsClick(Addproductstocart.java:32)
at objectRepository.Addproductstocart.getDesktopsClick(Addproductstocart.java:32)
at objectRepository.Addproductstocart.getDesktopsClick(Addproductstocart.java:32)
at objectRepository.Addproductstocart.getDesktopsClick(Addproductstocart.java:32)
at objectRepository.Addproductstocart.getDesktopsClick(Addproductstocart.java:32)
at objectRepository.Addproductstocart.getDesktopsClick(Addproductstocart.java:32)
at objectRepository.Addproductstocart.getDesktopsClick(Addproductstocart.java:32)
at objectRepository.Addproductstocart.getDesktopsClick(Addproductstocart.java:32)
at objectRepository.Addproductstocart.getDesktopsClick(Addproductstocart.java:32)
at objectRepository.Addproductstocart.getDesktopsClick(Addproductstocart.java:32)
at objectRepository.Addproductstocart.getDesktopsClick(Addproductstocart.java:32)
at objectRepository.Addproductstocart.getDesktopsClick(Addproductstocart.java:32)
at objectRepository.Addproductstocart.getDesktopsClick(Addproductstocart.java:32)
at objectRepository.Addproductstocart.getDesktopsClick(Addproductstocart.java:32)
at objectRepository.Addproductstocart.getDesktopsClick(Addproductstocart.java:32)
at objectRepository.Addproductstocart.getDesktopsClick(Addproductstocart.java:32)
at objectRepository.Addproductstocart.getDesktopsClick(Addproductstocart.java:32)
at objectRepository.Addproductstocart.getDesktopsClick(Addproductstocart.java:32)
at objectRepository.Addproductstocart.getDesktopsClick(Addproductstocart.java:32)
at objectRepository.Addproductstocart.getDesktopsClick(Addproductstocart.java:32)
at objectRepository.Addproductstocart.getDesktopsClick(Addproductstocart.java:32)
at objectRepository.Addproductstocart.getDesktopsClick(Addproductstocart.java:32)
at objectRepository.Addproductstocart.getDesktopsClick(Addproductstocart.java:32)
at objectRepository.Addproductstocart.getDesktopsClick(Addproductstocart.java:32)
at objectRepository.Addproductstocart.getDesktopsClick(Addproductstocart.java:32)
at objectRepository.Addproductstocart.getDesktopsClick(Addproductstocart.java:32)
at objectRepository.Addproductstocart.getDesktopsClick(Addproductstocart.java:32)
at objectRepository.Addproductstocart.getDesktopsClick(Addproductstocart.java:32)
at objectRepository.Addproductstocart.getDesktopsClick(Addproductstocart.java:32)
at objectRepository.Addproductstocart.getDesktopsClick(Addproductstocart.java:32)
at objectRepository.Addproductstocart.getDesktopsClick(Addproductstocart.java:32)
at objectRepository.Addproductstocart.getDesktopsClick(Addproductstocart.java:32)
at objectRepository.Addproductstocart.getDesktopsClick(Addproductstocart.java:32)
at objectRepository.Addproductstocart.getDesktopsClick(Addproductstocart.java:32)
at objectRepository.Addproductstocart.getDesktopsClick(Addproductstocart.java:32)
at objectRepository.Addproductstocart.getDesktopsClick(Addproductstocart.java:32)
at objectRepository.Addproductstocart.getDesktopsClick(Addproductstocart.java:32)
at objectRepository.Addproductstocart.getDesktopsClick(Addproductstocart.java:32)
at objectRepository.Addproductstocart.getDesktopsClick(Addproductstocart.java:32)
at objectRepository.Addproductstocart.getDesktopsClick(Addproductstocart.java:32)
at objectRepository.Addproductstocart.getDesktopsClick(Addproductstocart.java:32)
at objectRepository.Addproductstocart.getDesktopsClick(Addproductstocart.java:32)
at objectRepository.Addproductstocart.getDesktopsClick(Addproductstocart.java:32)
at objectRepository.Addproductstocart.getDesktopsClick(Addproductstocart.java:32)
at objectRepository.Addproductstocart.getDesktopsClick(Addproductstocart.java:32)
at objectRepository.Addproductstocart.getDesktopsClick(Addproductstocart.java:32)
at objectRepository.Addproductstocart.getDesktopsClick(Addproductstocart.java:32)
at objectRepository.Addproductstocart.getDesktopsClick(Addproductstocart.java:32)
at objectRepository.Addproductstocart.getDesktopsClick(Addproductstocart.java:32)
at objectRepository.Addproductstocart.getDesktopsClick(Addproductstocart.java:32)
at objectRepository.Addproductstocart.getDesktopsClick(Addproductstocart.java:32)
at objectRepository.Addproductstocart.getDesktopsClick(Addproductstocart.java:32)
at objectRepository.Addproductstocart.getDesktopsClick(Addproductstocart.java:32)
at objectRepository.Addproductstocart.getDesktopsClick(Addproductstocart.java:32)
at objectRepository.Addproductstocart.getDesktopsClick(Addproductstocart.java:32)
at objectRepository.Addproductstocart.getDesktopsClick(Addproductstocart.java:32)
at objectRepository.Addproductstocart.getDesktopsClick(Addproductstocart.java:32)
at objectRepository.Addproductstocart.getDesktopsClick(Addproductstocart.java:32)
at objectRepository.Addproductstocart.getDesktopsClick(Addproductstocart.java:32)
at objectRepository.Addproductstocart.getDesktopsClick(Addproductstocart.java:32)
at objectRepository.Addproductstocart.getDesktopsClick(Addproductstocart.java:32)
at objectRepository.Addproductstocart.getDesktopsClick(Addproductstocart.java:32)
at objectRepository.Addproductstocart.getDesktopsClick(Addproductstocart.java:32)
at objectRepository.Addproductstocart.getDesktopsClick(Addproductstocart.java:32)
at objectRepository.Addproductstocart.getDesktopsClick(Addproductstocart.java:32)
at objectRepository.Addproductstocart.getDesktopsClick(Addproductstocart.java:32)
at objectRepository.Addproductstocart.getDesktopsClick(Addproductstocart.java:32)
at objectRepository.Addproductstocart.getDesktopsClick(Addproductstocart.java:32)
at objectRepository.Addproductstocart.getDesktopsClick(Addproductstocart.java:32)
at objectRepository.Addproductstocart.getDesktopsClick(Addproductstocart.java:32)
at objectRepository.Addproductstocart.getDesktopsClick(Addproductstocart.java:32)
at objectRepository.Addproductstocart.getDesktopsClick(Addproductstocart.java:32)
at objectRepository.Addproductstocart.getDesktopsClick(Addproductstocart.java:32)
at objectRepository.Addproductstocart.getDesktopsClick(Addproductstocart.java:32)
at objectRepository.Addproductstocart.getDesktopsClick(Addproductstocart.java:32)
at objectRepository.Addproductstocart.getDesktopsClick(Addproductstocart.java:32)
at objectRepository.Addproductstocart.getDesktopsClick(Addproductstocart.java:32)
at objectRepository.Addproductstocart.getDesktopsClick(Addproductstocart.java:32)
at objectRepository.Addproductstocart.getDesktopsClick(Addproductstocart.java:32)
at objectRepository.Addproductstocart.getDesktopsClick(Addproductstocart.java:32)
at objectRepository.Addproductstocart.getDesktopsClick(Addproductstocart.java:32)
at objectRepository.Addproductstocart.getDesktopsClick(Addproductstocart.java:32)
at objectRepository.Addproductstocart.getDesktopsClick(Addproductstocart.java:32)
at objectRepository.Addproductstocart.getDesktopsClick(Addproductstocart.java:32)
at objectRepository.Addproductstocart.getDesktopsClick(Addproductstocart.java:32)
at objectRepository.Addproductstocart.getDesktopsClick(Addproductstocart.java:32)
at objectRepository.Addproductstocart.getDesktopsClick(Addproductstocart.java:32)
at objectRepository.Addproductstocart.getDesktopsClick(Addproductstocart.java:32)
at objectRepository.Addproductstocart.getDesktopsClick(Addproductstocart.java:32)
at objectRepository.Addproductstocart.getDesktopsClick(Addproductstocart.java:32)
at objectRepository.Addproductstocart.getDesktopsClick(Addproductstocart.java:32)
at objectRepository.Addproductstocart.getDesktopsClick(Addproductstocart.java:32)
at objectRepository.Addproductstocart.getDesktopsClick(Addproductstocart.java:32)
at objectRepository.Addproductstocart.getDesktopsClick(Addproductstocart.java:32)
at objectRepository.Addproductstocart.getDesktopsClick(Addproductstocart.java:32)
at objectRepository.Addproductstocart.getDesktopsClick(Addproductstocart.java:32)
at objectRepository.Addproductstocart.getDesktopsClick(Addproductstocart.java:32)
at objectRepository.Addproductstocart.getDesktopsClick(Addproductstocart.java:32)
at objectRepository.Addproductstocart.getDesktopsClick(Addproductstocart.java:32)
at objectRepository.Addproductstocart.getDesktopsClick(Addproductstocart.java:32)
at objectRepository.Addproductstocart.getDesktopsClick(Addproductstocart.java:32)
at objectRepository.Addproductstocart.getDesktopsClick(Addproductstocart.java:32)
at objectRepository.Addproductstocart.getDesktopsClick(Addproductstocart.java:32)
at objectRepository.Addproductstocart.getDesktopsClick(Addproductstocart.java:32)
at objectRepository.Addproductstocart.getDesktopsClick(Addproductstocart.java:32)
at objectRepository.Addproductstocart.getDesktopsClick(Addproductstocart.java:32)
at objectRepository.Addproductstocart.getDesktopsClick(Addproductstocart.java:32)
at objectRepository.Addproductstocart.getDesktopsClick(Addproductstocart.java:32)
at objectRepository.Addproductstocart.getDesktopsClick(Addproductstocart.java:32)
at objectRepository.Addproductstocart.getDesktopsClick(Addproductstocart.java:32)
at objectRepository.Addproductstocart.getDesktopsClick(Addproductstocart.java:32)
at objectRepository.Addproductstocart.getDesktopsClick(Addproductstocart.java:32)
at objectRepository.Addproductstocart.getDesktopsClick(Addproductstocart.java:32)
at objectRepository.Addproductstocart.getDesktopsClick(Addproductstocart.java:32)
at objectRepository.Addproductstocart.getDesktopsClick(Addproductstocart.java:32)
at objectRepository.Addproductstocart.getDesktopsClick(Addproductstocart.java:32)
at objectRepository.Addproductstocart.getDesktopsClick(Addproductstocart.java:32)
at objectRepository.Addproductstocart.getDesktopsClick(Addproductstocart.java:32)
at objectRepository.Addproductstocart.getDesktopsClick(Addproductstocart.java:32)
at objectRepository.Addproductstocart.getDesktopsClick(Addproductstocart.java:32)
at objectRepository.Addproductstocart.getDesktopsClick(Addproductstocart.java:32)
at objectRepository.Addproductstocart.getDesktopsClick(Addproductstocart.java:32)
at objectRepository.Addproductstocart.getDesktopsClick(Addproductstocart.java:32)
at objectRepository.Addproductstocart.getDesktopsClick(Addproductstocart.java:32)
at objectRepository.Addproductstocart.getDesktopsClick(Addproductstocart.java:32)
at objectRepository.Addproductstocart.getDesktopsClick(Addproductstocart.java:32)
at objectRepository.Addproductstocart.getDesktopsClick(Addproductstocart.java:32)
at objectRepository.Addproductstocart.getDesktopsClick(Addproductstocart.java:32)
at objectRepository.Addproductstocart.getDesktopsClick(Addproductstocart.java:32)
at objectRepository.Addproductstocart.getDesktopsClick(Addproductstocart.java:32)
at objectRepository.Addproductstocart.getDesktopsClick(Addproductstocart.java:32)
at objectRepository.Addproductstocart.getDesktopsClick(Addproductstocart.java:32)
at objectRepository.Addproductstocart.getDesktopsClick(Addproductstocart.java:32)
at objectRepository.Addproductstocart.getDesktopsClick(Addproductstocart.java:32)
at objectRepository.Addproductstocart.getDesktopsClick(Addproductstocart.java:32)
at objectRepository.Addproductstocart.getDesktopsClick(Addproductstocart.java:32)
at objectRepository.Addproductstocart.getDesktopsClick(Addproductstocart.java:32)
at objectRepository.Addproductstocart.getDesktopsClick(Addproductstocart.java:32)
at objectRepository.Addproductstocart.getDesktopsClick(Addproductstocart.java:32)
at objectRepository.Addproductstocart.getDesktopsClick(Addproductstocart.java:32)
at objectRepository.Addproductstocart.getDesktopsClick(Addproductstocart.java:32)
at objectRepository.Addproductstocart.getDesktopsClick(Addproductstocart.java:32)
at objectRepository.Addproductstocart.getDesktopsClick(Addproductstocart.java:32)
at objectRepository.Addproductstocart.getDesktopsClick(Addproductstocart.java:32)
at objectRepository.Addproductstocart.getDesktopsClick(Addproductstocart.java:32)
at objectRepository.Addproductstocart.getDesktopsClick(Addproductstocart.java:32)
at objectRepository.Addproductstocart.getDesktopsClick(Addproductstocart.java:32)
at objectRepository.Addproductstocart.getDesktopsClick(Addproductstocart.java:32)
at objectRepository.Addproductstocart.getDesktopsClick(Addproductstocart.java:32)
at objectRepository.Addproductstocart.getDesktopsClick(Addproductstocart.java:32)
at objectRepository.Addproductstocart.getDesktopsClick(Addproductstocart.java:32)
at objectRepository.Addproductstocart.getDesktopsClick(Addproductstocart.java:32)
at objectRepository.Addproductstocart.getDesktopsClick(Addproductstocart.java:32)
at objectRepository.Addproductstocart.getDesktopsClick(Addproductstocart.java:32)
at objectRepository.Addproductstocart.getDesktopsClick(Addproductstocart.java:32)
at objectRepository.Addproductstocart.getDesktopsClick(Addproductstocart.java:32)
at objectRepository.Addproductstocart.getDesktopsClick(Addproductstocart.java:32)
at objectRepository.Addproductstocart.getDesktopsClick(Addproductstocart.java:32)
at objectRepository.Addproductstocart.getDesktopsClick(Addproductstocart.java:32)
at objectRepository.Addproductstocart.getDesktopsClick(Addproductstocart.java:32)
at objectRepository.Addproductstocart.getDesktopsClick(Addproductstocart.java:32)
at objectRepository.Addproductstocart.getDesktopsClick(Addproductstocart.java:32)
at objectRepository.Addproductstocart.getDesktopsClick(Addproductstocart.java:32)
at objectRepository.Addproductstocart.getDesktopsClick(Addproductstocart.java:32)
at objectRepository.Addproductstocart.getDesktopsClick(Addproductstocart.java:32)
at objectRepository.Addproductstocart.getDesktopsClick(Addproductstocart.java:32)
at objectRepository.Addproductstocart.getDesktopsClick(Addproductstocart.java:32)
at objectRepository.Addproductstocart.getDesktopsClick(Addproductstocart.java:32)
at objectRepository.Addproductstocart.getDesktopsClick(Addproductstocart.java:32)
at objectRepository.Addproductstocart.getDesktopsClick(Addproductstocart.java:32)
at objectRepository.Addproductstocart.getDesktopsClick(Addproductstocart.java:32)
at objectRepository.Addproductstocart.getDesktopsClick(Addproductstocart.java:32)
at objectRepository.Addproductstocart.getDesktopsClick(Addproductstocart.java:32)
at objectRepository.Addproductstocart.getDesktopsClick(Addproductstocart.java:32)
at objectRepository.Addproductstocart.getDesktopsClick(Addproductstocart.java:32)
at objectRepository.Addproductstocart.getDesktopsClick(Addproductstocart.java:32)
at objectRepository.Addproductstocart.getDesktopsClick(Addproductstocart.java:32)
at objectRepository.Addproductstocart.getDesktopsClick(Addproductstocart.java:32)
at objectRepository.Addproductstocart.getDesktopsClick(Addproductstocart.java:32)
at objectRepository.Addproductstocart.getDesktopsClick(Addproductstocart.java:32)
at objectRepository.Addproductstocart.getDesktopsClick(Addproductstocart.java:32)
at objectRepository.Addproductstocart.getDesktopsClick(Addproductstocart.java:32)
at objectRepository.Addproductstocart.getDesktopsClick(Addproductstocart.java:32)
at objectRepository.Addproductstocart.getDesktopsClick(Addproductstocart.java:32)
at objectRepository.Addproductstocart.getDesktopsClick(Addproductstocart.java:32)
at objectRepository.Addproductstocart.getDesktopsClick(Addproductstocart.java:32)
at objectRepository.Addproductstocart.getDesktopsClick(Addproductstocart.java:32)
at objectRepository.Addproductstocart.getDesktopsClick(Addproductstocart.java:32)
at objectRepository.Addproductstocart.getDesktopsClick(Addproductstocart.java:32)
at objectRepository.Addproductstocart.getDesktopsClick(Addproductstocart.java:32)
at objectRepository.Addproductstocart.getDesktopsClick(Addproductstocart.java:32)
at objectRepository.Addproductstocart.getDesktopsClick(Addproductstocart.java:32)
at objectRepository.Addproductstocart.getDesktopsClick(Addproductstocart.java:32)
at objectRepository.Addproductstocart.getDesktopsClick(Addproductstocart.java:32)
at objectRepository.Addproductstocart.getDesktopsClick(Addproductstocart.java:32)
at objectRepository.Addproductstocart.getDesktopsClick(Addproductstocart.java:32)
at objectRepository.Addproductstocart.getDesktopsClick(Addproductstocart.java:32)
at objectRepository.Addproductstocart.getDesktopsClick(Addproductstocart.java:32)
at objectRepository.Addproductstocart.getDesktopsClick(Addproductstocart.java:32)
at objectRepository.Addproductstocart.getDesktopsClick(Addproductstocart.java:32)
at objectRepository.Addproductstocart.getDesktopsClick(Addproductstocart.java:32)
at objectRepository.Addproductstocart.getDesktopsClick(Addproductstocart.java:32)
at objectRepository.Addproductstocart.getDesktopsClick(Addproductstocart.java:32)
at objectRepository.Addproductstocart.getDesktopsClick(Addproductstocart.java:32)
at objectRepository.Addproductstocart.getDesktopsClick(Addproductstocart.java:32)
at objectRepository.Addproductstocart.getDesktopsClick(Addproductstocart.java:32)
at objectRepository.Addproductstocart.getDesktopsClick(Addproductstocart.java:32)
at objectRepository.Addproductstocart.getDesktopsClick(Addproductstocart.java:32)
at objectRepository.Addproductstocart.getDesktopsClick(Addproductstocart.java:32)
at objectRepository.Addproductstocart.getDesktopsClick(Addproductstocart.java:32)
at objectRepository.Addproductstocart.getDesktopsClick(Addproductstocart.java:32)
]]>
    </error>
  </testcase> <!-- addDeskTopCart -->
  <system-out/>
</testsuite> <!-- login.DWS_DeskTop_05_Test -->
